Using pre-set license
Built from '2020.3/staging' branch; Version is '2020.3.11f1 (99c7afb366b3) revision 10078127'; Using compiler version '192528614'; Build Type 'Release'
OS: 'Windows 10 Home; OS build 22000.258; Version 2009; 64bit' Language: 'en' Physical Memory: 16299 MB
BatchMode: 1, IsHumanControllingUs: 0, StartBugReporterOnCrash: 0, Is64bit: 1, IsPro: 0

 COMMAND LINE ARGUMENTS:
C:\Program Files\Unity\Hub\Editor\2020.3.11f1\Editor\Unity.exe
-adb2
-batchMode
-noUpm
-name
AssetImportWorker1
-projectPath
C:/Users/faiza/GithubProjects/GAME_CW/Game
-logFile
Logs/AssetImportWorker1.log
-srvPort
50981
Successfully changed project path to: C:/Users/faiza/GithubProjects/GAME_CW/Game
C:/Users/faiza/GithubProjects/GAME_CW/Game
Using Asset Import Pipeline V2.
Refreshing native plugins compatible for Editor in 23.99 ms, found 2 plugins.
Preloading 0 native plugins for Editor in 0.00 ms.
Initialize engine version: 2020.3.11f1 (99c7afb366b3)
[Subsystems] Discovering subsystems at path C:/Program Files/Unity/Hub/Editor/2020.3.11f1/Editor/Data/Resources/UnitySubsystems
[Subsystems] Discovering subsystems at path C:/Users/faiza/GithubProjects/GAME_CW/Game/Assets
GfxDevice: creating device client; threaded=0
Direct3D:
    Version:  Direct3D 11.0 [level 11.1]
    Renderer: NVIDIA GeForce RTX 3070 (ID=0x2484)
    Vendor:   
    VRAM:     8043 MB
    Driver:   30.0.14.9649
Initialize mono
Mono path[0] = 'C:/Program Files/Unity/Hub/Editor/2020.3.11f1/Editor/Data/Managed'
Mono path[1] = 'C:/Program Files/Unity/Hub/Editor/2020.3.11f1/Editor/Data/MonoBleedingEdge/lib/mono/unityjit'
Mono config path = 'C:/Program Files/Unity/Hub/Editor/2020.3.11f1/Editor/Data/MonoBleedingEdge/etc'
Using monoOptions --debugger-agent=transport=dt_socket,embedding=1,server=y,suspend=n,address=127.0.0.1:56540
Begin MonoManager ReloadAssembly
Registering precompiled unity dll's ...
Register platform support module: C:/Program Files/Unity/Hub/Editor/2020.3.11f1/Editor/Data/PlaybackEngines/WebGLSupport/UnityEditor.WebGL.Extensions.dll
Register platform support module: C:/Program Files/Unity/Hub/Editor/2020.3.11f1/Editor/Data/PlaybackEngines/WindowsStandaloneSupport/UnityEditor.WindowsStandalone.Extensions.dll
Registered in 0.001566 seconds.
Native extension for WindowsStandalone target not found
Native extension for WebGL target not found
Refreshing native plugins compatible for Editor in 24.35 ms, found 2 plugins.
Preloading 0 native plugins for Editor in 0.00 ms.
Mono: successfully reloaded assembly
- Completed reload, in  1.398 seconds
Platform modules already initialized, skipping
Registering precompiled user dll's ...
Registered in 0.002330 seconds.
Begin MonoManager ReloadAssembly
Native extension for WindowsStandalone target not found
Native extension for WebGL target not found
Refreshing native plugins compatible for Editor in 0.33 ms, found 2 plugins.
Preloading 0 native plugins for Editor in 0.00 ms.
Mono: successfully reloaded assembly
- Completed reload, in  0.800 seconds
Platform modules already initialized, skipping
========================================================================
Worker process is ready to serve import requests
Launched and connected shader compiler UnityShaderCompiler.exe after 0.03 seconds
Refreshing native plugins compatible for Editor in 0.27 ms, found 2 plugins.
Preloading 0 native plugins for Editor in 0.00 ms.
Unloading 1452 Unused Serialized files (Serialized files now loaded: 0)
System memory in use before: 68.5 MB.
System memory in use after: 68.5 MB.

Unloading 18 unused Assets to reduce memory usage. Loaded Objects now: 1888.
Total: 1.617600 ms (FindLiveObjects: 0.157800 ms CreateObjectMapping: 0.052000 ms MarkObjects: 1.355800 ms  DeleteObjects: 0.051100 ms)

========================================================================
Received Import Request.
  path: Assets/Sprites/futureman_105.controller
  artifactKey: Guid(783fcf710153be74383a04116de64e57) Importer(815301076,1909f56bfc062723c751e8b465ee728b)
Start importing Assets/Sprites/futureman_105.controller using Guid(783fcf710153be74383a04116de64e57) Importer(815301076,1909f56bfc062723c751e8b465ee728b)  -> (artifact id: '1d49dda2599aa5ad3f4c5056a77b710c') in 0.026426 seconds
  Import took 0.028184 seconds .

========================================================================
Received Prepare
Registering precompiled user dll's ...
Registered in 0.003772 seconds.
Begin MonoManager ReloadAssembly
Native extension for WindowsStandalone target not found
Native extension for WebGL target not found
Refreshing native plugins compatible for Editor in 0.29 ms, found 2 plugins.
Preloading 0 native plugins for Editor in 0.00 ms.
Mono: successfully reloaded assembly
- Completed reload, in  0.750 seconds
Platform modules already initialized, skipping
Refreshing native plugins compatible for Editor in 0.26 ms, found 2 plugins.
Preloading 0 native plugins for Editor in 0.00 ms.
Unloading 1433 Unused Serialized files (Serialized files now loaded: 0)
System memory in use before: 67.0 MB.
System memory in use after: 67.1 MB.

Unloading 13 unused Assets to reduce memory usage. Loaded Objects now: 1891.
Total: 1.435200 ms (FindLiveObjects: 0.133900 ms CreateObjectMapping: 0.040100 ms MarkObjects: 1.248100 ms  DeleteObjects: 0.012100 ms)

========================================================================
Received Import Request.
  Time since last request: 1280.335075 seconds.
  path: Assets/Prefabs/Player.prefab
  artifactKey: Guid(a7d9afeaae58e3f4c82ccffe4653fd4b) Importer(815301076,1909f56bfc062723c751e8b465ee728b)
Start importing Assets/Prefabs/Player.prefab using Guid(a7d9afeaae58e3f4c82ccffe4653fd4b) Importer(815301076,1909f56bfc062723c751e8b465ee728b)  -> (artifact id: '5385d3b7c154484cc493c97344225911') in 0.085945 seconds
  Import took 0.088843 seconds .

========================================================================
Received Import Request.
  Time since last request: 9.783964 seconds.
  path: Assets/Prefabs/upgradeAttack.prefab
  artifactKey: Guid(84bc0e57935255f4ba58db6e537dc729) Importer(815301076,1909f56bfc062723c751e8b465ee728b)
Start importing Assets/Prefabs/upgradeAttack.prefab using Guid(84bc0e57935255f4ba58db6e537dc729) Importer(815301076,1909f56bfc062723c751e8b465ee728b)  -> (artifact id: '445ad37bc6ff22eedbcce1bb30dc3d38') in 0.013822 seconds
  Import took 0.016366 seconds .

========================================================================
Received Import Request.
  Time since last request: 0.003775 seconds.
  path: Assets/Prefabs/upgradeAttack.prefab
  artifactKey: Guid(84bc0e57935255f4ba58db6e537dc729) Importer(815301076,1909f56bfc062723c751e8b465ee728b)
Start importing Assets/Prefabs/upgradeAttack.prefab using Guid(84bc0e57935255f4ba58db6e537dc729) Importer(815301076,1909f56bfc062723c751e8b465ee728b)  -> (artifact id: '445ad37bc6ff22eedbcce1bb30dc3d38') in 0.010760 seconds
  Import took 0.013031 seconds .

========================================================================
Received Prepare
Registering precompiled user dll's ...
Registered in 0.002345 seconds.
Begin MonoManager ReloadAssembly
Native extension for WindowsStandalone target not found
Native extension for WebGL target not found
Refreshing native plugins compatible for Editor in 0.31 ms, found 2 plugins.
Preloading 0 native plugins for Editor in 0.00 ms.
Mono: successfully reloaded assembly
- Completed reload, in  0.775 seconds
Platform modules already initialized, skipping
Refreshing native plugins compatible for Editor in 0.35 ms, found 2 plugins.
Preloading 0 native plugins for Editor in 0.00 ms.
Unloading 1433 Unused Serialized files (Serialized files now loaded: 0)
System memory in use before: 70.2 MB.
System memory in use after: 70.3 MB.

Unloading 13 unused Assets to reduce memory usage. Loaded Objects now: 1901.
Total: 2.240100 ms (FindLiveObjects: 0.192400 ms CreateObjectMapping: 0.062500 ms MarkObjects: 1.965000 ms  DeleteObjects: 0.018500 ms)

========================================================================
Received Prepare
Registering precompiled user dll's ...
Registered in 0.002253 seconds.
Begin MonoManager ReloadAssembly
Native extension for WindowsStandalone target not found
Native extension for WebGL target not found
Refreshing native plugins compatible for Editor in 0.52 ms, found 2 plugins.
Preloading 0 native plugins for Editor in 0.00 ms.
Mono: successfully reloaded assembly
- Completed reload, in  0.765 seconds
Platform modules already initialized, skipping
Refreshing native plugins compatible for Editor in 0.28 ms, found 2 plugins.
Preloading 0 native plugins for Editor in 0.00 ms.
Unloading 1433 Unused Serialized files (Serialized files now loaded: 0)
System memory in use before: 70.2 MB.
System memory in use after: 70.3 MB.

Unloading 13 unused Assets to reduce memory usage. Loaded Objects now: 1904.
Total: 1.588200 ms (FindLiveObjects: 0.153600 ms CreateObjectMapping: 0.060200 ms MarkObjects: 1.360600 ms  DeleteObjects: 0.012600 ms)

========================================================================
Received Prepare
Registering precompiled user dll's ...
Registered in 0.002297 seconds.
Begin MonoManager ReloadAssembly
Native extension for WindowsStandalone target not found
Native extension for WebGL target not found
Refreshing native plugins compatible for Editor in 0.29 ms, found 2 plugins.
Preloading 0 native plugins for Editor in 0.00 ms.
Mono: successfully reloaded assembly
- Completed reload, in  0.750 seconds
Platform modules already initialized, skipping
Refreshing native plugins compatible for Editor in 0.31 ms, found 2 plugins.
Preloading 0 native plugins for Editor in 0.00 ms.
Unloading 1433 Unused Serialized files (Serialized files now loaded: 0)
System memory in use before: 70.2 MB.
System memory in use after: 70.3 MB.

Unloading 13 unused Assets to reduce memory usage. Loaded Objects now: 1907.
Total: 1.668400 ms (FindLiveObjects: 0.186600 ms CreateObjectMapping: 0.053700 ms MarkObjects: 1.411900 ms  DeleteObjects: 0.015300 ms)

========================================================================
Received Prepare
Registering precompiled user dll's ...
Registered in 0.002239 seconds.
Begin MonoManager ReloadAssembly
Native extension for WindowsStandalone target not found
Native extension for WebGL target not found
Refreshing native plugins compatible for Editor in 0.31 ms, found 2 plugins.
Preloading 0 native plugins for Editor in 0.00 ms.
Mono: successfully reloaded assembly
- Completed reload, in  0.730 seconds
Platform modules already initialized, skipping
Refreshing native plugins compatible for Editor in 0.29 ms, found 2 plugins.
Preloading 0 native plugins for Editor in 0.00 ms.
Unloading 1433 Unused Serialized files (Serialized files now loaded: 0)
System memory in use before: 70.2 MB.
System memory in use after: 70.3 MB.

Unloading 13 unused Assets to reduce memory usage. Loaded Objects now: 1910.
Total: 1.526600 ms (FindLiveObjects: 0.130500 ms CreateObjectMapping: 0.039200 ms MarkObjects: 1.344600 ms  DeleteObjects: 0.011500 ms)

========================================================================
Received Import Request.
  Time since last request: 233.521054 seconds.
  path: Assets/Prefabs/upgradeAttack.prefab
  artifactKey: Guid(84bc0e57935255f4ba58db6e537dc729) Importer(815301076,1909f56bfc062723c751e8b465ee728b)
Start importing Assets/Prefabs/upgradeAttack.prefab using Guid(84bc0e57935255f4ba58db6e537dc729) Importer(815301076,1909f56bfc062723c751e8b465ee728b)  -> (artifact id: '250e1a851cd809cebbc6542a1491226e') in 0.049356 seconds
  Import took 0.051560 seconds .

========================================================================
Received Import Request.
  Time since last request: 4.095339 seconds.
  path: Assets/Prefabs/upgradeAttack.prefab
  artifactKey: Guid(84bc0e57935255f4ba58db6e537dc729) Importer(815301076,1909f56bfc062723c751e8b465ee728b)
Start importing Assets/Prefabs/upgradeAttack.prefab using Guid(84bc0e57935255f4ba58db6e537dc729) Importer(815301076,1909f56bfc062723c751e8b465ee728b)  -> (artifact id: '7f37ccba0c5f21e26434de3c483a1c2d') in 0.013196 seconds
  Import took 0.015873 seconds .

========================================================================
Received Import Request.
  Time since last request: 23.718398 seconds.
  path: Assets/Prefabs/upgradeAttack.prefab
  artifactKey: Guid(84bc0e57935255f4ba58db6e537dc729) Importer(815301076,1909f56bfc062723c751e8b465ee728b)
Start importing Assets/Prefabs/upgradeAttack.prefab using Guid(84bc0e57935255f4ba58db6e537dc729) Importer(815301076,1909f56bfc062723c751e8b465ee728b)  -> (artifact id: 'a29ccc263c651c6f9bf85c8cd7271fd8') in 0.014799 seconds
  Import took 0.018343 seconds .

========================================================================
Received Import Request.
  Time since last request: 3.036067 seconds.
  path: Assets/Prefabs/upgradeAttack.prefab
  artifactKey: Guid(84bc0e57935255f4ba58db6e537dc729) Importer(815301076,1909f56bfc062723c751e8b465ee728b)
Start importing Assets/Prefabs/upgradeAttack.prefab using Guid(84bc0e57935255f4ba58db6e537dc729) Importer(815301076,1909f56bfc062723c751e8b465ee728b)  -> (artifact id: '0c3b6b23ed00ef544748c967b0af5284') in 0.015682 seconds
  Import took 0.018279 seconds .

========================================================================
Received Import Request.
  Time since last request: 2.931128 seconds.
  path: Assets/Prefabs/upgradeAttack.prefab
  artifactKey: Guid(84bc0e57935255f4ba58db6e537dc729) Importer(815301076,1909f56bfc062723c751e8b465ee728b)
Start importing Assets/Prefabs/upgradeAttack.prefab using Guid(84bc0e57935255f4ba58db6e537dc729) Importer(815301076,1909f56bfc062723c751e8b465ee728b)  -> (artifact id: '41a2564f2deac1344e74e9d2e42a3d87') in 0.011551 seconds
  Import took 0.013843 seconds .

========================================================================
Received Prepare
Registering precompiled user dll's ...
Registered in 0.002415 seconds.
Begin MonoManager ReloadAssembly
Native extension for WindowsStandalone target not found
Native extension for WebGL target not found
Refreshing native plugins compatible for Editor in 0.28 ms, found 2 plugins.
Preloading 0 native plugins for Editor in 0.00 ms.
Mono: successfully reloaded assembly
- Completed reload, in  0.761 seconds
Platform modules already initialized, skipping
Refreshing native plugins compatible for Editor in 0.27 ms, found 2 plugins.
Preloading 0 native plugins for Editor in 0.00 ms.
Unloading 1433 Unused Serialized files (Serialized files now loaded: 0)
System memory in use before: 70.3 MB.
System memory in use after: 70.4 MB.

Unloading 13 unused Assets to reduce memory usage. Loaded Objects now: 1914.
Total: 1.669900 ms (FindLiveObjects: 0.150700 ms CreateObjectMapping: 0.049600 ms MarkObjects: 1.455900 ms  DeleteObjects: 0.012600 ms)

========================================================================
Received Import Request.
  Time since last request: 16.854526 seconds.
  path: Assets/Prefabs/upgradeAttack.prefab
  artifactKey: Guid(84bc0e57935255f4ba58db6e537dc729) Importer(815301076,1909f56bfc062723c751e8b465ee728b)
Start importing Assets/Prefabs/upgradeAttack.prefab using Guid(84bc0e57935255f4ba58db6e537dc729) Importer(815301076,1909f56bfc062723c751e8b465ee728b)  -> (artifact id: 'f14eaad448b02e31abb1f54c3f463bee') in 0.049430 seconds
  Import took 0.051896 seconds .

========================================================================
Received Prepare
Registering precompiled user dll's ...
Registered in 0.002406 seconds.
Begin MonoManager ReloadAssembly
Native extension for WindowsStandalone target not found
Native extension for WebGL target not found
Refreshing native plugins compatible for Editor in 0.32 ms, found 2 plugins.
Preloading 0 native plugins for Editor in 0.00 ms.
Mono: successfully reloaded assembly
- Completed reload, in  0.750 seconds
Platform modules already initialized, skipping
Refreshing native plugins compatible for Editor in 0.29 ms, found 2 plugins.
Preloading 0 native plugins for Editor in 0.00 ms.
Unloading 1433 Unused Serialized files (Serialized files now loaded: 0)
System memory in use before: 70.4 MB.
System memory in use after: 70.5 MB.

Unloading 13 unused Assets to reduce memory usage. Loaded Objects now: 1918.
Total: 1.384400 ms (FindLiveObjects: 0.119300 ms CreateObjectMapping: 0.037800 ms MarkObjects: 1.214700 ms  DeleteObjects: 0.011500 ms)

========================================================================
Received Import Request.
  Time since last request: 34.195971 seconds.
  path: Assets/Prefabs/upgradeAttack.prefab
  artifactKey: Guid(84bc0e57935255f4ba58db6e537dc729) Importer(815301076,1909f56bfc062723c751e8b465ee728b)
Start importing Assets/Prefabs/upgradeAttack.prefab using Guid(84bc0e57935255f4ba58db6e537dc729) Importer(815301076,1909f56bfc062723c751e8b465ee728b)  -> (artifact id: '1954c959e7396de4a31240adb7b2fd90') in 0.050960 seconds
  Import took 0.053534 seconds .

========================================================================
Received Import Request.
  Time since last request: 0.110996 seconds.
  path: Assets/Prefabs/upgradeAttack.prefab
  artifactKey: Guid(84bc0e57935255f4ba58db6e537dc729) Importer(815301076,1909f56bfc062723c751e8b465ee728b)
Start importing Assets/Prefabs/upgradeAttack.prefab using Guid(84bc0e57935255f4ba58db6e537dc729) Importer(815301076,1909f56bfc062723c751e8b465ee728b)  -> (artifact id: '1954c959e7396de4a31240adb7b2fd90') in 0.007521 seconds
  Import took 0.009749 seconds .

========================================================================
Received Prepare
Registering precompiled user dll's ...
Registered in 0.003563 seconds.
Begin MonoManager ReloadAssembly
Native extension for WindowsStandalone target not found
Native extension for WebGL target not found
Refreshing native plugins compatible for Editor in 0.28 ms, found 2 plugins.
Preloading 0 native plugins for Editor in 0.00 ms.
Mono: successfully reloaded assembly
- Completed reload, in  0.754 seconds
Platform modules already initialized, skipping
Refreshing native plugins compatible for Editor in 0.27 ms, found 2 plugins.
Preloading 0 native plugins for Editor in 0.00 ms.
Unloading 1433 Unused Serialized files (Serialized files now loaded: 0)
System memory in use before: 70.4 MB.
System memory in use after: 70.5 MB.

Unloading 13 unused Assets to reduce memory usage. Loaded Objects now: 1922.
Total: 1.470200 ms (FindLiveObjects: 0.132100 ms CreateObjectMapping: 0.042900 ms MarkObjects: 1.279300 ms  DeleteObjects: 0.015000 ms)

========================================================================
Received Prepare
Registering precompiled user dll's ...
Registered in 0.002329 seconds.
Begin MonoManager ReloadAssembly
Native extension for WindowsStandalone target not found
Native extension for WebGL target not found
Refreshing native plugins compatible for Editor in 0.43 ms, found 2 plugins.
Preloading 0 native plugins for Editor in 0.00 ms.
Mono: successfully reloaded assembly
- Completed reload, in  0.766 seconds
Platform modules already initialized, skipping
Refreshing native plugins compatible for Editor in 0.27 ms, found 2 plugins.
Preloading 0 native plugins for Editor in 0.00 ms.
Unloading 1433 Unused Serialized files (Serialized files now loaded: 0)
System memory in use before: 70.4 MB.
System memory in use after: 70.5 MB.

Unloading 13 unused Assets to reduce memory usage. Loaded Objects now: 1925.
Total: 1.469900 ms (FindLiveObjects: 0.141800 ms CreateObjectMapping: 0.046200 ms MarkObjects: 1.265200 ms  DeleteObjects: 0.016000 ms)

========================================================================
Received Prepare
Registering precompiled user dll's ...
Registered in 0.002221 seconds.
Begin MonoManager ReloadAssembly
Native extension for WindowsStandalone target not found
Native extension for WebGL target not found
Refreshing native plugins compatible for Editor in 0.34 ms, found 2 plugins.
Preloading 0 native plugins for Editor in 0.00 ms.
Mono: successfully reloaded assembly
- Completed reload, in  0.756 seconds
Platform modules already initialized, skipping
Refreshing native plugins compatible for Editor in 0.28 ms, found 2 plugins.
Preloading 0 native plugins for Editor in 0.00 ms.
Unloading 1433 Unused Serialized files (Serialized files now loaded: 0)
System memory in use before: 70.4 MB.
System memory in use after: 70.5 MB.

Unloading 13 unused Assets to reduce memory usage. Loaded Objects now: 1928.
Total: 1.676500 ms (FindLiveObjects: 0.203100 ms CreateObjectMapping: 0.062100 ms MarkObjects: 1.396400 ms  DeleteObjects: 0.014000 ms)

========================================================================
Received Import Request.
  Time since last request: 115.450982 seconds.
  path: Assets/Prefabs/explosionPS.prefab
  artifactKey: Guid(7db88520e6a3c2b4d98cac12b138e213) Importer(815301076,1909f56bfc062723c751e8b465ee728b)
Start importing Assets/Prefabs/explosionPS.prefab using Guid(7db88520e6a3c2b4d98cac12b138e213) Importer(815301076,1909f56bfc062723c751e8b465ee728b)  -> (artifact id: 'b3483785136a8237187b72ea6b0862a9') in 0.027018 seconds
  Import took 0.029508 seconds .

========================================================================
Received Import Request.
  Time since last request: 0.116793 seconds.
  path: Assets/Prefabs/explosionPS.prefab
  artifactKey: Guid(7db88520e6a3c2b4d98cac12b138e213) Importer(815301076,1909f56bfc062723c751e8b465ee728b)
Start importing Assets/Prefabs/explosionPS.prefab using Guid(7db88520e6a3c2b4d98cac12b138e213) Importer(815301076,1909f56bfc062723c751e8b465ee728b)  -> (artifact id: 'b3483785136a8237187b72ea6b0862a9') in 0.003515 seconds
  Import took 0.006772 seconds .

========================================================================
Received Prepare
Registering precompiled user dll's ...
Registered in 0.002262 seconds.
Begin MonoManager ReloadAssembly
Native extension for WindowsStandalone target not found
Native extension for WebGL target not found
Refreshing native plugins compatible for Editor in 0.30 ms, found 2 plugins.
Preloading 0 native plugins for Editor in 0.00 ms.
Mono: successfully reloaded assembly
- Completed reload, in  0.737 seconds
Platform modules already initialized, skipping
Refreshing native plugins compatible for Editor in 0.27 ms, found 2 plugins.
Preloading 0 native plugins for Editor in 0.00 ms.
Unloading 1433 Unused Serialized files (Serialized files now loaded: 0)
System memory in use before: 70.4 MB.
System memory in use after: 70.5 MB.

Unloading 13 unused Assets to reduce memory usage. Loaded Objects now: 1931.
Total: 1.602300 ms (FindLiveObjects: 0.142400 ms CreateObjectMapping: 0.042800 ms MarkObjects: 1.402600 ms  DeleteObjects: 0.013300 ms)

========================================================================
Received Prepare
Registering precompiled user dll's ...
Registered in 0.002245 seconds.
Begin MonoManager ReloadAssembly
Native extension for WindowsStandalone target not found
Native extension for WebGL target not found
Refreshing native plugins compatible for Editor in 0.29 ms, found 2 plugins.
Preloading 0 native plugins for Editor in 0.00 ms.
Mono: successfully reloaded assembly
- Completed reload, in  0.804 seconds
Platform modules already initialized, skipping
Refreshing native plugins compatible for Editor in 0.30 ms, found 2 plugins.
Preloading 0 native plugins for Editor in 0.00 ms.
Unloading 1433 Unused Serialized files (Serialized files now loaded: 0)
System memory in use before: 70.4 MB.
System memory in use after: 70.5 MB.

Unloading 13 unused Assets to reduce memory usage. Loaded Objects now: 1934.
Total: 1.508300 ms (FindLiveObjects: 0.154600 ms CreateObjectMapping: 0.058700 ms MarkObjects: 1.281900 ms  DeleteObjects: 0.012100 ms)

========================================================================
Received Import Request.
  Time since last request: 264.189206 seconds.
  path: Assets/Prefabs/plasmaBall.prefab
  artifactKey: Guid(3493b59db354ed2438bf219e19b7dc5f) Importer(815301076,1909f56bfc062723c751e8b465ee728b)
Start importing Assets/Prefabs/plasmaBall.prefab using Guid(3493b59db354ed2438bf219e19b7dc5f) Importer(815301076,1909f56bfc062723c751e8b465ee728b)  -> (artifact id: '6a041f7e7b217f6fe430d1f98e87c3be') in 0.058741 seconds
  Import took 0.061160 seconds .

========================================================================
Received Import Request.
  Time since last request: 22.041972 seconds.
  path: Assets/Scripts/Destroyer.cs
  artifactKey: Guid(b2b8cd8766ab71148b3dc787a035e2df) Importer(815301076,1909f56bfc062723c751e8b465ee728b)
Start importing Assets/Scripts/Destroyer.cs using Guid(b2b8cd8766ab71148b3dc787a035e2df) Importer(815301076,1909f56bfc062723c751e8b465ee728b)  -> (artifact id: '168b1f82d312aae7d430b990d9716d1b') in 0.012035 seconds
  Import took 0.014071 seconds .

========================================================================
Received Import Request.
  Time since last request: 0.001025 seconds.
  path: Assets/Scripts/Destroyer.cs
  artifactKey: Guid(b2b8cd8766ab71148b3dc787a035e2df) Importer(815301076,1909f56bfc062723c751e8b465ee728b)
Start importing Assets/Scripts/Destroyer.cs using Guid(b2b8cd8766ab71148b3dc787a035e2df) Importer(815301076,1909f56bfc062723c751e8b465ee728b)  -> (artifact id: '168b1f82d312aae7d430b990d9716d1b') in 0.001853 seconds
  Import took 0.003754 seconds .

========================================================================
Received Prepare
Registering precompiled user dll's ...
Registered in 0.002315 seconds.
Begin MonoManager ReloadAssembly
Native extension for WindowsStandalone target not found
Native extension for WebGL target not found
Refreshing native plugins compatible for Editor in 0.28 ms, found 2 plugins.
Preloading 0 native plugins for Editor in 0.00 ms.
Mono: successfully reloaded assembly
- Completed reload, in  0.732 seconds
Platform modules already initialized, skipping
Refreshing native plugins compatible for Editor in 0.30 ms, found 2 plugins.
Preloading 0 native plugins for Editor in 0.00 ms.
Unloading 1433 Unused Serialized files (Serialized files now loaded: 0)
System memory in use before: 70.4 MB.
System memory in use after: 70.5 MB.

Unloading 13 unused Assets to reduce memory usage. Loaded Objects now: 1938.
Total: 1.412000 ms (FindLiveObjects: 0.128400 ms CreateObjectMapping: 0.038800 ms MarkObjects: 1.232400 ms  DeleteObjects: 0.011600 ms)

========================================================================
Received Import Request.
  Time since last request: 11381.372935 seconds.
  path: Assets/Prefabs/plasmaBall.prefab
  artifactKey: Guid(3493b59db354ed2438bf219e19b7dc5f) Importer(815301076,1909f56bfc062723c751e8b465ee728b)
Start importing Assets/Prefabs/plasmaBall.prefab using Guid(3493b59db354ed2438bf219e19b7dc5f) Importer(815301076,1909f56bfc062723c751e8b465ee728b)  -> (artifact id: '1d393c33f6cc92b8917d8732c45eefb1') in 0.242891 seconds
  Import took 0.339044 seconds .

========================================================================
Received Import Request.
  Time since last request: 1.428829 seconds.
  path: Assets/Prefabs/MovementBoost.prefab
  artifactKey: Guid(e192c0a9e2d76c641a0a93dc58072cef) Importer(815301076,1909f56bfc062723c751e8b465ee728b)
Start importing Assets/Prefabs/MovementBoost.prefab using Guid(e192c0a9e2d76c641a0a93dc58072cef) Importer(815301076,1909f56bfc062723c751e8b465ee728b)  -> (artifact id: '88c42d92b1963992ce7b37cd4734c8b3') in 0.013510 seconds
  Import took 0.016056 seconds .

========================================================================
Received Import Request.
  Time since last request: 0.007563 seconds.
  path: Assets/Prefabs/MovementBoost.prefab
  artifactKey: Guid(e192c0a9e2d76c641a0a93dc58072cef) Importer(815301076,1909f56bfc062723c751e8b465ee728b)
Start importing Assets/Prefabs/MovementBoost.prefab using Guid(e192c0a9e2d76c641a0a93dc58072cef) Importer(815301076,1909f56bfc062723c751e8b465ee728b)  -> (artifact id: '88c42d92b1963992ce7b37cd4734c8b3') in 0.006820 seconds
  Import took 0.009467 seconds .

========================================================================
Received Import Request.
  Time since last request: 2.202955 seconds.
  path: Assets/Prefabs/attackDamage.prefab
  artifactKey: Guid(bf4e04ce2b4b86940a8e9065301eca12) Importer(815301076,1909f56bfc062723c751e8b465ee728b)
Start importing Assets/Prefabs/attackDamage.prefab using Guid(bf4e04ce2b4b86940a8e9065301eca12) Importer(815301076,1909f56bfc062723c751e8b465ee728b)  -> (artifact id: '5883f1a46fefa8203ece63ab0ab52f9f') in 0.013847 seconds
  Import took 0.016664 seconds .

========================================================================
Received Import Request.
  Time since last request: 0.005333 seconds.
  path: Assets/Prefabs/attackDamage.prefab
  artifactKey: Guid(bf4e04ce2b4b86940a8e9065301eca12) Importer(815301076,1909f56bfc062723c751e8b465ee728b)
Start importing Assets/Prefabs/attackDamage.prefab using Guid(bf4e04ce2b4b86940a8e9065301eca12) Importer(815301076,1909f56bfc062723c751e8b465ee728b)  -> (artifact id: '5883f1a46fefa8203ece63ab0ab52f9f') in 0.006231 seconds
  Import took 0.008246 seconds .

========================================================================
Received Import Request.
  Time since last request: 1.536474 seconds.
  path: Assets/Prefabs/atkSpeed.prefab
  artifactKey: Guid(a1897096b0d32c54d9d86bb1604a9a1c) Importer(815301076,1909f56bfc062723c751e8b465ee728b)
Start importing Assets/Prefabs/atkSpeed.prefab using Guid(a1897096b0d32c54d9d86bb1604a9a1c) Importer(815301076,1909f56bfc062723c751e8b465ee728b)  -> (artifact id: '734cd248f79f6c1a491f04899f304753') in 0.013359 seconds
  Import took 0.015860 seconds .

========================================================================
Received Import Request.
  Time since last request: 0.004031 seconds.
  path: Assets/Prefabs/atkSpeed.prefab
  artifactKey: Guid(a1897096b0d32c54d9d86bb1604a9a1c) Importer(815301076,1909f56bfc062723c751e8b465ee728b)
Start importing Assets/Prefabs/atkSpeed.prefab using Guid(a1897096b0d32c54d9d86bb1604a9a1c) Importer(815301076,1909f56bfc062723c751e8b465ee728b)  -> (artifact id: '734cd248f79f6c1a491f04899f304753') in 0.007644 seconds
  Import took 0.009631 seconds .

========================================================================
Received Import Request.
  Time since last request: 102.953367 seconds.
  path: Assets/Scenes/Level_2.unity
  artifactKey: Guid(c1bc5974fa7e6634893460b89f031ad2) Importer(815301076,1909f56bfc062723c751e8b465ee728b)
Start importing Assets/Scenes/Level_2.unity using Guid(c1bc5974fa7e6634893460b89f031ad2) Importer(815301076,1909f56bfc062723c751e8b465ee728b)  -> (artifact id: 'ccea9bb2fbf654e92d0bc679ce32c4ea') in 0.007005 seconds
  Import took 0.009886 seconds .

========================================================================
Received Prepare
Registering precompiled user dll's ...
Registered in 0.004102 seconds.
Begin MonoManager ReloadAssembly
Native extension for WindowsStandalone target not found
Native extension for WebGL target not found
Refreshing native plugins compatible for Editor in 0.30 ms, found 2 plugins.
Preloading 0 native plugins for Editor in 0.00 ms.
Mono: successfully reloaded assembly
- Completed reload, in  0.814 seconds
Platform modules already initialized, skipping
Refreshing native plugins compatible for Editor in 0.31 ms, found 2 plugins.
Preloading 0 native plugins for Editor in 0.00 ms.
Unloading 1433 Unused Serialized files (Serialized files now loaded: 0)
System memory in use before: 70.4 MB.
System memory in use after: 70.5 MB.

Unloading 13 unused Assets to reduce memory usage. Loaded Objects now: 1942.
Total: 1.474500 ms (FindLiveObjects: 0.126800 ms CreateObjectMapping: 0.038800 ms MarkObjects: 1.293800 ms  DeleteObjects: 0.014300 ms)

========================================================================
Received Prepare
Registering precompiled user dll's ...
Registered in 0.002419 seconds.
Begin MonoManager ReloadAssembly
Native extension for WindowsStandalone target not found
Native extension for WebGL target not found
Refreshing native plugins compatible for Editor in 0.29 ms, found 2 plugins.
Preloading 0 native plugins for Editor in 0.00 ms.
Mono: successfully reloaded assembly
- Completed reload, in  0.734 seconds
Platform modules already initialized, skipping
Refreshing native plugins compatible for Editor in 0.29 ms, found 2 plugins.
Preloading 0 native plugins for Editor in 0.00 ms.
Unloading 1433 Unused Serialized files (Serialized files now loaded: 0)
System memory in use before: 70.4 MB.
System memory in use after: 70.5 MB.

Unloading 13 unused Assets to reduce memory usage. Loaded Objects now: 1945.
Total: 1.420800 ms (FindLiveObjects: 0.151800 ms CreateObjectMapping: 0.045200 ms MarkObjects: 1.212300 ms  DeleteObjects: 0.010900 ms)

========================================================================
Received Prepare
Registering precompiled user dll's ...
Registered in 0.002311 seconds.
Begin MonoManager ReloadAssembly
Native extension for WindowsStandalone target not found
Native extension for WebGL target not found
Refreshing native plugins compatible for Editor in 0.28 ms, found 2 plugins.
Preloading 0 native plugins for Editor in 0.00 ms.
Mono: successfully reloaded assembly
- Completed reload, in  0.769 seconds
Platform modules already initialized, skipping
Refreshing native plugins compatible for Editor in 0.27 ms, found 2 plugins.
Preloading 0 native plugins for Editor in 0.00 ms.
Unloading 1433 Unused Serialized files (Serialized files now loaded: 0)
System memory in use before: 70.4 MB.
System memory in use after: 70.5 MB.

Unloading 13 unused Assets to reduce memory usage. Loaded Objects now: 1948.
Total: 1.524200 ms (FindLiveObjects: 0.174900 ms CreateObjectMapping: 0.055300 ms MarkObjects: 1.281100 ms  DeleteObjects: 0.011700 ms)

========================================================================
Received Prepare
Registering precompiled user dll's ...
Registered in 0.002367 seconds.
Begin MonoManager ReloadAssembly
Native extension for WindowsStandalone target not found
Native extension for WebGL target not found
Refreshing native plugins compatible for Editor in 0.31 ms, found 2 plugins.
Preloading 0 native plugins for Editor in 0.00 ms.
Mono: successfully reloaded assembly
- Completed reload, in  0.746 seconds
Platform modules already initialized, skipping
Refreshing native plugins compatible for Editor in 0.27 ms, found 2 plugins.
Preloading 0 native plugins for Editor in 0.00 ms.
Unloading 1433 Unused Serialized files (Serialized files now loaded: 0)
System memory in use before: 70.4 MB.
System memory in use after: 70.5 MB.

Unloading 13 unused Assets to reduce memory usage. Loaded Objects now: 1951.
Total: 1.484600 ms (FindLiveObjects: 0.144000 ms CreateObjectMapping: 0.044900 ms MarkObjects: 1.283200 ms  DeleteObjects: 0.011600 ms)

========================================================================
Received Prepare
Registering precompiled user dll's ...
Registered in 0.002332 seconds.
Begin MonoManager ReloadAssembly
Native extension for WindowsStandalone target not found
Native extension for WebGL target not found
Refreshing native plugins compatible for Editor in 0.31 ms, found 2 plugins.
Preloading 0 native plugins for Editor in 0.00 ms.
Mono: successfully reloaded assembly
- Completed reload, in  0.738 seconds
Platform modules already initialized, skipping
Refreshing native plugins compatible for Editor in 0.27 ms, found 2 plugins.
Preloading 0 native plugins for Editor in 0.00 ms.
Unloading 1433 Unused Serialized files (Serialized files now loaded: 0)
System memory in use before: 70.4 MB.
System memory in use after: 70.5 MB.

Unloading 13 unused Assets to reduce memory usage. Loaded Objects now: 1954.
Total: 1.414500 ms (FindLiveObjects: 0.131600 ms CreateObjectMapping: 0.039100 ms MarkObjects: 1.231900 ms  DeleteObjects: 0.011000 ms)

========================================================================
Received Prepare
Registering precompiled user dll's ...
Registered in 0.002336 seconds.
Begin MonoManager ReloadAssembly
Native extension for WindowsStandalone target not found
Native extension for WebGL target not found
Refreshing native plugins compatible for Editor in 0.28 ms, found 2 plugins.
Preloading 0 native plugins for Editor in 0.00 ms.
Mono: successfully reloaded assembly
- Completed reload, in  0.737 seconds
Platform modules already initialized, skipping
Refreshing native plugins compatible for Editor in 0.27 ms, found 2 plugins.
Preloading 0 native plugins for Editor in 0.00 ms.
Unloading 1433 Unused Serialized files (Serialized files now loaded: 0)
System memory in use before: 70.4 MB.
System memory in use after: 70.5 MB.

Unloading 13 unused Assets to reduce memory usage. Loaded Objects now: 1957.
Total: 1.502100 ms (FindLiveObjects: 0.140000 ms CreateObjectMapping: 0.041900 ms MarkObjects: 1.307700 ms  DeleteObjects: 0.011700 ms)

========================================================================
Received Prepare
Registering precompiled user dll's ...
Registered in 0.002343 seconds.
Begin MonoManager ReloadAssembly
Native extension for WindowsStandalone target not found
Native extension for WebGL target not found
Refreshing native plugins compatible for Editor in 0.28 ms, found 2 plugins.
Preloading 0 native plugins for Editor in 0.00 ms.
Mono: successfully reloaded assembly
- Completed reload, in  0.750 seconds
Platform modules already initialized, skipping
Refreshing native plugins compatible for Editor in 0.29 ms, found 2 plugins.
Preloading 0 native plugins for Editor in 0.00 ms.
Unloading 1433 Unused Serialized files (Serialized files now loaded: 0)
System memory in use before: 70.4 MB.
System memory in use after: 70.6 MB.

Unloading 13 unused Assets to reduce memory usage. Loaded Objects now: 1960.
Total: 1.431400 ms (FindLiveObjects: 0.132100 ms CreateObjectMapping: 0.039200 ms MarkObjects: 1.246900 ms  DeleteObjects: 0.012200 ms)

========================================================================
Received Prepare
Registering precompiled user dll's ...
Registered in 0.002246 seconds.
Begin MonoManager ReloadAssembly
Native extension for WindowsStandalone target not found
Native extension for WebGL target not found
Refreshing native plugins compatible for Editor in 0.29 ms, found 2 plugins.
Preloading 0 native plugins for Editor in 0.00 ms.
Mono: successfully reloaded assembly
- Completed reload, in  0.754 seconds
Platform modules already initialized, skipping
Refreshing native plugins compatible for Editor in 0.29 ms, found 2 plugins.
Preloading 0 native plugins for Editor in 0.00 ms.
Unloading 1433 Unused Serialized files (Serialized files now loaded: 0)
System memory in use before: 70.4 MB.
System memory in use after: 70.6 MB.

Unloading 13 unused Assets to reduce memory usage. Loaded Objects now: 1963.
Total: 1.457100 ms (FindLiveObjects: 0.138400 ms CreateObjectMapping: 0.040300 ms MarkObjects: 1.264900 ms  DeleteObjects: 0.012700 ms)

========================================================================
Received Prepare
Registering precompiled user dll's ...
Registered in 0.002298 seconds.
Begin MonoManager ReloadAssembly
Native extension for WindowsStandalone target not found
Native extension for WebGL target not found
Refreshing native plugins compatible for Editor in 0.30 ms, found 2 plugins.
Preloading 0 native plugins for Editor in 0.00 ms.
Mono: successfully reloaded assembly
- Completed reload, in  0.732 seconds
Platform modules already initialized, skipping
Refreshing native plugins compatible for Editor in 0.27 ms, found 2 plugins.
Preloading 0 native plugins for Editor in 0.00 ms.
Unloading 1433 Unused Serialized files (Serialized files now loaded: 0)
System memory in use before: 70.5 MB.
System memory in use after: 70.6 MB.

Unloading 13 unused Assets to reduce memory usage. Loaded Objects now: 1966.
Total: 1.501100 ms (FindLiveObjects: 0.123500 ms CreateObjectMapping: 0.037300 ms MarkObjects: 1.328200 ms  DeleteObjects: 0.011300 ms)

========================================================================
Received Prepare
Registering precompiled user dll's ...
Registered in 0.002290 seconds.
Begin MonoManager ReloadAssembly
Native extension for WindowsStandalone target not found
Native extension for WebGL target not found
Refreshing native plugins compatible for Editor in 0.30 ms, found 2 plugins.
Preloading 0 native plugins for Editor in 0.00 ms.
Mono: successfully reloaded assembly
- Completed reload, in  0.740 seconds
Platform modules already initialized, skipping
Refreshing native plugins compatible for Editor in 0.27 ms, found 2 plugins.
Preloading 0 native plugins for Editor in 0.00 ms.
Unloading 1433 Unused Serialized files (Serialized files now loaded: 0)
System memory in use before: 70.5 MB.
System memory in use after: 70.6 MB.

Unloading 13 unused Assets to reduce memory usage. Loaded Objects now: 1969.
Total: 1.412200 ms (FindLiveObjects: 0.129700 ms CreateObjectMapping: 0.039100 ms MarkObjects: 1.231100 ms  DeleteObjects: 0.011600 ms)

========================================================================
Received Prepare
Registering precompiled user dll's ...
Registered in 0.002283 seconds.
Begin MonoManager ReloadAssembly
Native extension for WindowsStandalone target not found
Native extension for WebGL target not found
Refreshing native plugins compatible for Editor in 0.28 ms, found 2 plugins.
Preloading 0 native plugins for Editor in 0.00 ms.
Mono: successfully reloaded assembly
- Completed reload, in  0.741 seconds
Platform modules already initialized, skipping
Refreshing native plugins compatible for Editor in 0.28 ms, found 2 plugins.
Preloading 0 native plugins for Editor in 0.00 ms.
Unloading 1433 Unused Serialized files (Serialized files now loaded: 0)
System memory in use before: 70.5 MB.
System memory in use after: 70.6 MB.

Unloading 13 unused Assets to reduce memory usage. Loaded Objects now: 1972.
Total: 1.447500 ms (FindLiveObjects: 0.128300 ms CreateObjectMapping: 0.040300 ms MarkObjects: 1.266100 ms  DeleteObjects: 0.012100 ms)

========================================================================
Received Prepare
Registering precompiled user dll's ...
Registered in 0.002328 seconds.
Begin MonoManager ReloadAssembly
Native extension for WindowsStandalone target not found
Native extension for WebGL target not found
Refreshing native plugins compatible for Editor in 0.28 ms, found 2 plugins.
Preloading 0 native plugins for Editor in 0.00 ms.
Mono: successfully reloaded assembly
- Completed reload, in  0.729 seconds
Platform modules already initialized, skipping
Refreshing native plugins compatible for Editor in 0.30 ms, found 2 plugins.
Preloading 0 native plugins for Editor in 0.00 ms.
Unloading 1433 Unused Serialized files (Serialized files now loaded: 0)
System memory in use before: 70.5 MB.
System memory in use after: 70.6 MB.

Unloading 13 unused Assets to reduce memory usage. Loaded Objects now: 1975.
Total: 1.428400 ms (FindLiveObjects: 0.133700 ms CreateObjectMapping: 0.040900 ms MarkObjects: 1.241700 ms  DeleteObjects: 0.011300 ms)

========================================================================
Received Prepare
Registering precompiled user dll's ...
Registered in 0.002308 seconds.
Begin MonoManager ReloadAssembly
Native extension for WindowsStandalone target not found
Native extension for WebGL target not found
Refreshing native plugins compatible for Editor in 0.28 ms, found 2 plugins.
Preloading 0 native plugins for Editor in 0.00 ms.
Mono: successfully reloaded assembly
- Completed reload, in  0.717 seconds
Platform modules already initialized, skipping
Refreshing native plugins compatible for Editor in 0.34 ms, found 2 plugins.
Preloading 0 native plugins for Editor in 0.00 ms.
Unloading 1433 Unused Serialized files (Serialized files now loaded: 0)
System memory in use before: 70.5 MB.
System memory in use after: 70.6 MB.

Unloading 13 unused Assets to reduce memory usage. Loaded Objects now: 1978.
Total: 1.434500 ms (FindLiveObjects: 0.140400 ms CreateObjectMapping: 0.044200 ms MarkObjects: 1.237200 ms  DeleteObjects: 0.011900 ms)

========================================================================
Received Prepare
Registering precompiled user dll's ...
Registered in 0.002305 seconds.
Begin MonoManager ReloadAssembly
Native extension for WindowsStandalone target not found
Native extension for WebGL target not found
Refreshing native plugins compatible for Editor in 0.30 ms, found 2 plugins.
Preloading 0 native plugins for Editor in 0.00 ms.
Mono: successfully reloaded assembly
- Completed reload, in  0.739 seconds
Platform modules already initialized, skipping
Refreshing native plugins compatible for Editor in 0.29 ms, found 2 plugins.
Preloading 0 native plugins for Editor in 0.00 ms.
Unloading 1433 Unused Serialized files (Serialized files now loaded: 0)
System memory in use before: 70.5 MB.
System memory in use after: 70.6 MB.

Unloading 13 unused Assets to reduce memory usage. Loaded Objects now: 1981.
Total: 1.565900 ms (FindLiveObjects: 0.129800 ms CreateObjectMapping: 0.039500 ms MarkObjects: 1.383600 ms  DeleteObjects: 0.012300 ms)

========================================================================
Received Prepare
Registering precompiled user dll's ...
Registered in 0.002301 seconds.
Begin MonoManager ReloadAssembly
Native extension for WindowsStandalone target not found
Native extension for WebGL target not found
Refreshing native plugins compatible for Editor in 0.32 ms, found 2 plugins.
Preloading 0 native plugins for Editor in 0.00 ms.
Mono: successfully reloaded assembly
- Completed reload, in  0.746 seconds
Platform modules already initialized, skipping
Refreshing native plugins compatible for Editor in 0.29 ms, found 2 plugins.
Preloading 0 native plugins for Editor in 0.00 ms.
Unloading 1433 Unused Serialized files (Serialized files now loaded: 0)
System memory in use before: 70.5 MB.
System memory in use after: 70.6 MB.

Unloading 13 unused Assets to reduce memory usage. Loaded Objects now: 1984.
Total: 1.452000 ms (FindLiveObjects: 0.137100 ms CreateObjectMapping: 0.041500 ms MarkObjects: 1.260900 ms  DeleteObjects: 0.011600 ms)

========================================================================
Received Prepare
Registering precompiled user dll's ...
Registered in 0.002303 seconds.
Begin MonoManager ReloadAssembly
Native extension for WindowsStandalone target not found
Native extension for WebGL target not found
Refreshing native plugins compatible for Editor in 0.31 ms, found 2 plugins.
Preloading 0 native plugins for Editor in 0.00 ms.
Mono: successfully reloaded assembly
- Completed reload, in  0.739 seconds
Platform modules already initialized, skipping
Refreshing native plugins compatible for Editor in 0.27 ms, found 2 plugins.
Preloading 0 native plugins for Editor in 0.00 ms.
Unloading 1433 Unused Serialized files (Serialized files now loaded: 0)
System memory in use before: 70.5 MB.
System memory in use after: 70.6 MB.

Unloading 13 unused Assets to reduce memory usage. Loaded Objects now: 1987.
Total: 1.417200 ms (FindLiveObjects: 0.124200 ms CreateObjectMapping: 0.038100 ms MarkObjects: 1.242800 ms  DeleteObjects: 0.011200 ms)

========================================================================
Received Prepare
Registering precompiled user dll's ...
Registered in 0.002391 seconds.
Begin MonoManager ReloadAssembly
Native extension for WindowsStandalone target not found
Native extension for WebGL target not found
Refreshing native plugins compatible for Editor in 0.29 ms, found 2 plugins.
Preloading 0 native plugins for Editor in 0.00 ms.
Mono: successfully reloaded assembly
- Completed reload, in  0.715 seconds
Platform modules already initialized, skipping
Refreshing native plugins compatible for Editor in 0.29 ms, found 2 plugins.
Preloading 0 native plugins for Editor in 0.00 ms.
Unloading 1433 Unused Serialized files (Serialized files now loaded: 0)
System memory in use before: 70.5 MB.
System memory in use after: 70.6 MB.

Unloading 13 unused Assets to reduce memory usage. Loaded Objects now: 1990.
Total: 1.653400 ms (FindLiveObjects: 0.166100 ms CreateObjectMapping: 0.049700 ms MarkObjects: 1.422800 ms  DeleteObjects: 0.013900 ms)

========================================================================
Received Import Request.
  Time since last request: 1004.105911 seconds.
  path: Assets/Audio/2019-04-18_-_The_Epic_Boss_Fight_-_David_Fesliyan.mp3
  artifactKey: Guid(8bf457466e2c41842896d8a64170ff72) Importer(815301076,1909f56bfc062723c751e8b465ee728b)
Start importing Assets/Audio/2019-04-18_-_The_Epic_Boss_Fight_-_David_Fesliyan.mp3 using Guid(8bf457466e2c41842896d8a64170ff72) Importer(815301076,1909f56bfc062723c751e8b465ee728b)  -> (artifact id: '055d38ee51daf1d7bb9825f7d6fd3568') in 0.104860 seconds
  Import took 0.107422 seconds .

========================================================================
Received Import Request.
  Time since last request: 105.050828 seconds.
  path: Assets/Audio/Guts-A2-www.fesliyanstudios.com.mp3
  artifactKey: Guid(16e40dba072889743b2953d87e342c9d) Importer(815301076,1909f56bfc062723c751e8b465ee728b)
Start importing Assets/Audio/Guts-A2-www.fesliyanstudios.com.mp3 using Guid(16e40dba072889743b2953d87e342c9d) Importer(815301076,1909f56bfc062723c751e8b465ee728b)  -> (artifact id: 'ea878512a9910459b9a9f9d763fb0628') in 0.011338 seconds
  Import took 0.014188 seconds .

========================================================================
Received Import Request.
  Time since last request: 6.294897 seconds.
  path: Assets/Audio/Guts-A2-www.fesliyanstudios.com 1.mp3
  artifactKey: Guid(3ce6f6b69cc4b9442b2da9b8d726211e) Importer(815301076,1909f56bfc062723c751e8b465ee728b)
Start importing Assets/Audio/Guts-A2-www.fesliyanstudios.com 1.mp3 using Guid(3ce6f6b69cc4b9442b2da9b8d726211e) Importer(815301076,1909f56bfc062723c751e8b465ee728b)  -> (artifact id: '48514d2cf79ed0d32fc08607dc5ed9ea') in 0.010363 seconds
  Import took 0.012855 seconds .

========================================================================
Received Import Request.
  Time since last request: 34.022688 seconds.
  path: Assets/Scenes/Level_0.unity
  artifactKey: Guid(2c6c7d3fb1dad194fb0456434969acb2) Importer(815301076,1909f56bfc062723c751e8b465ee728b)
Start importing Assets/Scenes/Level_0.unity using Guid(2c6c7d3fb1dad194fb0456434969acb2) Importer(815301076,1909f56bfc062723c751e8b465ee728b)  -> (artifact id: '9cc64b4892f085082f15b6315daea18b') in 0.006684 seconds
  Import took 0.009252 seconds .

========================================================================
Received Import Request.
  Time since last request: 0.000632 seconds.
  path: Assets/Scenes/Level_0.unity
  artifactKey: Guid(2c6c7d3fb1dad194fb0456434969acb2) Importer(815301076,1909f56bfc062723c751e8b465ee728b)
Start importing Assets/Scenes/Level_0.unity using Guid(2c6c7d3fb1dad194fb0456434969acb2) Importer(815301076,1909f56bfc062723c751e8b465ee728b)  -> (artifact id: '9cc64b4892f085082f15b6315daea18b') in 0.002256 seconds
  Import took 0.004336 seconds .

========================================================================
Received Import Request.
  Time since last request: 31.972802 seconds.
  path: Assets/Scripts/characterController.cs
  artifactKey: Guid(609db09ba3f8fa84b8a9ba62e0553481) Importer(815301076,1909f56bfc062723c751e8b465ee728b)
Start importing Assets/Scripts/characterController.cs using Guid(609db09ba3f8fa84b8a9ba62e0553481) Importer(815301076,1909f56bfc062723c751e8b465ee728b)  -> (artifact id: '686d760f62307f279eee8c27ad0a300a') in 0.006850 seconds
  Import took 0.009498 seconds .

========================================================================
Received Import Request.
  Time since last request: 0.001093 seconds.
  path: Assets/Scripts/characterController.cs
  artifactKey: Guid(609db09ba3f8fa84b8a9ba62e0553481) Importer(815301076,1909f56bfc062723c751e8b465ee728b)
Start importing Assets/Scripts/characterController.cs using Guid(609db09ba3f8fa84b8a9ba62e0553481) Importer(815301076,1909f56bfc062723c751e8b465ee728b)  -> (artifact id: '686d760f62307f279eee8c27ad0a300a') in 0.002039 seconds
  Import took 0.004054 seconds .

========================================================================
Received Import Request.
  Time since last request: 27.154740 seconds.
  path: Assets/Scripts/chaseController.cs
  artifactKey: Guid(a817b6af4029e0f43aea18c0c4b13df0) Importer(815301076,1909f56bfc062723c751e8b465ee728b)
Start importing Assets/Scripts/chaseController.cs using Guid(a817b6af4029e0f43aea18c0c4b13df0) Importer(815301076,1909f56bfc062723c751e8b465ee728b)  -> (artifact id: '5b9747d3d44645e32f48903834d70d5b') in 0.006471 seconds
  Import took 0.008814 seconds .

========================================================================
Received Prepare
Registering precompiled user dll's ...
Registered in 0.003967 seconds.
Begin MonoManager ReloadAssembly
Native extension for WindowsStandalone target not found
Native extension for WebGL target not found
Refreshing native plugins compatible for Editor in 0.27 ms, found 2 plugins.
Preloading 0 native plugins for Editor in 0.00 ms.
Mono: successfully reloaded assembly
- Completed reload, in  0.776 seconds
Platform modules already initialized, skipping
Refreshing native plugins compatible for Editor in 0.27 ms, found 2 plugins.
Preloading 0 native plugins for Editor in 0.00 ms.
Unloading 1433 Unused Serialized files (Serialized files now loaded: 0)
System memory in use before: 70.6 MB.
System memory in use after: 70.7 MB.

Unloading 13 unused Assets to reduce memory usage. Loaded Objects now: 1996.
Total: 1.519700 ms (FindLiveObjects: 0.143700 ms CreateObjectMapping: 0.042200 ms MarkObjects: 1.319900 ms  DeleteObjects: 0.012900 ms)

========================================================================
Received Import Request.
  Time since last request: 101.869356 seconds.
  path: Assets/Scenes/Level_2.unity
  artifactKey: Guid(c1bc5974fa7e6634893460b89f031ad2) Importer(815301076,1909f56bfc062723c751e8b465ee728b)
Start importing Assets/Scenes/Level_2.unity using Guid(c1bc5974fa7e6634893460b89f031ad2) Importer(815301076,1909f56bfc062723c751e8b465ee728b)  -> (artifact id: 'fff0cb3b1b3e5463c19d23179c7bb814') in 0.013636 seconds
  Import took 0.016015 seconds .

========================================================================
Received Prepare
Registering precompiled user dll's ...
Registered in 0.002685 seconds.
Begin MonoManager ReloadAssembly
Native extension for WindowsStandalone target not found
Native extension for WebGL target not found
Refreshing native plugins compatible for Editor in 0.29 ms, found 2 plugins.
Preloading 0 native plugins for Editor in 0.00 ms.
Mono: successfully reloaded assembly
- Completed reload, in  0.749 seconds
Platform modules already initialized, skipping
Refreshing native plugins compatible for Editor in 0.27 ms, found 2 plugins.
Preloading 0 native plugins for Editor in 0.00 ms.
Unloading 1433 Unused Serialized files (Serialized files now loaded: 0)
System memory in use before: 70.6 MB.
System memory in use after: 70.7 MB.

Unloading 13 unused Assets to reduce memory usage. Loaded Objects now: 1999.
Total: 1.527600 ms (FindLiveObjects: 0.139200 ms CreateObjectMapping: 0.041700 ms MarkObjects: 1.334200 ms  DeleteObjects: 0.011800 ms)

========================================================================
Received Import Request.
  Time since last request: 133.447415 seconds.
  path: Assets/Audio/Fireball-Strong-Attack-Whoosh-www.fesliyanstudios.com.mp3
  artifactKey: Guid(b7f201ab383b1314ba2c7b83a360a8c7) Importer(815301076,1909f56bfc062723c751e8b465ee728b)
Start importing Assets/Audio/Fireball-Strong-Attack-Whoosh-www.fesliyanstudios.com.mp3 using Guid(b7f201ab383b1314ba2c7b83a360a8c7) Importer(815301076,1909f56bfc062723c751e8b465ee728b)  -> (artifact id: '931a6c046689df6cd435507bfd6319b9') in 0.036420 seconds
  Import took 0.038692 seconds .

========================================================================
Received Import Request.
  Time since last request: 9.965803 seconds.
  path: Assets/Prefabs/upgradeAttack.prefab
  artifactKey: Guid(84bc0e57935255f4ba58db6e537dc729) Importer(815301076,1909f56bfc062723c751e8b465ee728b)
Start importing Assets/Prefabs/upgradeAttack.prefab using Guid(84bc0e57935255f4ba58db6e537dc729) Importer(815301076,1909f56bfc062723c751e8b465ee728b)  -> (artifact id: '5065370c244cfeaac3588d9454d0bd28') in 0.032131 seconds
  Import took 0.034693 seconds .

========================================================================
Received Prepare
Registering precompiled user dll's ...
Registered in 0.002303 seconds.
Begin MonoManager ReloadAssembly
Native extension for WindowsStandalone target not found
Native extension for WebGL target not found
Refreshing native plugins compatible for Editor in 0.28 ms, found 2 plugins.
Preloading 0 native plugins for Editor in 0.00 ms.
Mono: successfully reloaded assembly
- Completed reload, in  0.739 seconds
Platform modules already initialized, skipping
Refreshing native plugins compatible for Editor in 0.30 ms, found 2 plugins.
Preloading 0 native plugins for Editor in 0.00 ms.
Unloading 1433 Unused Serialized files (Serialized files now loaded: 0)
System memory in use before: 70.6 MB.
System memory in use after: 70.7 MB.

Unloading 13 unused Assets to reduce memory usage. Loaded Objects now: 2003.
Total: 1.451800 ms (FindLiveObjects: 0.134800 ms CreateObjectMapping: 0.041900 ms MarkObjects: 1.261900 ms  DeleteObjects: 0.012500 ms)

========================================================================
Received Prepare
Registering precompiled user dll's ...
Registered in 0.002357 seconds.
Begin MonoManager ReloadAssembly
Native extension for WindowsStandalone target not found
Native extension for WebGL target not found
Refreshing native plugins compatible for Editor in 0.34 ms, found 2 plugins.
Preloading 0 native plugins for Editor in 0.00 ms.
Mono: successfully reloaded assembly
- Completed reload, in  0.736 seconds
Platform modules already initialized, skipping
Refreshing native plugins compatible for Editor in 0.31 ms, found 2 plugins.
Preloading 0 native plugins for Editor in 0.00 ms.
Unloading 1433 Unused Serialized files (Serialized files now loaded: 0)
System memory in use before: 70.6 MB.
System memory in use after: 70.7 MB.

Unloading 13 unused Assets to reduce memory usage. Loaded Objects now: 2006.
Total: 1.493900 ms (FindLiveObjects: 0.134500 ms CreateObjectMapping: 0.040100 ms MarkObjects: 1.306000 ms  DeleteObjects: 0.012300 ms)

========================================================================
Received Import Request.
  Time since last request: 1456.024764 seconds.
  path: Assets/Scenes/Intro.unity
  artifactKey: Guid(1adb254551ba9d84ba1efe608ee94277) Importer(815301076,1909f56bfc062723c751e8b465ee728b)
Start importing Assets/Scenes/Intro.unity using Guid(1adb254551ba9d84ba1efe608ee94277) Importer(815301076,1909f56bfc062723c751e8b465ee728b)  -> (artifact id: '8b9f90e02bea6770ee46f90e1140d71b') in 0.015397 seconds
  Import took 0.018392 seconds .

========================================================================
Received Prepare
Registering precompiled user dll's ...
Registered in 0.002432 seconds.
Begin MonoManager ReloadAssembly
Native extension for WindowsStandalone target not found
Native extension for WebGL target not found
Refreshing native plugins compatible for Editor in 0.29 ms, found 2 plugins.
Preloading 0 native plugins for Editor in 0.00 ms.
Mono: successfully reloaded assembly
- Completed reload, in  0.727 seconds
Platform modules already initialized, skipping
Refreshing native plugins compatible for Editor in 0.27 ms, found 2 plugins.
Preloading 0 native plugins for Editor in 0.00 ms.
Unloading 1433 Unused Serialized files (Serialized files now loaded: 0)
System memory in use before: 70.6 MB.
System memory in use after: 70.7 MB.

Unloading 13 unused Assets to reduce memory usage. Loaded Objects now: 2009.
Total: 1.542700 ms (FindLiveObjects: 0.136900 ms CreateObjectMapping: 0.039200 ms MarkObjects: 1.332100 ms  DeleteObjects: 0.033600 ms)

========================================================================
Received Import Request.
  Time since last request: 575.505119 seconds.
  path: Assets/Sprites/backgroundIntro.jpg
  artifactKey: Guid(37a5d0d950bac9f4d9a178e4e8dacff0) Importer(815301076,1909f56bfc062723c751e8b465ee728b)
Start importing Assets/Sprites/backgroundIntro.jpg using Guid(37a5d0d950bac9f4d9a178e4e8dacff0) Importer(815301076,1909f56bfc062723c751e8b465ee728b)  -> (artifact id: '39bd2f85a4cee4bfa978a265d42933e7') in 0.058469 seconds
  Import took 0.061764 seconds .

========================================================================
Received Prepare
Registering precompiled user dll's ...
Registered in 0.002447 seconds.
Begin MonoManager ReloadAssembly
Native extension for WindowsStandalone target not found
Native extension for WebGL target not found
Refreshing native plugins compatible for Editor in 0.43 ms, found 2 plugins.
Preloading 0 native plugins for Editor in 0.00 ms.
Mono: successfully reloaded assembly
- Completed reload, in  0.723 seconds
Platform modules already initialized, skipping
Refreshing native plugins compatible for Editor in 0.27 ms, found 2 plugins.
Preloading 0 native plugins for Editor in 0.00 ms.
Unloading 1433 Unused Serialized files (Serialized files now loaded: 0)
System memory in use before: 70.6 MB.
System memory in use after: 70.7 MB.

Unloading 13 unused Assets to reduce memory usage. Loaded Objects now: 2016.
Total: 1.673300 ms (FindLiveObjects: 0.204000 ms CreateObjectMapping: 0.087200 ms MarkObjects: 1.367700 ms  DeleteObjects: 0.013600 ms)

========================================================================
Received Prepare
Registering precompiled user dll's ...
Registered in 0.002339 seconds.
Begin MonoManager ReloadAssembly
Native extension for WindowsStandalone target not found
Native extension for WebGL target not found
Refreshing native plugins compatible for Editor in 0.48 ms, found 2 plugins.
Preloading 0 native plugins for Editor in 0.00 ms.
Mono: successfully reloaded assembly
- Completed reload, in  0.769 seconds
Platform modules already initialized, skipping
Refreshing native plugins compatible for Editor in 0.30 ms, found 2 plugins.
Preloading 0 native plugins for Editor in 0.00 ms.
Unloading 1433 Unused Serialized files (Serialized files now loaded: 0)
System memory in use before: 70.6 MB.
System memory in use after: 70.7 MB.

Unloading 13 unused Assets to reduce memory usage. Loaded Objects now: 2019.
Total: 1.490500 ms (FindLiveObjects: 0.149400 ms CreateObjectMapping: 0.043100 ms MarkObjects: 1.284800 ms  DeleteObjects: 0.012200 ms)

========================================================================
Received Prepare
Registering precompiled user dll's ...
Registered in 0.002304 seconds.
Begin MonoManager ReloadAssembly
Native extension for WindowsStandalone target not found
Native extension for WebGL target not found
Refreshing native plugins compatible for Editor in 0.30 ms, found 2 plugins.
Preloading 0 native plugins for Editor in 0.00 ms.
Mono: successfully reloaded assembly
- Completed reload, in  0.728 seconds
Platform modules already initialized, skipping
Refreshing native plugins compatible for Editor in 0.27 ms, found 2 plugins.
Preloading 0 native plugins for Editor in 0.00 ms.
Unloading 1433 Unused Serialized files (Serialized files now loaded: 0)
System memory in use before: 70.6 MB.
System memory in use after: 70.7 MB.

Unloading 13 unused Assets to reduce memory usage. Loaded Objects now: 2022.
Total: 1.570500 ms (FindLiveObjects: 0.157900 ms CreateObjectMapping: 0.046500 ms MarkObjects: 1.353300 ms  DeleteObjects: 0.012000 ms)

========================================================================
Received Prepare
Registering precompiled user dll's ...
Registered in 0.002353 seconds.
Begin MonoManager ReloadAssembly
Native extension for WindowsStandalone target not found
Native extension for WebGL target not found
Refreshing native plugins compatible for Editor in 0.32 ms, found 2 plugins.
Preloading 0 native plugins for Editor in 0.00 ms.
Mono: successfully reloaded assembly
- Completed reload, in  0.756 seconds
Platform modules already initialized, skipping
Refreshing native plugins compatible for Editor in 0.27 ms, found 2 plugins.
Preloading 0 native plugins for Editor in 0.00 ms.
Unloading 1433 Unused Serialized files (Serialized files now loaded: 0)
System memory in use before: 70.6 MB.
System memory in use after: 70.7 MB.

Unloading 13 unused Assets to reduce memory usage. Loaded Objects now: 2025.
Total: 1.554500 ms (FindLiveObjects: 0.153400 ms CreateObjectMapping: 0.047900 ms MarkObjects: 1.339600 ms  DeleteObjects: 0.012800 ms)

========================================================================
Received Prepare
Registering precompiled user dll's ...
Registered in 0.002418 seconds.
Begin MonoManager ReloadAssembly
Native extension for WindowsStandalone target not found
Native extension for WebGL target not found
Refreshing native plugins compatible for Editor in 0.28 ms, found 2 plugins.
Preloading 0 native plugins for Editor in 0.00 ms.
Mono: successfully reloaded assembly
- Completed reload, in  0.718 seconds
Platform modules already initialized, skipping
Refreshing native plugins compatible for Editor in 0.28 ms, found 2 plugins.
Preloading 0 native plugins for Editor in 0.00 ms.
Unloading 1433 Unused Serialized files (Serialized files now loaded: 0)
System memory in use before: 70.6 MB.
System memory in use after: 70.8 MB.

Unloading 13 unused Assets to reduce memory usage. Loaded Objects now: 2028.
Total: 1.452500 ms (FindLiveObjects: 0.136200 ms CreateObjectMapping: 0.039800 ms MarkObjects: 1.263600 ms  DeleteObjects: 0.011600 ms)

========================================================================
Received Import Request.
  Time since last request: 1103.597647 seconds.
  path: Assets/Scenes/Level_2.unity
  artifactKey: Guid(c1bc5974fa7e6634893460b89f031ad2) Importer(815301076,1909f56bfc062723c751e8b465ee728b)
Start importing Assets/Scenes/Level_2.unity using Guid(c1bc5974fa7e6634893460b89f031ad2) Importer(815301076,1909f56bfc062723c751e8b465ee728b)  -> (artifact id: '6dd6ebf4f417ab363ed4c3ae5b959eae') in 0.012972 seconds
  Import took 0.015067 seconds .

========================================================================
Received Prepare
Registering precompiled user dll's ...
Registered in 0.002777 seconds.
Begin MonoManager ReloadAssembly
Native extension for WindowsStandalone target not found
Native extension for WebGL target not found
Refreshing native plugins compatible for Editor in 0.30 ms, found 2 plugins.
Preloading 0 native plugins for Editor in 0.00 ms.
Mono: successfully reloaded assembly
- Completed reload, in  0.728 seconds
Platform modules already initialized, skipping
Refreshing native plugins compatible for Editor in 0.27 ms, found 2 plugins.
Preloading 0 native plugins for Editor in 0.00 ms.
Unloading 1433 Unused Serialized files (Serialized files now loaded: 0)
System memory in use before: 70.7 MB.
System memory in use after: 70.8 MB.

Unloading 13 unused Assets to reduce memory usage. Loaded Objects now: 2031.
Total: 1.853600 ms (FindLiveObjects: 0.229400 ms CreateObjectMapping: 0.065500 ms MarkObjects: 1.544300 ms  DeleteObjects: 0.013300 ms)

========================================================================
Received Prepare
Registering precompiled user dll's ...
Registered in 0.002343 seconds.
Begin MonoManager ReloadAssembly
Native extension for WindowsStandalone target not found
Native extension for WebGL target not found
Refreshing native plugins compatible for Editor in 0.34 ms, found 2 plugins.
Preloading 0 native plugins for Editor in 0.00 ms.
Mono: successfully reloaded assembly
- Completed reload, in  0.778 seconds
Platform modules already initialized, skipping
Refreshing native plugins compatible for Editor in 0.27 ms, found 2 plugins.
Preloading 0 native plugins for Editor in 0.00 ms.
Unloading 1433 Unused Serialized files (Serialized files now loaded: 0)
System memory in use before: 70.7 MB.
System memory in use after: 70.8 MB.

Unloading 13 unused Assets to reduce memory usage. Loaded Objects now: 2034.
Total: 1.500300 ms (FindLiveObjects: 0.133400 ms CreateObjectMapping: 0.043100 ms MarkObjects: 1.310800 ms  DeleteObjects: 0.012300 ms)

========================================================================
Received Import Request.
  Time since last request: 239.349863 seconds.
  path: Assets/Prefabs/upgradeAttack.prefab
  artifactKey: Guid(84bc0e57935255f4ba58db6e537dc729) Importer(815301076,1909f56bfc062723c751e8b465ee728b)
Start importing Assets/Prefabs/upgradeAttack.prefab using Guid(84bc0e57935255f4ba58db6e537dc729) Importer(815301076,1909f56bfc062723c751e8b465ee728b)  -> (artifact id: '011d6c1a2d165d3e31579ef378ae4d4b') in 0.050072 seconds
  Import took 0.052899 seconds .

========================================================================
Received Prepare
Registering precompiled user dll's ...
Registered in 0.002343 seconds.
Begin MonoManager ReloadAssembly
Native extension for WindowsStandalone target not found
Native extension for WebGL target not found
Refreshing native plugins compatible for Editor in 0.30 ms, found 2 plugins.
Preloading 0 native plugins for Editor in 0.00 ms.
Mono: successfully reloaded assembly
- Completed reload, in  0.774 seconds
Platform modules already initialized, skipping
Refreshing native plugins compatible for Editor in 0.27 ms, found 2 plugins.
Preloading 0 native plugins for Editor in 0.00 ms.
Unloading 1433 Unused Serialized files (Serialized files now loaded: 0)
System memory in use before: 70.7 MB.
System memory in use after: 70.8 MB.

Unloading 13 unused Assets to reduce memory usage. Loaded Objects now: 2038.
Total: 1.471000 ms (FindLiveObjects: 0.141700 ms CreateObjectMapping: 0.045100 ms MarkObjects: 1.270900 ms  DeleteObjects: 0.012600 ms)

========================================================================
Received Prepare
Registering precompiled user dll's ...
Registered in 0.002469 seconds.
Begin MonoManager ReloadAssembly
Native extension for WindowsStandalone target not found
Native extension for WebGL target not found
Refreshing native plugins compatible for Editor in 0.28 ms, found 2 plugins.
Preloading 0 native plugins for Editor in 0.00 ms.
Mono: successfully reloaded assembly
- Completed reload, in  0.730 seconds
Platform modules already initialized, skipping
Refreshing native plugins compatible for Editor in 0.27 ms, found 2 plugins.
Preloading 0 native plugins for Editor in 0.00 ms.
Unloading 1433 Unused Serialized files (Serialized files now loaded: 0)
System memory in use before: 70.7 MB.
System memory in use after: 70.8 MB.

Unloading 13 unused Assets to reduce memory usage. Loaded Objects now: 2041.
Total: 1.560200 ms (FindLiveObjects: 0.146500 ms CreateObjectMapping: 0.043700 ms MarkObjects: 1.356700 ms  DeleteObjects: 0.012300 ms)

========================================================================
Received Prepare
Registering precompiled user dll's ...
Registered in 0.002359 seconds.
Begin MonoManager ReloadAssembly
Native extension for WindowsStandalone target not found
Native extension for WebGL target not found
Refreshing native plugins compatible for Editor in 0.46 ms, found 2 plugins.
Preloading 0 native plugins for Editor in 0.00 ms.
Mono: successfully reloaded assembly
- Completed reload, in  0.755 seconds
Platform modules already initialized, skipping
Refreshing native plugins compatible for Editor in 0.28 ms, found 2 plugins.
Preloading 0 native plugins for Editor in 0.00 ms.
Unloading 1433 Unused Serialized files (Serialized files now loaded: 0)
System memory in use before: 70.7 MB.
System memory in use after: 70.8 MB.

Unloading 13 unused Assets to reduce memory usage. Loaded Objects now: 2044.
Total: 1.588100 ms (FindLiveObjects: 0.159400 ms CreateObjectMapping: 0.047200 ms MarkObjects: 1.367600 ms  DeleteObjects: 0.013000 ms)

========================================================================
Received Prepare
Registering precompiled user dll's ...
Registered in 0.002343 seconds.
Begin MonoManager ReloadAssembly
Native extension for WindowsStandalone target not found
Native extension for WebGL target not found
Refreshing native plugins compatible for Editor in 0.30 ms, found 2 plugins.
Preloading 0 native plugins for Editor in 0.00 ms.
Mono: successfully reloaded assembly
- Completed reload, in  0.749 seconds
Platform modules already initialized, skipping
Refreshing native plugins compatible for Editor in 0.28 ms, found 2 plugins.
Preloading 0 native plugins for Editor in 0.00 ms.
Unloading 1433 Unused Serialized files (Serialized files now loaded: 0)
System memory in use before: 70.7 MB.
System memory in use after: 70.8 MB.

Unloading 13 unused Assets to reduce memory usage. Loaded Objects now: 2047.
Total: 1.477100 ms (FindLiveObjects: 0.133900 ms CreateObjectMapping: 0.046800 ms MarkObjects: 1.283900 ms  DeleteObjects: 0.011800 ms)

========================================================================
Received Prepare
Registering precompiled user dll's ...
Registered in 0.002277 seconds.
Begin MonoManager ReloadAssembly
Native extension for WindowsStandalone target not found
Native extension for WebGL target not found
Refreshing native plugins compatible for Editor in 0.30 ms, found 2 plugins.
Preloading 0 native plugins for Editor in 0.00 ms.
Mono: successfully reloaded assembly
- Completed reload, in  0.736 seconds
Platform modules already initialized, skipping
Refreshing native plugins compatible for Editor in 0.28 ms, found 2 plugins.
Preloading 0 native plugins for Editor in 0.00 ms.
Unloading 1433 Unused Serialized files (Serialized files now loaded: 0)
System memory in use before: 70.7 MB.
System memory in use after: 70.8 MB.

Unloading 13 unused Assets to reduce memory usage. Loaded Objects now: 2050.
Total: 1.562600 ms (FindLiveObjects: 0.150900 ms CreateObjectMapping: 0.059000 ms MarkObjects: 1.337800 ms  DeleteObjects: 0.014000 ms)

========================================================================
Received Prepare
Registering precompiled user dll's ...
Registered in 0.002477 seconds.
Begin MonoManager ReloadAssembly
Native extension for WindowsStandalone target not found
Native extension for WebGL target not found
Refreshing native plugins compatible for Editor in 0.28 ms, found 2 plugins.
Preloading 0 native plugins for Editor in 0.00 ms.
Mono: successfully reloaded assembly
- Completed reload, in  0.718 seconds
Platform modules already initialized, skipping
Refreshing native plugins compatible for Editor in 0.27 ms, found 2 plugins.
Preloading 0 native plugins for Editor in 0.00 ms.
Unloading 1433 Unused Serialized files (Serialized files now loaded: 0)
System memory in use before: 70.7 MB.
System memory in use after: 70.8 MB.

Unloading 13 unused Assets to reduce memory usage. Loaded Objects now: 2053.
Total: 1.443600 ms (FindLiveObjects: 0.140800 ms CreateObjectMapping: 0.043400 ms MarkObjects: 1.247100 ms  DeleteObjects: 0.011600 ms)

========================================================================
Received Prepare
Registering precompiled user dll's ...
Registered in 0.002324 seconds.
Begin MonoManager ReloadAssembly
Native extension for WindowsStandalone target not found
Native extension for WebGL target not found
Refreshing native plugins compatible for Editor in 0.28 ms, found 2 plugins.
Preloading 0 native plugins for Editor in 0.00 ms.
Mono: successfully reloaded assembly
- Completed reload, in  0.739 seconds
Platform modules already initialized, skipping
Refreshing native plugins compatible for Editor in 0.27 ms, found 2 plugins.
Preloading 0 native plugins for Editor in 0.00 ms.
Unloading 1433 Unused Serialized files (Serialized files now loaded: 0)
System memory in use before: 70.7 MB.
System memory in use after: 70.8 MB.

Unloading 13 unused Assets to reduce memory usage. Loaded Objects now: 2056.
Total: 1.760200 ms (FindLiveObjects: 0.139200 ms CreateObjectMapping: 0.042400 ms MarkObjects: 1.563000 ms  DeleteObjects: 0.014800 ms)

========================================================================
Received Prepare
Registering precompiled user dll's ...
Registered in 0.002344 seconds.
Begin MonoManager ReloadAssembly
Native extension for WindowsStandalone target not found
Native extension for WebGL target not found
Refreshing native plugins compatible for Editor in 0.28 ms, found 2 plugins.
Preloading 0 native plugins for Editor in 0.00 ms.
Mono: successfully reloaded assembly
- Completed reload, in  0.745 seconds
Platform modules already initialized, skipping
Refreshing native plugins compatible for Editor in 0.27 ms, found 2 plugins.
Preloading 0 native plugins for Editor in 0.00 ms.
Unloading 1433 Unused Serialized files (Serialized files now loaded: 0)
System memory in use before: 70.7 MB.
System memory in use after: 70.8 MB.

Unloading 13 unused Assets to reduce memory usage. Loaded Objects now: 2059.
Total: 1.428700 ms (FindLiveObjects: 0.132000 ms CreateObjectMapping: 0.039600 ms MarkObjects: 1.245000 ms  DeleteObjects: 0.011400 ms)

========================================================================
Received Prepare
Registering precompiled user dll's ...
Registered in 0.002260 seconds.
Begin MonoManager ReloadAssembly
Native extension for WindowsStandalone target not found
Native extension for WebGL target not found
Refreshing native plugins compatible for Editor in 0.34 ms, found 2 plugins.
Preloading 0 native plugins for Editor in 0.00 ms.
Mono: successfully reloaded assembly
- Completed reload, in  0.743 seconds
Platform modules already initialized, skipping
Refreshing native plugins compatible for Editor in 0.28 ms, found 2 plugins.
Preloading 0 native plugins for Editor in 0.00 ms.
Unloading 1433 Unused Serialized files (Serialized files now loaded: 0)
System memory in use before: 70.7 MB.
System memory in use after: 70.8 MB.

Unloading 13 unused Assets to reduce memory usage. Loaded Objects now: 2062.
Total: 1.458000 ms (FindLiveObjects: 0.142700 ms CreateObjectMapping: 0.039600 ms MarkObjects: 1.264400 ms  DeleteObjects: 0.010400 ms)

========================================================================
Received Prepare
Registering precompiled user dll's ...
Registered in 0.002459 seconds.
Begin MonoManager ReloadAssembly
Native extension for WindowsStandalone target not found
Native extension for WebGL target not found
Refreshing native plugins compatible for Editor in 0.29 ms, found 2 plugins.
Preloading 0 native plugins for Editor in 0.00 ms.
Mono: successfully reloaded assembly
- Completed reload, in  0.734 seconds
Platform modules already initialized, skipping
Refreshing native plugins compatible for Editor in 0.32 ms, found 2 plugins.
Preloading 0 native plugins for Editor in 0.00 ms.
Unloading 1433 Unused Serialized files (Serialized files now loaded: 0)
System memory in use before: 70.7 MB.
System memory in use after: 70.8 MB.

Unloading 13 unused Assets to reduce memory usage. Loaded Objects now: 2065.
Total: 1.480500 ms (FindLiveObjects: 0.134000 ms CreateObjectMapping: 0.039900 ms MarkObjects: 1.294600 ms  DeleteObjects: 0.011200 ms)

========================================================================
Received Prepare
Registering precompiled user dll's ...
Registered in 0.002299 seconds.
Begin MonoManager ReloadAssembly
Native extension for WindowsStandalone target not found
Native extension for WebGL target not found
Refreshing native plugins compatible for Editor in 0.32 ms, found 2 plugins.
Preloading 0 native plugins for Editor in 0.00 ms.
Mono: successfully reloaded assembly
- Completed reload, in  0.728 seconds
Platform modules already initialized, skipping
Refreshing native plugins compatible for Editor in 0.27 ms, found 2 plugins.
Preloading 0 native plugins for Editor in 0.00 ms.
Unloading 1433 Unused Serialized files (Serialized files now loaded: 0)
System memory in use before: 70.7 MB.
System memory in use after: 70.8 MB.

Unloading 13 unused Assets to reduce memory usage. Loaded Objects now: 2068.
Total: 1.570400 ms (FindLiveObjects: 0.156200 ms CreateObjectMapping: 0.048600 ms MarkObjects: 1.351200 ms  DeleteObjects: 0.013500 ms)

========================================================================
Received Prepare
Registering precompiled user dll's ...
Registered in 0.002620 seconds.
Begin MonoManager ReloadAssembly
Native extension for WindowsStandalone target not found
Native extension for WebGL target not found
Refreshing native plugins compatible for Editor in 0.31 ms, found 2 plugins.
Preloading 0 native plugins for Editor in 0.00 ms.
Mono: successfully reloaded assembly
- Completed reload, in  0.759 seconds
Platform modules already initialized, skipping
Refreshing native plugins compatible for Editor in 0.30 ms, found 2 plugins.
Preloading 0 native plugins for Editor in 0.00 ms.
Unloading 1433 Unused Serialized files (Serialized files now loaded: 0)
System memory in use before: 70.7 MB.
System memory in use after: 70.8 MB.

Unloading 13 unused Assets to reduce memory usage. Loaded Objects now: 2071.
Total: 1.532300 ms (FindLiveObjects: 0.145000 ms CreateObjectMapping: 0.047800 ms MarkObjects: 1.326000 ms  DeleteObjects: 0.012900 ms)

========================================================================
Received Prepare
Registering precompiled user dll's ...
Registered in 0.002375 seconds.
Begin MonoManager ReloadAssembly
Native extension for WindowsStandalone target not found
Native extension for WebGL target not found
Refreshing native plugins compatible for Editor in 0.29 ms, found 2 plugins.
Preloading 0 native plugins for Editor in 0.00 ms.
Mono: successfully reloaded assembly
- Completed reload, in  0.730 seconds
Platform modules already initialized, skipping
Refreshing native plugins compatible for Editor in 0.29 ms, found 2 plugins.
Preloading 0 native plugins for Editor in 0.00 ms.
Unloading 1433 Unused Serialized files (Serialized files now loaded: 0)
System memory in use before: 70.7 MB.
System memory in use after: 70.8 MB.

Unloading 13 unused Assets to reduce memory usage. Loaded Objects now: 2074.
Total: 1.465000 ms (FindLiveObjects: 0.146600 ms CreateObjectMapping: 0.047300 ms MarkObjects: 1.259200 ms  DeleteObjects: 0.011300 ms)

========================================================================
Received Import Request.
  Time since last request: 11480.865073 seconds.
  path: Assets/Scripts/ballHit.cs
  artifactKey: Guid(d155f77b0a17648478d7376c0f248090) Importer(815301076,1909f56bfc062723c751e8b465ee728b)
Start importing Assets/Scripts/ballHit.cs using Guid(d155f77b0a17648478d7376c0f248090) Importer(815301076,1909f56bfc062723c751e8b465ee728b)  -> (artifact id: 'c81bef11e2dac4075f7e69ef69310a76') in 0.068708 seconds
  Import took 0.111375 seconds .

========================================================================
Received Prepare
Registering precompiled user dll's ...
Registered in 0.003426 seconds.
Begin MonoManager ReloadAssembly
Native extension for WindowsStandalone target not found
Native extension for WebGL target not found
Refreshing native plugins compatible for Editor in 0.29 ms, found 2 plugins.
Preloading 0 native plugins for Editor in 0.00 ms.
Mono: successfully reloaded assembly
- Completed reload, in  0.872 seconds
Platform modules already initialized, skipping
Refreshing native plugins compatible for Editor in 0.30 ms, found 2 plugins.
Preloading 0 native plugins for Editor in 0.00 ms.
Unloading 1433 Unused Serialized files (Serialized files now loaded: 0)
System memory in use before: 70.7 MB.
System memory in use after: 70.8 MB.

Unloading 13 unused Assets to reduce memory usage. Loaded Objects now: 2077.
Total: 1.573800 ms (FindLiveObjects: 0.182000 ms CreateObjectMapping: 0.044000 ms MarkObjects: 1.320600 ms  DeleteObjects: 0.026200 ms)

AssetImportWorkerClient::OnTransportError - code=2 error=End of file
