Using pre-set license
Built from '2020.3/staging' branch; Version is '2020.3.11f1 (99c7afb366b3) revision 10078127'; Using compiler version '192528614'; Build Type 'Release'
OS: 'Windows 10 Home; OS build 22000.258; Version 2009; 64bit' Language: 'en' Physical Memory: 16299 MB
BatchMode: 1, IsHumanControllingUs: 0, StartBugReporterOnCrash: 0, Is64bit: 1, IsPro: 0

 COMMAND LINE ARGUMENTS:
C:\Program Files\Unity\Hub\Editor\2020.3.11f1\Editor\Unity.exe
-adb2
-batchMode
-noUpm
-name
AssetImportWorker0
-projectPath
C:/Users/faiza/GithubProjects/GAME_CW/Game
-logFile
Logs/AssetImportWorker0.log
-srvPort
62493
Successfully changed project path to: C:/Users/faiza/GithubProjects/GAME_CW/Game
C:/Users/faiza/GithubProjects/GAME_CW/Game
Using Asset Import Pipeline V2.
Refreshing native plugins compatible for Editor in 23.75 ms, found 2 plugins.
Preloading 0 native plugins for Editor in 0.00 ms.
Initialize engine version: 2020.3.11f1 (99c7afb366b3)
[Subsystems] Discovering subsystems at path C:/Program Files/Unity/Hub/Editor/2020.3.11f1/Editor/Data/Resources/UnitySubsystems
[Subsystems] Discovering subsystems at path C:/Users/faiza/GithubProjects/GAME_CW/Game/Assets
GfxDevice: creating device client; threaded=0
Direct3D:
    Version:  Direct3D 11.0 [level 11.1]
    Renderer: NVIDIA GeForce RTX 3070 (ID=0x2484)
    Vendor:   
    VRAM:     8043 MB
    Driver:   30.0.14.9649
Initialize mono
Mono path[0] = 'C:/Program Files/Unity/Hub/Editor/2020.3.11f1/Editor/Data/Managed'
Mono path[1] = 'C:/Program Files/Unity/Hub/Editor/2020.3.11f1/Editor/Data/MonoBleedingEdge/lib/mono/unityjit'
Mono config path = 'C:/Program Files/Unity/Hub/Editor/2020.3.11f1/Editor/Data/MonoBleedingEdge/etc'
Using monoOptions --debugger-agent=transport=dt_socket,embedding=1,server=y,suspend=n,address=127.0.0.1:56240
Begin MonoManager ReloadAssembly
Registering precompiled unity dll's ...
Register platform support module: C:/Program Files/Unity/Hub/Editor/2020.3.11f1/Editor/Data/PlaybackEngines/WebGLSupport/UnityEditor.WebGL.Extensions.dll
Register platform support module: C:/Program Files/Unity/Hub/Editor/2020.3.11f1/Editor/Data/PlaybackEngines/WindowsStandaloneSupport/UnityEditor.WindowsStandalone.Extensions.dll
Registered in 0.001436 seconds.
Native extension for WindowsStandalone target not found
Native extension for WebGL target not found
Refreshing native plugins compatible for Editor in 23.26 ms, found 2 plugins.
Preloading 0 native plugins for Editor in 0.00 ms.
Mono: successfully reloaded assembly
- Completed reload, in  0.812 seconds
Platform modules already initialized, skipping
Registering precompiled user dll's ...
Registered in 0.002533 seconds.
Begin MonoManager ReloadAssembly
Native extension for WindowsStandalone target not found
Native extension for WebGL target not found
Refreshing native plugins compatible for Editor in 0.28 ms, found 2 plugins.
Preloading 0 native plugins for Editor in 0.00 ms.
Mono: successfully reloaded assembly
- Completed reload, in  0.769 seconds
Platform modules already initialized, skipping
========================================================================
Worker process is ready to serve import requests
Launched and connected shader compiler UnityShaderCompiler.exe after 0.03 seconds
Refreshing native plugins compatible for Editor in 0.28 ms, found 2 plugins.
Preloading 0 native plugins for Editor in 0.00 ms.
Unloading 1452 Unused Serialized files (Serialized files now loaded: 0)
System memory in use before: 68.5 MB.
System memory in use after: 68.5 MB.

Unloading 18 unused Assets to reduce memory usage. Loaded Objects now: 1888.
Total: 1.438800 ms (FindLiveObjects: 0.119700 ms CreateObjectMapping: 0.037800 ms MarkObjects: 1.234500 ms  DeleteObjects: 0.046100 ms)

========================================================================
Received Import Request.
  path: Assets/Sprites/futureman_53.controller
  artifactKey: Guid(d7b6db1fe3749b449a38f0d7401859ca) Importer(815301076,1909f56bfc062723c751e8b465ee728b)
Start importing Assets/Sprites/futureman_53.controller using Guid(d7b6db1fe3749b449a38f0d7401859ca) Importer(815301076,1909f56bfc062723c751e8b465ee728b)  -> (artifact id: 'c24205404e062599216a6f236faf0335') in 0.025610 seconds
  Import took 0.027385 seconds .

========================================================================
Received Prepare
Refreshing native plugins compatible for Editor in 1.93 ms, found 2 plugins.
Preloading 0 native plugins for Editor in 0.00 ms.
Unloading 11 Unused Serialized files (Serialized files now loaded: 0)
System memory in use before: 38.7 MB.
System memory in use after: 38.8 MB.

Unloading 11 unused Assets to reduce memory usage. Loaded Objects now: 1888.
Total: 1.610600 ms (FindLiveObjects: 0.121900 ms CreateObjectMapping: 0.038600 ms MarkObjects: 1.441500 ms  DeleteObjects: 0.008100 ms)

========================================================================
Received Import Request.
  Time since last request: 492.106096 seconds.
  path: Assets/Scripts/characterController.cs
  artifactKey: Guid(609db09ba3f8fa84b8a9ba62e0553481) Importer(815301076,1909f56bfc062723c751e8b465ee728b)
Start importing Assets/Scripts/characterController.cs using Guid(609db09ba3f8fa84b8a9ba62e0553481) Importer(815301076,1909f56bfc062723c751e8b465ee728b)  -> (artifact id: 'e8b5cb5bc66b8bac284856a0c0454be2') in 0.009056 seconds
  Import took 0.011265 seconds .

========================================================================
Received Import Request.
  Time since last request: 0.062368 seconds.
  path: Assets/Scripts/characterController.cs
  artifactKey: Guid(609db09ba3f8fa84b8a9ba62e0553481) Importer(815301076,1909f56bfc062723c751e8b465ee728b)
Start importing Assets/Scripts/characterController.cs using Guid(609db09ba3f8fa84b8a9ba62e0553481) Importer(815301076,1909f56bfc062723c751e8b465ee728b)  -> (artifact id: 'e8b5cb5bc66b8bac284856a0c0454be2') in 0.003198 seconds
  Import took 0.005460 seconds .

========================================================================
Received Import Request.
  Time since last request: 380.335403 seconds.
  path: Assets/Scripts/characterController.cs
  artifactKey: Guid(609db09ba3f8fa84b8a9ba62e0553481) Importer(815301076,1909f56bfc062723c751e8b465ee728b)
Start importing Assets/Scripts/characterController.cs using Guid(609db09ba3f8fa84b8a9ba62e0553481) Importer(815301076,1909f56bfc062723c751e8b465ee728b)  -> (artifact id: '1cf3e9a6e573900b139961ec71b487ed') in 0.002087 seconds
  Import took 0.005278 seconds .

========================================================================
Received Import Request.
  Time since last request: 0.022101 seconds.
  path: Assets/Scripts/characterController.cs
  artifactKey: Guid(609db09ba3f8fa84b8a9ba62e0553481) Importer(815301076,1909f56bfc062723c751e8b465ee728b)
Start importing Assets/Scripts/characterController.cs using Guid(609db09ba3f8fa84b8a9ba62e0553481) Importer(815301076,1909f56bfc062723c751e8b465ee728b)  -> (artifact id: '1cf3e9a6e573900b139961ec71b487ed') in 0.003208 seconds
  Import took 0.005339 seconds .

========================================================================
Received Prepare
Registering precompiled user dll's ...
Registered in 0.002321 seconds.
Begin MonoManager ReloadAssembly
Native extension for WindowsStandalone target not found
Native extension for WebGL target not found
Refreshing native plugins compatible for Editor in 0.27 ms, found 2 plugins.
Preloading 0 native plugins for Editor in 0.00 ms.
Mono: successfully reloaded assembly
- Completed reload, in  0.742 seconds
Platform modules already initialized, skipping
Refreshing native plugins compatible for Editor in 0.29 ms, found 2 plugins.
Preloading 0 native plugins for Editor in 0.00 ms.
Unloading 1433 Unused Serialized files (Serialized files now loaded: 0)
System memory in use before: 67.0 MB.
System memory in use after: 67.2 MB.

Unloading 13 unused Assets to reduce memory usage. Loaded Objects now: 1891.
Total: 1.528400 ms (FindLiveObjects: 0.133700 ms CreateObjectMapping: 0.042900 ms MarkObjects: 1.337800 ms  DeleteObjects: 0.013300 ms)

========================================================================
Received Import Request.
  Time since last request: 139.925995 seconds.
  path: Assets/Scripts/characterController.cs
  artifactKey: Guid(609db09ba3f8fa84b8a9ba62e0553481) Importer(815301076,1909f56bfc062723c751e8b465ee728b)
Start importing Assets/Scripts/characterController.cs using Guid(609db09ba3f8fa84b8a9ba62e0553481) Importer(815301076,1909f56bfc062723c751e8b465ee728b)  -> (artifact id: '9377cb334dcc62ef713e0e6bc0d961d3') in 0.005092 seconds
  Import took 0.009885 seconds .

========================================================================
Received Prepare
Registering precompiled user dll's ...
Registered in 0.002318 seconds.
Begin MonoManager ReloadAssembly
Native extension for WindowsStandalone target not found
Native extension for WebGL target not found
Refreshing native plugins compatible for Editor in 0.27 ms, found 2 plugins.
Preloading 0 native plugins for Editor in 0.00 ms.
Mono: successfully reloaded assembly
- Completed reload, in  0.715 seconds
Platform modules already initialized, skipping
Refreshing native plugins compatible for Editor in 0.27 ms, found 2 plugins.
Preloading 0 native plugins for Editor in 0.00 ms.
Unloading 1433 Unused Serialized files (Serialized files now loaded: 0)
System memory in use before: 67.1 MB.
System memory in use after: 67.2 MB.

Unloading 13 unused Assets to reduce memory usage. Loaded Objects now: 1894.
Total: 1.404500 ms (FindLiveObjects: 0.124300 ms CreateObjectMapping: 0.037300 ms MarkObjects: 1.230900 ms  DeleteObjects: 0.011200 ms)

========================================================================
Received Import Request.
  Time since last request: 17.968642 seconds.
  path: Assets/Scripts/characterController.cs
  artifactKey: Guid(609db09ba3f8fa84b8a9ba62e0553481) Importer(815301076,1909f56bfc062723c751e8b465ee728b)
Start importing Assets/Scripts/characterController.cs using Guid(609db09ba3f8fa84b8a9ba62e0553481) Importer(815301076,1909f56bfc062723c751e8b465ee728b)  -> (artifact id: 'fed0f072d6c93530e239ed678e87540c') in 0.003803 seconds
  Import took 0.005968 seconds .

========================================================================
Received Import Request.
  Time since last request: 0.001067 seconds.
  path: Assets/Scripts/characterController.cs
  artifactKey: Guid(609db09ba3f8fa84b8a9ba62e0553481) Importer(815301076,1909f56bfc062723c751e8b465ee728b)
Start importing Assets/Scripts/characterController.cs using Guid(609db09ba3f8fa84b8a9ba62e0553481) Importer(815301076,1909f56bfc062723c751e8b465ee728b)  -> (artifact id: 'fed0f072d6c93530e239ed678e87540c') in 0.003168 seconds
  Import took 0.005062 seconds .

========================================================================
Received Prepare
Registering precompiled user dll's ...
Registered in 0.002687 seconds.
Begin MonoManager ReloadAssembly
Native extension for WindowsStandalone target not found
Native extension for WebGL target not found
Refreshing native plugins compatible for Editor in 0.28 ms, found 2 plugins.
Preloading 0 native plugins for Editor in 0.00 ms.
Mono: successfully reloaded assembly
- Completed reload, in  0.720 seconds
Platform modules already initialized, skipping
Refreshing native plugins compatible for Editor in 0.28 ms, found 2 plugins.
Preloading 0 native plugins for Editor in 0.00 ms.
Unloading 1433 Unused Serialized files (Serialized files now loaded: 0)
System memory in use before: 67.1 MB.
System memory in use after: 67.2 MB.

Unloading 13 unused Assets to reduce memory usage. Loaded Objects now: 1897.
Total: 1.409700 ms (FindLiveObjects: 0.119100 ms CreateObjectMapping: 0.037400 ms MarkObjects: 1.241100 ms  DeleteObjects: 0.011200 ms)

========================================================================
Received Prepare
Registering precompiled user dll's ...
Registered in 0.002256 seconds.
Begin MonoManager ReloadAssembly
Native extension for WindowsStandalone target not found
Native extension for WebGL target not found
Refreshing native plugins compatible for Editor in 0.28 ms, found 2 plugins.
Preloading 0 native plugins for Editor in 0.00 ms.
Mono: successfully reloaded assembly
- Completed reload, in  0.722 seconds
Platform modules already initialized, skipping
Refreshing native plugins compatible for Editor in 0.28 ms, found 2 plugins.
Preloading 0 native plugins for Editor in 0.00 ms.
Unloading 1433 Unused Serialized files (Serialized files now loaded: 0)
System memory in use before: 67.1 MB.
System memory in use after: 67.2 MB.

Unloading 13 unused Assets to reduce memory usage. Loaded Objects now: 1900.
Total: 1.507100 ms (FindLiveObjects: 0.113900 ms CreateObjectMapping: 0.046000 ms MarkObjects: 1.333200 ms  DeleteObjects: 0.013000 ms)

========================================================================
Received Prepare
Registering precompiled user dll's ...
Registered in 0.002270 seconds.
Begin MonoManager ReloadAssembly
Native extension for WindowsStandalone target not found
Native extension for WebGL target not found
Refreshing native plugins compatible for Editor in 0.29 ms, found 2 plugins.
Preloading 0 native plugins for Editor in 0.00 ms.
Mono: successfully reloaded assembly
- Completed reload, in  0.736 seconds
Platform modules already initialized, skipping
Refreshing native plugins compatible for Editor in 0.28 ms, found 2 plugins.
Preloading 0 native plugins for Editor in 0.00 ms.
Unloading 1433 Unused Serialized files (Serialized files now loaded: 0)
System memory in use before: 67.1 MB.
System memory in use after: 67.2 MB.

Unloading 13 unused Assets to reduce memory usage. Loaded Objects now: 1903.
Total: 1.466700 ms (FindLiveObjects: 0.130800 ms CreateObjectMapping: 0.042800 ms MarkObjects: 1.280600 ms  DeleteObjects: 0.011900 ms)

========================================================================
Received Import Request.
  Time since last request: 153.991139 seconds.
  path: Assets/Scenes/Level_0.unity
  artifactKey: Guid(2c6c7d3fb1dad194fb0456434969acb2) Importer(815301076,1909f56bfc062723c751e8b465ee728b)
Start importing Assets/Scenes/Level_0.unity using Guid(2c6c7d3fb1dad194fb0456434969acb2) Importer(815301076,1909f56bfc062723c751e8b465ee728b)  -> (artifact id: 'b6578db8c9255816e7863e329c5f7eea') in 0.018765 seconds
  Import took 0.020654 seconds .

========================================================================
Received Prepare
Registering precompiled user dll's ...
Registered in 0.002311 seconds.
Begin MonoManager ReloadAssembly
Native extension for WindowsStandalone target not found
Native extension for WebGL target not found
Refreshing native plugins compatible for Editor in 0.28 ms, found 2 plugins.
Preloading 0 native plugins for Editor in 0.00 ms.
Mono: successfully reloaded assembly
- Completed reload, in  0.713 seconds
Platform modules already initialized, skipping
Refreshing native plugins compatible for Editor in 0.28 ms, found 2 plugins.
Preloading 0 native plugins for Editor in 0.00 ms.
Unloading 1433 Unused Serialized files (Serialized files now loaded: 0)
System memory in use before: 67.1 MB.
System memory in use after: 67.2 MB.

Unloading 13 unused Assets to reduce memory usage. Loaded Objects now: 1906.
Total: 1.377200 ms (FindLiveObjects: 0.116600 ms CreateObjectMapping: 0.037000 ms MarkObjects: 1.211900 ms  DeleteObjects: 0.011000 ms)

========================================================================
Received Prepare
Registering precompiled user dll's ...
Registered in 0.002323 seconds.
Begin MonoManager ReloadAssembly
Native extension for WindowsStandalone target not found
Native extension for WebGL target not found
Refreshing native plugins compatible for Editor in 0.28 ms, found 2 plugins.
Preloading 0 native plugins for Editor in 0.00 ms.
Mono: successfully reloaded assembly
- Completed reload, in  0.740 seconds
Platform modules already initialized, skipping
Refreshing native plugins compatible for Editor in 0.38 ms, found 2 plugins.
Preloading 0 native plugins for Editor in 0.00 ms.
Unloading 1433 Unused Serialized files (Serialized files now loaded: 0)
System memory in use before: 67.1 MB.
System memory in use after: 67.2 MB.

Unloading 13 unused Assets to reduce memory usage. Loaded Objects now: 1909.
Total: 1.552600 ms (FindLiveObjects: 0.164400 ms CreateObjectMapping: 0.060200 ms MarkObjects: 1.315500 ms  DeleteObjects: 0.011700 ms)

========================================================================
Received Prepare
Registering precompiled user dll's ...
Registered in 0.002301 seconds.
Begin MonoManager ReloadAssembly
Native extension for WindowsStandalone target not found
Native extension for WebGL target not found
Refreshing native plugins compatible for Editor in 0.28 ms, found 2 plugins.
Preloading 0 native plugins for Editor in 0.00 ms.
Mono: successfully reloaded assembly
- Completed reload, in  0.735 seconds
Platform modules already initialized, skipping
Refreshing native plugins compatible for Editor in 0.27 ms, found 2 plugins.
Preloading 0 native plugins for Editor in 0.00 ms.
Unloading 1433 Unused Serialized files (Serialized files now loaded: 0)
System memory in use before: 67.1 MB.
System memory in use after: 67.2 MB.

Unloading 13 unused Assets to reduce memory usage. Loaded Objects now: 1912.
Total: 1.425500 ms (FindLiveObjects: 0.121500 ms CreateObjectMapping: 0.035600 ms MarkObjects: 1.256100 ms  DeleteObjects: 0.011600 ms)

========================================================================
Received Prepare
Registering precompiled user dll's ...
Registered in 0.002241 seconds.
Begin MonoManager ReloadAssembly
Native extension for WindowsStandalone target not found
Native extension for WebGL target not found
Refreshing native plugins compatible for Editor in 0.29 ms, found 2 plugins.
Preloading 0 native plugins for Editor in 0.00 ms.
Mono: successfully reloaded assembly
- Completed reload, in  0.762 seconds
Platform modules already initialized, skipping
Refreshing native plugins compatible for Editor in 0.27 ms, found 2 plugins.
Preloading 0 native plugins for Editor in 0.00 ms.
Unloading 1433 Unused Serialized files (Serialized files now loaded: 0)
System memory in use before: 67.1 MB.
System memory in use after: 67.2 MB.

Unloading 13 unused Assets to reduce memory usage. Loaded Objects now: 1915.
Total: 1.428600 ms (FindLiveObjects: 0.117700 ms CreateObjectMapping: 0.036400 ms MarkObjects: 1.262500 ms  DeleteObjects: 0.011400 ms)

========================================================================
Received Prepare
Registering precompiled user dll's ...
Registered in 0.002362 seconds.
Begin MonoManager ReloadAssembly
Native extension for WindowsStandalone target not found
Native extension for WebGL target not found
Refreshing native plugins compatible for Editor in 0.29 ms, found 2 plugins.
Preloading 0 native plugins for Editor in 0.00 ms.
Mono: successfully reloaded assembly
- Completed reload, in  0.730 seconds
Platform modules already initialized, skipping
Refreshing native plugins compatible for Editor in 0.29 ms, found 2 plugins.
Preloading 0 native plugins for Editor in 0.00 ms.
Unloading 1433 Unused Serialized files (Serialized files now loaded: 0)
System memory in use before: 67.1 MB.
System memory in use after: 67.3 MB.

Unloading 13 unused Assets to reduce memory usage. Loaded Objects now: 1918.
Total: 1.427300 ms (FindLiveObjects: 0.119300 ms CreateObjectMapping: 0.037000 ms MarkObjects: 1.258600 ms  DeleteObjects: 0.011500 ms)

========================================================================
Received Prepare
Registering precompiled user dll's ...
Registered in 0.002431 seconds.
Begin MonoManager ReloadAssembly
Native extension for WindowsStandalone target not found
Native extension for WebGL target not found
Refreshing native plugins compatible for Editor in 0.28 ms, found 2 plugins.
Preloading 0 native plugins for Editor in 0.00 ms.
Mono: successfully reloaded assembly
- Completed reload, in  0.734 seconds
Platform modules already initialized, skipping
Refreshing native plugins compatible for Editor in 0.27 ms, found 2 plugins.
Preloading 0 native plugins for Editor in 0.00 ms.
Unloading 1433 Unused Serialized files (Serialized files now loaded: 0)
System memory in use before: 67.2 MB.
System memory in use after: 67.3 MB.

Unloading 13 unused Assets to reduce memory usage. Loaded Objects now: 1921.
Total: 1.483200 ms (FindLiveObjects: 0.158000 ms CreateObjectMapping: 0.046200 ms MarkObjects: 1.266800 ms  DeleteObjects: 0.011600 ms)

========================================================================
Received Prepare
Registering precompiled user dll's ...
Registered in 0.002307 seconds.
Begin MonoManager ReloadAssembly
Native extension for WindowsStandalone target not found
Native extension for WebGL target not found
Refreshing native plugins compatible for Editor in 0.32 ms, found 2 plugins.
Preloading 0 native plugins for Editor in 0.00 ms.
Mono: successfully reloaded assembly
- Completed reload, in  0.756 seconds
Platform modules already initialized, skipping
Refreshing native plugins compatible for Editor in 0.29 ms, found 2 plugins.
Preloading 0 native plugins for Editor in 0.00 ms.
Unloading 1433 Unused Serialized files (Serialized files now loaded: 0)
System memory in use before: 67.2 MB.
System memory in use after: 67.3 MB.

Unloading 13 unused Assets to reduce memory usage. Loaded Objects now: 1924.
Total: 1.906000 ms (FindLiveObjects: 0.142800 ms CreateObjectMapping: 0.050100 ms MarkObjects: 1.696000 ms  DeleteObjects: 0.016200 ms)

========================================================================
Received Prepare
Registering precompiled user dll's ...
Registered in 0.002324 seconds.
Begin MonoManager ReloadAssembly
Native extension for WindowsStandalone target not found
Native extension for WebGL target not found
Refreshing native plugins compatible for Editor in 0.29 ms, found 2 plugins.
Preloading 0 native plugins for Editor in 0.00 ms.
Mono: successfully reloaded assembly
- Completed reload, in  0.758 seconds
Platform modules already initialized, skipping
Refreshing native plugins compatible for Editor in 0.31 ms, found 2 plugins.
Preloading 0 native plugins for Editor in 0.00 ms.
Unloading 1433 Unused Serialized files (Serialized files now loaded: 0)
System memory in use before: 67.2 MB.
System memory in use after: 67.3 MB.

Unloading 13 unused Assets to reduce memory usage. Loaded Objects now: 1927.
Total: 1.595400 ms (FindLiveObjects: 0.152800 ms CreateObjectMapping: 0.050200 ms MarkObjects: 1.378600 ms  DeleteObjects: 0.013100 ms)

========================================================================
Received Prepare
Registering precompiled user dll's ...
Registered in 0.003417 seconds.
Begin MonoManager ReloadAssembly
Native extension for WindowsStandalone target not found
Native extension for WebGL target not found
Refreshing native plugins compatible for Editor in 0.29 ms, found 2 plugins.
Preloading 0 native plugins for Editor in 0.00 ms.
Mono: successfully reloaded assembly
- Completed reload, in  0.743 seconds
Platform modules already initialized, skipping
Refreshing native plugins compatible for Editor in 0.30 ms, found 2 plugins.
Preloading 0 native plugins for Editor in 0.00 ms.
Unloading 1433 Unused Serialized files (Serialized files now loaded: 0)
System memory in use before: 67.2 MB.
System memory in use after: 67.3 MB.

Unloading 13 unused Assets to reduce memory usage. Loaded Objects now: 1930.
Total: 1.699100 ms (FindLiveObjects: 0.139100 ms CreateObjectMapping: 0.045100 ms MarkObjects: 1.495800 ms  DeleteObjects: 0.018200 ms)

========================================================================
Received Prepare
Registering precompiled user dll's ...
Registered in 0.002431 seconds.
Begin MonoManager ReloadAssembly
Native extension for WindowsStandalone target not found
Native extension for WebGL target not found
Refreshing native plugins compatible for Editor in 0.28 ms, found 2 plugins.
Preloading 0 native plugins for Editor in 0.00 ms.
Mono: successfully reloaded assembly
- Completed reload, in  0.703 seconds
Platform modules already initialized, skipping
Refreshing native plugins compatible for Editor in 0.27 ms, found 2 plugins.
Preloading 0 native plugins for Editor in 0.00 ms.
Unloading 1433 Unused Serialized files (Serialized files now loaded: 0)
System memory in use before: 67.2 MB.
System memory in use after: 67.3 MB.

Unloading 13 unused Assets to reduce memory usage. Loaded Objects now: 1933.
Total: 1.421000 ms (FindLiveObjects: 0.119800 ms CreateObjectMapping: 0.037400 ms MarkObjects: 1.251800 ms  DeleteObjects: 0.011200 ms)

========================================================================
Received Prepare
Registering precompiled user dll's ...
Registered in 0.002549 seconds.
Begin MonoManager ReloadAssembly
Native extension for WindowsStandalone target not found
Native extension for WebGL target not found
Refreshing native plugins compatible for Editor in 0.28 ms, found 2 plugins.
Preloading 0 native plugins for Editor in 0.00 ms.
Mono: successfully reloaded assembly
- Completed reload, in  0.746 seconds
Platform modules already initialized, skipping
Refreshing native plugins compatible for Editor in 0.27 ms, found 2 plugins.
Preloading 0 native plugins for Editor in 0.00 ms.
Unloading 1433 Unused Serialized files (Serialized files now loaded: 0)
System memory in use before: 67.2 MB.
System memory in use after: 67.3 MB.

Unloading 13 unused Assets to reduce memory usage. Loaded Objects now: 1936.
Total: 1.421400 ms (FindLiveObjects: 0.127100 ms CreateObjectMapping: 0.038000 ms MarkObjects: 1.243700 ms  DeleteObjects: 0.011800 ms)

========================================================================
Received Prepare
Registering precompiled user dll's ...
Registered in 0.002276 seconds.
Begin MonoManager ReloadAssembly
Native extension for WindowsStandalone target not found
Native extension for WebGL target not found
Refreshing native plugins compatible for Editor in 0.29 ms, found 2 plugins.
Preloading 0 native plugins for Editor in 0.00 ms.
Mono: successfully reloaded assembly
- Completed reload, in  0.733 seconds
Platform modules already initialized, skipping
Refreshing native plugins compatible for Editor in 0.29 ms, found 2 plugins.
Preloading 0 native plugins for Editor in 0.00 ms.
Unloading 1433 Unused Serialized files (Serialized files now loaded: 0)
System memory in use before: 67.2 MB.
System memory in use after: 67.3 MB.

Unloading 13 unused Assets to reduce memory usage. Loaded Objects now: 1939.
Total: 1.468500 ms (FindLiveObjects: 0.123500 ms CreateObjectMapping: 0.038200 ms MarkObjects: 1.293700 ms  DeleteObjects: 0.012300 ms)

========================================================================
Received Prepare
Registering precompiled user dll's ...
Registered in 0.002350 seconds.
Begin MonoManager ReloadAssembly
Native extension for WindowsStandalone target not found
Native extension for WebGL target not found
Refreshing native plugins compatible for Editor in 0.28 ms, found 2 plugins.
Preloading 0 native plugins for Editor in 0.00 ms.
Mono: successfully reloaded assembly
- Completed reload, in  0.742 seconds
Platform modules already initialized, skipping
Refreshing native plugins compatible for Editor in 0.32 ms, found 2 plugins.
Preloading 0 native plugins for Editor in 0.00 ms.
Unloading 1433 Unused Serialized files (Serialized files now loaded: 0)
System memory in use before: 67.2 MB.
System memory in use after: 67.3 MB.

Unloading 13 unused Assets to reduce memory usage. Loaded Objects now: 1942.
Total: 1.650400 ms (FindLiveObjects: 0.179700 ms CreateObjectMapping: 0.073300 ms MarkObjects: 1.384000 ms  DeleteObjects: 0.012600 ms)

========================================================================
Received Prepare
Registering precompiled user dll's ...
Registered in 0.002288 seconds.
Begin MonoManager ReloadAssembly
Native extension for WindowsStandalone target not found
Native extension for WebGL target not found
Refreshing native plugins compatible for Editor in 0.28 ms, found 2 plugins.
Preloading 0 native plugins for Editor in 0.00 ms.
Mono: successfully reloaded assembly
- Completed reload, in  0.731 seconds
Platform modules already initialized, skipping
Refreshing native plugins compatible for Editor in 0.32 ms, found 2 plugins.
Preloading 0 native plugins for Editor in 0.00 ms.
Unloading 1433 Unused Serialized files (Serialized files now loaded: 0)
System memory in use before: 67.2 MB.
System memory in use after: 67.3 MB.

Unloading 13 unused Assets to reduce memory usage. Loaded Objects now: 1945.
Total: 1.507000 ms (FindLiveObjects: 0.158000 ms CreateObjectMapping: 0.051900 ms MarkObjects: 1.283800 ms  DeleteObjects: 0.012300 ms)

========================================================================
Received Import Request.
  Time since last request: 976.908165 seconds.
  path: Assets/Animation/futureman_53.controller
  artifactKey: Guid(d7b6db1fe3749b449a38f0d7401859ca) Importer(815301076,1909f56bfc062723c751e8b465ee728b)
Start importing Assets/Animation/futureman_53.controller using Guid(d7b6db1fe3749b449a38f0d7401859ca) Importer(815301076,1909f56bfc062723c751e8b465ee728b)  -> (artifact id: 'cca6b5b6a122f33318f7cf25e140f876') in 0.021960 seconds
  Import took 0.024569 seconds .

========================================================================
Received Import Request.
  Time since last request: 6.722171 seconds.
  path: Assets/Animation/futureman_105.controller
  artifactKey: Guid(783fcf710153be74383a04116de64e57) Importer(815301076,1909f56bfc062723c751e8b465ee728b)
Start importing Assets/Animation/futureman_105.controller using Guid(783fcf710153be74383a04116de64e57) Importer(815301076,1909f56bfc062723c751e8b465ee728b)  -> (artifact id: '4a9597762ad328f1b622568e2d68cbfb') in 0.008324 seconds
  Import took 0.010218 seconds .

========================================================================
Received Import Request.
  Time since last request: 35.111485 seconds.
  path: Assets/Animation/Dash.anim
  artifactKey: Guid(17da4b1c45d682d4e800fa6020dd4936) Importer(815301076,1909f56bfc062723c751e8b465ee728b)
Start importing Assets/Animation/Dash.anim using Guid(17da4b1c45d682d4e800fa6020dd4936) Importer(815301076,1909f56bfc062723c751e8b465ee728b)  -> (artifact id: '67934cbbc30652de4301754fb5fb421a') in 0.009250 seconds
  Import took 0.011232 seconds .

========================================================================
Received Import Request.
  Time since last request: 0.000989 seconds.
  path: Assets/Animation/Dash.anim
  artifactKey: Guid(17da4b1c45d682d4e800fa6020dd4936) Importer(815301076,1909f56bfc062723c751e8b465ee728b)
Start importing Assets/Animation/Dash.anim using Guid(17da4b1c45d682d4e800fa6020dd4936) Importer(815301076,1909f56bfc062723c751e8b465ee728b)  -> (artifact id: '67934cbbc30652de4301754fb5fb421a') in 0.003517 seconds
  Import took 0.005461 seconds .

========================================================================
Received Import Request.
  Time since last request: 211.657441 seconds.
  path: Assets/Animation/Player.controller
  artifactKey: Guid(a5ced5472f154984c96fae22901b7cd1) Importer(815301076,1909f56bfc062723c751e8b465ee728b)
Start importing Assets/Animation/Player.controller using Guid(a5ced5472f154984c96fae22901b7cd1) Importer(815301076,1909f56bfc062723c751e8b465ee728b)  -> (artifact id: '7a76078671419f148f0e22056363aca1') in 0.009510 seconds
  Import took 0.011823 seconds .

========================================================================
Received Prepare
Registering precompiled user dll's ...
Registered in 0.003406 seconds.
Begin MonoManager ReloadAssembly
Native extension for WindowsStandalone target not found
Native extension for WebGL target not found
Refreshing native plugins compatible for Editor in 0.29 ms, found 2 plugins.
Preloading 0 native plugins for Editor in 0.00 ms.
Mono: successfully reloaded assembly
- Completed reload, in  0.723 seconds
Platform modules already initialized, skipping
Refreshing native plugins compatible for Editor in 0.29 ms, found 2 plugins.
Preloading 0 native plugins for Editor in 0.00 ms.
Unloading 1433 Unused Serialized files (Serialized files now loaded: 0)
System memory in use before: 67.2 MB.
System memory in use after: 67.3 MB.

Unloading 13 unused Assets to reduce memory usage. Loaded Objects now: 1948.
Total: 1.564300 ms (FindLiveObjects: 0.156500 ms CreateObjectMapping: 0.053700 ms MarkObjects: 1.341700 ms  DeleteObjects: 0.011400 ms)

========================================================================
Received Prepare
Registering precompiled user dll's ...
Registered in 0.002466 seconds.
Begin MonoManager ReloadAssembly
Native extension for WindowsStandalone target not found
Native extension for WebGL target not found
Refreshing native plugins compatible for Editor in 0.29 ms, found 2 plugins.
Preloading 0 native plugins for Editor in 0.00 ms.
Mono: successfully reloaded assembly
- Completed reload, in  0.729 seconds
Platform modules already initialized, skipping
Refreshing native plugins compatible for Editor in 0.28 ms, found 2 plugins.
Preloading 0 native plugins for Editor in 0.00 ms.
Unloading 1433 Unused Serialized files (Serialized files now loaded: 0)
System memory in use before: 67.2 MB.
System memory in use after: 67.3 MB.

Unloading 13 unused Assets to reduce memory usage. Loaded Objects now: 1951.
Total: 1.630100 ms (FindLiveObjects: 0.149700 ms CreateObjectMapping: 0.044400 ms MarkObjects: 1.421500 ms  DeleteObjects: 0.013600 ms)

========================================================================
Received Prepare
Registering precompiled user dll's ...
Registered in 0.002378 seconds.
Begin MonoManager ReloadAssembly
Native extension for WindowsStandalone target not found
Native extension for WebGL target not found
Refreshing native plugins compatible for Editor in 0.29 ms, found 2 plugins.
Preloading 0 native plugins for Editor in 0.00 ms.
Mono: successfully reloaded assembly
- Completed reload, in  0.722 seconds
Platform modules already initialized, skipping
Refreshing native plugins compatible for Editor in 0.27 ms, found 2 plugins.
Preloading 0 native plugins for Editor in 0.00 ms.
Unloading 1433 Unused Serialized files (Serialized files now loaded: 0)
System memory in use before: 67.2 MB.
System memory in use after: 67.3 MB.

Unloading 13 unused Assets to reduce memory usage. Loaded Objects now: 1954.
Total: 1.428800 ms (FindLiveObjects: 0.122200 ms CreateObjectMapping: 0.036800 ms MarkObjects: 1.257700 ms  DeleteObjects: 0.011300 ms)

========================================================================
Received Prepare
Registering precompiled user dll's ...
Registered in 0.002325 seconds.
Begin MonoManager ReloadAssembly
Native extension for WindowsStandalone target not found
Native extension for WebGL target not found
Refreshing native plugins compatible for Editor in 0.45 ms, found 2 plugins.
Preloading 0 native plugins for Editor in 0.00 ms.
Mono: successfully reloaded assembly
- Completed reload, in  0.729 seconds
Platform modules already initialized, skipping
Refreshing native plugins compatible for Editor in 0.28 ms, found 2 plugins.
Preloading 0 native plugins for Editor in 0.00 ms.
Unloading 1433 Unused Serialized files (Serialized files now loaded: 0)
System memory in use before: 67.2 MB.
System memory in use after: 67.3 MB.

Unloading 13 unused Assets to reduce memory usage. Loaded Objects now: 1957.
Total: 1.698700 ms (FindLiveObjects: 0.127400 ms CreateObjectMapping: 0.038100 ms MarkObjects: 1.515200 ms  DeleteObjects: 0.017100 ms)

========================================================================
Received Prepare
Registering precompiled user dll's ...
Registered in 0.002383 seconds.
Begin MonoManager ReloadAssembly
Native extension for WindowsStandalone target not found
Native extension for WebGL target not found
Refreshing native plugins compatible for Editor in 0.43 ms, found 2 plugins.
Preloading 0 native plugins for Editor in 0.00 ms.
Mono: successfully reloaded assembly
- Completed reload, in  0.734 seconds
Platform modules already initialized, skipping
Refreshing native plugins compatible for Editor in 0.31 ms, found 2 plugins.
Preloading 0 native plugins for Editor in 0.00 ms.
Unloading 1433 Unused Serialized files (Serialized files now loaded: 0)
System memory in use before: 67.2 MB.
System memory in use after: 67.3 MB.

Unloading 13 unused Assets to reduce memory usage. Loaded Objects now: 1960.
Total: 1.431200 ms (FindLiveObjects: 0.126400 ms CreateObjectMapping: 0.038500 ms MarkObjects: 1.253500 ms  DeleteObjects: 0.012000 ms)

========================================================================
Received Import Request.
  Time since last request: 280.313639 seconds.
  path: Assets/Scenes/Level_2.unity
  artifactKey: Guid(c1bc5974fa7e6634893460b89f031ad2) Importer(815301076,1909f56bfc062723c751e8b465ee728b)
Start importing Assets/Scenes/Level_2.unity using Guid(c1bc5974fa7e6634893460b89f031ad2) Importer(815301076,1909f56bfc062723c751e8b465ee728b)  -> (artifact id: '7c31be3133e946bb2e0b08e046d9a0cb') in 0.017526 seconds
  Import took 0.019629 seconds .

========================================================================
Received Prepare
Registering precompiled user dll's ...
Registered in 0.002292 seconds.
Begin MonoManager ReloadAssembly
Native extension for WindowsStandalone target not found
Native extension for WebGL target not found
Refreshing native plugins compatible for Editor in 0.28 ms, found 2 plugins.
Preloading 0 native plugins for Editor in 0.00 ms.
Mono: successfully reloaded assembly
- Completed reload, in  0.722 seconds
Platform modules already initialized, skipping
Refreshing native plugins compatible for Editor in 0.38 ms, found 2 plugins.
Preloading 0 native plugins for Editor in 0.00 ms.
Unloading 1433 Unused Serialized files (Serialized files now loaded: 0)
System memory in use before: 67.2 MB.
System memory in use after: 67.3 MB.

Unloading 13 unused Assets to reduce memory usage. Loaded Objects now: 1963.
Total: 1.504800 ms (FindLiveObjects: 0.133200 ms CreateObjectMapping: 0.041400 ms MarkObjects: 1.316000 ms  DeleteObjects: 0.013700 ms)

========================================================================
Received Prepare
Registering precompiled user dll's ...
Registered in 0.002298 seconds.
Begin MonoManager ReloadAssembly
Native extension for WindowsStandalone target not found
Native extension for WebGL target not found
Refreshing native plugins compatible for Editor in 0.46 ms, found 2 plugins.
Preloading 0 native plugins for Editor in 0.00 ms.
Mono: successfully reloaded assembly
- Completed reload, in  0.760 seconds
Platform modules already initialized, skipping
Refreshing native plugins compatible for Editor in 0.27 ms, found 2 plugins.
Preloading 0 native plugins for Editor in 0.00 ms.
Unloading 1433 Unused Serialized files (Serialized files now loaded: 0)
System memory in use before: 67.2 MB.
System memory in use after: 67.4 MB.

Unloading 13 unused Assets to reduce memory usage. Loaded Objects now: 1966.
Total: 1.423300 ms (FindLiveObjects: 0.125500 ms CreateObjectMapping: 0.036600 ms MarkObjects: 1.249300 ms  DeleteObjects: 0.011300 ms)

========================================================================
Received Prepare
Registering precompiled user dll's ...
Registered in 0.002391 seconds.
Begin MonoManager ReloadAssembly
Native extension for WindowsStandalone target not found
Native extension for WebGL target not found
Refreshing native plugins compatible for Editor in 0.28 ms, found 2 plugins.
Preloading 0 native plugins for Editor in 0.00 ms.
Mono: successfully reloaded assembly
- Completed reload, in  0.713 seconds
Platform modules already initialized, skipping
Refreshing native plugins compatible for Editor in 0.28 ms, found 2 plugins.
Preloading 0 native plugins for Editor in 0.00 ms.
Unloading 1433 Unused Serialized files (Serialized files now loaded: 0)
System memory in use before: 67.3 MB.
System memory in use after: 67.4 MB.

Unloading 13 unused Assets to reduce memory usage. Loaded Objects now: 1969.
Total: 1.558000 ms (FindLiveObjects: 0.136500 ms CreateObjectMapping: 0.041300 ms MarkObjects: 1.367200 ms  DeleteObjects: 0.012200 ms)

========================================================================
Received Import Request.
  Time since last request: 78.909700 seconds.
  path: Assets/Scenes/GameOver.unity
  artifactKey: Guid(4f368f537e38d9b40ad52cc5078e438e) Importer(815301076,1909f56bfc062723c751e8b465ee728b)
Start importing Assets/Scenes/GameOver.unity using Guid(4f368f537e38d9b40ad52cc5078e438e) Importer(815301076,1909f56bfc062723c751e8b465ee728b)  -> (artifact id: '7d5d09aab9eae17ced263cc5314110d4') in 0.014907 seconds
  Import took 0.016759 seconds .

========================================================================
Received Import Request.
  Time since last request: 68.867506 seconds.
  path: Assets/Scenes/Intro.unity
  artifactKey: Guid(1adb254551ba9d84ba1efe608ee94277) Importer(815301076,1909f56bfc062723c751e8b465ee728b)
Start importing Assets/Scenes/Intro.unity using Guid(1adb254551ba9d84ba1efe608ee94277) Importer(815301076,1909f56bfc062723c751e8b465ee728b)  -> (artifact id: '43a9392889fddbb4c98b3fbe66044cce') in 0.007794 seconds
  Import took 0.009702 seconds .

========================================================================
Received Import Request.
  Time since last request: 0.607990 seconds.
  path: Assets/Scenes/Level_0.unity
  artifactKey: Guid(2c6c7d3fb1dad194fb0456434969acb2) Importer(815301076,1909f56bfc062723c751e8b465ee728b)
Start importing Assets/Scenes/Level_0.unity using Guid(2c6c7d3fb1dad194fb0456434969acb2) Importer(815301076,1909f56bfc062723c751e8b465ee728b)  -> (artifact id: '4b0b7b15477e91933ab725b2e01d4545') in 0.003421 seconds
  Import took 0.005264 seconds .

========================================================================
Received Import Request.
  Time since last request: 13.293351 seconds.
  path: Assets/Scenes/GameOver.unity
  artifactKey: Guid(4f368f537e38d9b40ad52cc5078e438e) Importer(815301076,1909f56bfc062723c751e8b465ee728b)
Start importing Assets/Scenes/GameOver.unity using Guid(4f368f537e38d9b40ad52cc5078e438e) Importer(815301076,1909f56bfc062723c751e8b465ee728b)  -> (artifact id: 'a9824bf7f1a60a26f5e383007955ce64') in 0.003581 seconds
  Import took 0.005460 seconds .

========================================================================
Received Import Request.
  Time since last request: 53.394946 seconds.
  path: Assets/Scenes/GameOver.unity
  artifactKey: Guid(4f368f537e38d9b40ad52cc5078e438e) Importer(815301076,1909f56bfc062723c751e8b465ee728b)
Start importing Assets/Scenes/GameOver.unity using Guid(4f368f537e38d9b40ad52cc5078e438e) Importer(815301076,1909f56bfc062723c751e8b465ee728b)  -> (artifact id: '7cfcc83e5bfbc7ce3fe165421d8126b5') in 0.003870 seconds
  Import took 0.005784 seconds .

========================================================================
Received Import Request.
  Time since last request: 24.490015 seconds.
  path: Assets/Prefabs/Player.prefab
  artifactKey: Guid(a7d9afeaae58e3f4c82ccffe4653fd4b) Importer(815301076,1909f56bfc062723c751e8b465ee728b)
Start importing Assets/Prefabs/Player.prefab using Guid(a7d9afeaae58e3f4c82ccffe4653fd4b) Importer(815301076,1909f56bfc062723c751e8b465ee728b)  -> (artifact id: 'bf90a9272eea68e8e4e2a1ef2e8cc6f5') in 0.072746 seconds
  Import took 0.075508 seconds .

========================================================================
Received Import Request.
  Time since last request: 106.822310 seconds.
  path: Assets/Scenes/GameOver.unity
  artifactKey: Guid(4f368f537e38d9b40ad52cc5078e438e) Importer(815301076,1909f56bfc062723c751e8b465ee728b)
Start importing Assets/Scenes/GameOver.unity using Guid(4f368f537e38d9b40ad52cc5078e438e) Importer(815301076,1909f56bfc062723c751e8b465ee728b)  -> (artifact id: '5f5d044fbac5e2c5bbb668f1c0ae1c5f') in 0.004167 seconds
  Import took 0.006409 seconds .

========================================================================
Received Import Request.
  Time since last request: 114.350598 seconds.
  path: Assets/Scenes/GameOver.unity
  artifactKey: Guid(4f368f537e38d9b40ad52cc5078e438e) Importer(815301076,1909f56bfc062723c751e8b465ee728b)
Start importing Assets/Scenes/GameOver.unity using Guid(4f368f537e38d9b40ad52cc5078e438e) Importer(815301076,1909f56bfc062723c751e8b465ee728b)  -> (artifact id: '82e219f8be620409fc9195bd20aa3655') in 0.003642 seconds
  Import took 0.005936 seconds .

========================================================================
Received Import Request.
  Time since last request: 68.011351 seconds.
  path: Assets/Scripts/GameOver.cs
  artifactKey: Guid(c3628ff668fc8c94c8f09ae874a6c179) Importer(815301076,1909f56bfc062723c751e8b465ee728b)
Start importing Assets/Scripts/GameOver.cs using Guid(c3628ff668fc8c94c8f09ae874a6c179) Importer(815301076,1909f56bfc062723c751e8b465ee728b)  -> (artifact id: 'c7afd2b35276bcce94ac0033ff419786') in 0.007267 seconds
  Import took 0.009308 seconds .

========================================================================
Received Import Request.
  Time since last request: 0.001960 seconds.
  path: Assets/Scripts/GameOver.cs
  artifactKey: Guid(c3628ff668fc8c94c8f09ae874a6c179) Importer(815301076,1909f56bfc062723c751e8b465ee728b)
Start importing Assets/Scripts/GameOver.cs using Guid(c3628ff668fc8c94c8f09ae874a6c179) Importer(815301076,1909f56bfc062723c751e8b465ee728b)  -> (artifact id: 'c7afd2b35276bcce94ac0033ff419786') in 0.003668 seconds
  Import took 0.006051 seconds .

========================================================================
Received Prepare
Registering precompiled user dll's ...
Registered in 0.003344 seconds.
Begin MonoManager ReloadAssembly
Native extension for WindowsStandalone target not found
Native extension for WebGL target not found
Refreshing native plugins compatible for Editor in 0.30 ms, found 2 plugins.
Preloading 0 native plugins for Editor in 0.00 ms.
Mono: successfully reloaded assembly
- Completed reload, in  0.751 seconds
Platform modules already initialized, skipping
Refreshing native plugins compatible for Editor in 0.28 ms, found 2 plugins.
Preloading 0 native plugins for Editor in 0.00 ms.
Unloading 1434 Unused Serialized files (Serialized files now loaded: 0)
System memory in use before: 70.5 MB.
System memory in use after: 70.6 MB.

Unloading 13 unused Assets to reduce memory usage. Loaded Objects now: 1980.
Total: 1.611000 ms (FindLiveObjects: 0.140500 ms CreateObjectMapping: 0.040500 ms MarkObjects: 1.413400 ms  DeleteObjects: 0.015800 ms)

========================================================================
Received Prepare
Registering precompiled user dll's ...
Registered in 0.002407 seconds.
Begin MonoManager ReloadAssembly
Native extension for WindowsStandalone target not found
Native extension for WebGL target not found
Refreshing native plugins compatible for Editor in 0.29 ms, found 2 plugins.
Preloading 0 native plugins for Editor in 0.00 ms.
Mono: successfully reloaded assembly
- Completed reload, in  0.733 seconds
Platform modules already initialized, skipping
Refreshing native plugins compatible for Editor in 0.28 ms, found 2 plugins.
Preloading 0 native plugins for Editor in 0.00 ms.
Unloading 1434 Unused Serialized files (Serialized files now loaded: 0)
System memory in use before: 70.5 MB.
System memory in use after: 70.6 MB.

Unloading 13 unused Assets to reduce memory usage. Loaded Objects now: 1983.
Total: 1.385700 ms (FindLiveObjects: 0.120100 ms CreateObjectMapping: 0.036000 ms MarkObjects: 1.217800 ms  DeleteObjects: 0.011100 ms)

========================================================================
Received Import Request.
  Time since last request: 95.218702 seconds.
  path: Assets/Scripts/GameOver.cs
  artifactKey: Guid(c3628ff668fc8c94c8f09ae874a6c179) Importer(815301076,1909f56bfc062723c751e8b465ee728b)
Start importing Assets/Scripts/GameOver.cs using Guid(c3628ff668fc8c94c8f09ae874a6c179) Importer(815301076,1909f56bfc062723c751e8b465ee728b)  -> (artifact id: 'b13ed9d45b191cc42495bae4248c4842') in 0.003647 seconds
  Import took 0.005361 seconds .

========================================================================
Received Import Request.
  Time since last request: 311.128817 seconds.
  path: Assets/Scenes/Level_1.unity
  artifactKey: Guid(39d687ea92e7e594a94a6061a32508b0) Importer(815301076,1909f56bfc062723c751e8b465ee728b)
Start importing Assets/Scenes/Level_1.unity using Guid(39d687ea92e7e594a94a6061a32508b0) Importer(815301076,1909f56bfc062723c751e8b465ee728b)  -> (artifact id: '4d812dc030e1820f6b417d500365645a') in 0.014715 seconds
  Import took 0.017016 seconds .

========================================================================
Received Import Request.
  Time since last request: 9.917816 seconds.
  path: Assets/Scenes/Level_2.unity
  artifactKey: Guid(c1bc5974fa7e6634893460b89f031ad2) Importer(815301076,1909f56bfc062723c751e8b465ee728b)
Start importing Assets/Scenes/Level_2.unity using Guid(c1bc5974fa7e6634893460b89f031ad2) Importer(815301076,1909f56bfc062723c751e8b465ee728b)  -> (artifact id: 'eb34934faab4d435d7a407a6fb03a19f') in 0.003361 seconds
  Import took 0.006356 seconds .

========================================================================
Received Import Request.
  Time since last request: 0.002001 seconds.
  path: Assets/Scenes/Level_2.unity
  artifactKey: Guid(c1bc5974fa7e6634893460b89f031ad2) Importer(815301076,1909f56bfc062723c751e8b465ee728b)
Start importing Assets/Scenes/Level_2.unity using Guid(c1bc5974fa7e6634893460b89f031ad2) Importer(815301076,1909f56bfc062723c751e8b465ee728b)  -> (artifact id: 'eb34934faab4d435d7a407a6fb03a19f') in 0.003410 seconds
  Import took 0.005287 seconds .

========================================================================
Received Prepare
Registering precompiled user dll's ...
Registered in 0.002414 seconds.
Begin MonoManager ReloadAssembly
Native extension for WindowsStandalone target not found
Native extension for WebGL target not found
Refreshing native plugins compatible for Editor in 0.28 ms, found 2 plugins.
Preloading 0 native plugins for Editor in 0.00 ms.
Mono: successfully reloaded assembly
- Completed reload, in  0.726 seconds
Platform modules already initialized, skipping
Refreshing native plugins compatible for Editor in 0.27 ms, found 2 plugins.
Preloading 0 native plugins for Editor in 0.00 ms.
Unloading 1434 Unused Serialized files (Serialized files now loaded: 0)
System memory in use before: 70.5 MB.
System memory in use after: 70.6 MB.

Unloading 13 unused Assets to reduce memory usage. Loaded Objects now: 1986.
Total: 1.459200 ms (FindLiveObjects: 0.128700 ms CreateObjectMapping: 0.038000 ms MarkObjects: 1.280500 ms  DeleteObjects: 0.011300 ms)

========================================================================
Received Prepare
Registering precompiled user dll's ...
Registered in 0.002351 seconds.
Begin MonoManager ReloadAssembly
Native extension for WindowsStandalone target not found
Native extension for WebGL target not found
Refreshing native plugins compatible for Editor in 0.28 ms, found 2 plugins.
Preloading 0 native plugins for Editor in 0.00 ms.
Mono: successfully reloaded assembly
- Completed reload, in  0.721 seconds
Platform modules already initialized, skipping
Refreshing native plugins compatible for Editor in 0.27 ms, found 2 plugins.
Preloading 0 native plugins for Editor in 0.00 ms.
Unloading 1434 Unused Serialized files (Serialized files now loaded: 0)
System memory in use before: 70.5 MB.
System memory in use after: 70.6 MB.

Unloading 13 unused Assets to reduce memory usage. Loaded Objects now: 1989.
Total: 1.477300 ms (FindLiveObjects: 0.125900 ms CreateObjectMapping: 0.038700 ms MarkObjects: 1.299800 ms  DeleteObjects: 0.012200 ms)

========================================================================
Received Import Request.
  Time since last request: 40.031555 seconds.
  path: Assets/Scripts/GameOver.cs
  artifactKey: Guid(c3628ff668fc8c94c8f09ae874a6c179) Importer(815301076,1909f56bfc062723c751e8b465ee728b)
Start importing Assets/Scripts/GameOver.cs using Guid(c3628ff668fc8c94c8f09ae874a6c179) Importer(815301076,1909f56bfc062723c751e8b465ee728b)  -> (artifact id: '21d49a986e2e2cc6073dc967412bffc1') in 0.003758 seconds
  Import took 0.005490 seconds .

========================================================================
Received Import Request.
  Time since last request: 12.361302 seconds.
  path: Assets/Scenes/GameOver.unity
  artifactKey: Guid(4f368f537e38d9b40ad52cc5078e438e) Importer(815301076,1909f56bfc062723c751e8b465ee728b)
Start importing Assets/Scenes/GameOver.unity using Guid(4f368f537e38d9b40ad52cc5078e438e) Importer(815301076,1909f56bfc062723c751e8b465ee728b)  -> (artifact id: '04e208923ac8a59f03259d7ae67bc870') in 0.008666 seconds
  Import took 0.011005 seconds .

========================================================================
Received Prepare
Registering precompiled user dll's ...
Registered in 0.002342 seconds.
Begin MonoManager ReloadAssembly
Native extension for WindowsStandalone target not found
Native extension for WebGL target not found
Refreshing native plugins compatible for Editor in 0.28 ms, found 2 plugins.
Preloading 0 native plugins for Editor in 0.00 ms.
Mono: successfully reloaded assembly
- Completed reload, in  0.730 seconds
Platform modules already initialized, skipping
Refreshing native plugins compatible for Editor in 0.27 ms, found 2 plugins.
Preloading 0 native plugins for Editor in 0.00 ms.
Unloading 1434 Unused Serialized files (Serialized files now loaded: 0)
System memory in use before: 70.5 MB.
System memory in use after: 70.6 MB.

Unloading 13 unused Assets to reduce memory usage. Loaded Objects now: 1992.
Total: 1.471600 ms (FindLiveObjects: 0.126400 ms CreateObjectMapping: 0.039400 ms MarkObjects: 1.293500 ms  DeleteObjects: 0.011600 ms)

========================================================================
Received Prepare
Registering precompiled user dll's ...
Registered in 0.002261 seconds.
Begin MonoManager ReloadAssembly
Native extension for WindowsStandalone target not found
Native extension for WebGL target not found
Refreshing native plugins compatible for Editor in 0.28 ms, found 2 plugins.
Preloading 0 native plugins for Editor in 0.00 ms.
Mono: successfully reloaded assembly
- Completed reload, in  0.709 seconds
Platform modules already initialized, skipping
Refreshing native plugins compatible for Editor in 0.27 ms, found 2 plugins.
Preloading 0 native plugins for Editor in 0.00 ms.
Unloading 1434 Unused Serialized files (Serialized files now loaded: 0)
System memory in use before: 70.5 MB.
System memory in use after: 70.6 MB.

Unloading 13 unused Assets to reduce memory usage. Loaded Objects now: 1995.
Total: 1.464800 ms (FindLiveObjects: 0.127900 ms CreateObjectMapping: 0.037800 ms MarkObjects: 1.287600 ms  DeleteObjects: 0.010800 ms)

========================================================================
Received Import Request.
  Time since last request: 93.869946 seconds.
  path: Assets/Scripts/characterController.cs
  artifactKey: Guid(609db09ba3f8fa84b8a9ba62e0553481) Importer(815301076,1909f56bfc062723c751e8b465ee728b)
Start importing Assets/Scripts/characterController.cs using Guid(609db09ba3f8fa84b8a9ba62e0553481) Importer(815301076,1909f56bfc062723c751e8b465ee728b)  -> (artifact id: '8baa60e78bb8327f16950384e0f62baa') in 0.003740 seconds
  Import took 0.005699 seconds .

========================================================================
Received Import Request.
  Time since last request: 0.024023 seconds.
  path: Assets/Scripts/characterController.cs
  artifactKey: Guid(609db09ba3f8fa84b8a9ba62e0553481) Importer(815301076,1909f56bfc062723c751e8b465ee728b)
Start importing Assets/Scripts/characterController.cs using Guid(609db09ba3f8fa84b8a9ba62e0553481) Importer(815301076,1909f56bfc062723c751e8b465ee728b)  -> (artifact id: '8baa60e78bb8327f16950384e0f62baa') in 0.003485 seconds
  Import took 0.005607 seconds .

========================================================================
Received Prepare
Registering precompiled user dll's ...
Registered in 0.002267 seconds.
Begin MonoManager ReloadAssembly
Native extension for WindowsStandalone target not found
Native extension for WebGL target not found
Refreshing native plugins compatible for Editor in 0.28 ms, found 2 plugins.
Preloading 0 native plugins for Editor in 0.00 ms.
Mono: successfully reloaded assembly
- Completed reload, in  0.769 seconds
Platform modules already initialized, skipping
Refreshing native plugins compatible for Editor in 0.30 ms, found 2 plugins.
Preloading 0 native plugins for Editor in 0.00 ms.
Unloading 1434 Unused Serialized files (Serialized files now loaded: 0)
System memory in use before: 70.5 MB.
System memory in use after: 70.7 MB.

Unloading 13 unused Assets to reduce memory usage. Loaded Objects now: 1998.
Total: 1.479500 ms (FindLiveObjects: 0.154100 ms CreateObjectMapping: 0.039100 ms MarkObjects: 1.273700 ms  DeleteObjects: 0.011700 ms)

========================================================================
Received Prepare
Registering precompiled user dll's ...
Registered in 0.002421 seconds.
Begin MonoManager ReloadAssembly
Native extension for WindowsStandalone target not found
Native extension for WebGL target not found
Refreshing native plugins compatible for Editor in 0.28 ms, found 2 plugins.
Preloading 0 native plugins for Editor in 0.00 ms.
Mono: successfully reloaded assembly
- Completed reload, in  0.754 seconds
Platform modules already initialized, skipping
Refreshing native plugins compatible for Editor in 0.32 ms, found 2 plugins.
Preloading 0 native plugins for Editor in 0.00 ms.
Unloading 1434 Unused Serialized files (Serialized files now loaded: 0)
System memory in use before: 70.6 MB.
System memory in use after: 70.7 MB.

Unloading 13 unused Assets to reduce memory usage. Loaded Objects now: 2001.
Total: 1.777200 ms (FindLiveObjects: 0.131800 ms CreateObjectMapping: 0.038300 ms MarkObjects: 1.587100 ms  DeleteObjects: 0.018900 ms)

========================================================================
Received Import Request.
  Time since last request: 255.340429 seconds.
  path: Assets/Prefabs/atkSpeed.prefab
  artifactKey: Guid(a1897096b0d32c54d9d86bb1604a9a1c) Importer(815301076,1909f56bfc062723c751e8b465ee728b)
Start importing Assets/Prefabs/atkSpeed.prefab using Guid(a1897096b0d32c54d9d86bb1604a9a1c) Importer(815301076,1909f56bfc062723c751e8b465ee728b)  -> (artifact id: 'a724de19f722407572c2b7e6a1ef878f') in 0.052536 seconds
  Import took 0.055411 seconds .

========================================================================
Received Import Request.
  Time since last request: 0.000160 seconds.
  path: Assets/Prefabs/attackDamage.prefab
  artifactKey: Guid(bf4e04ce2b4b86940a8e9065301eca12) Importer(815301076,1909f56bfc062723c751e8b465ee728b)
Start importing Assets/Prefabs/attackDamage.prefab using Guid(bf4e04ce2b4b86940a8e9065301eca12) Importer(815301076,1909f56bfc062723c751e8b465ee728b)  -> (artifact id: 'f84d8327592af03858c1196afc8aa14a') in 0.013849 seconds
  Import took 0.016341 seconds .

========================================================================
Received Import Request.
  Time since last request: 0.000201 seconds.
  path: Assets/Prefabs/Life_0.prefab
  artifactKey: Guid(a353fa5ae38fe624f80e4a774aa1d217) Importer(815301076,1909f56bfc062723c751e8b465ee728b)
Start importing Assets/Prefabs/Life_0.prefab using Guid(a353fa5ae38fe624f80e4a774aa1d217) Importer(815301076,1909f56bfc062723c751e8b465ee728b)  -> (artifact id: '5ebaa977a6bb9aa1beff9b108278cc5d') in 0.020380 seconds
  Import took 0.023376 seconds .

========================================================================
Received Import Request.
  Time since last request: 0.000311 seconds.
  path: Assets/Prefabs/MovementBoost.prefab
  artifactKey: Guid(e192c0a9e2d76c641a0a93dc58072cef) Importer(815301076,1909f56bfc062723c751e8b465ee728b)
Start importing Assets/Prefabs/MovementBoost.prefab using Guid(e192c0a9e2d76c641a0a93dc58072cef) Importer(815301076,1909f56bfc062723c751e8b465ee728b)  -> (artifact id: '3d1d476741f41fcd4b7764d73f59a6e8') in 0.012682 seconds
  Import took 0.015230 seconds .

========================================================================
Received Import Request.
  Time since last request: 0.010382 seconds.
  path: Assets/Prefabs/MovementBoost.prefab
  artifactKey: Guid(e192c0a9e2d76c641a0a93dc58072cef) Importer(815301076,1909f56bfc062723c751e8b465ee728b)
Start importing Assets/Prefabs/MovementBoost.prefab using Guid(e192c0a9e2d76c641a0a93dc58072cef) Importer(815301076,1909f56bfc062723c751e8b465ee728b)  -> (artifact id: '3d1d476741f41fcd4b7764d73f59a6e8') in 0.007165 seconds
  Import took 0.009582 seconds .

========================================================================
Received Import Request.
  Time since last request: 6.969999 seconds.
  path: Assets/Audio/Video-Game-Positive-Sound-A2-8bit-www.fesliyanstudios.com.mp3
  artifactKey: Guid(08abf9f534d3f0044843c8462dbe2b2e) Importer(815301076,1909f56bfc062723c751e8b465ee728b)
Start importing Assets/Audio/Video-Game-Positive-Sound-A2-8bit-www.fesliyanstudios.com.mp3 using Guid(08abf9f534d3f0044843c8462dbe2b2e) Importer(815301076,1909f56bfc062723c751e8b465ee728b)  -> (artifact id: '29e8e2573de8f90c910b015f239141ec') in 0.041277 seconds
  Import took 0.043812 seconds .

========================================================================
Received Import Request.
  Time since last request: 9.543800 seconds.
  path: Assets/Prefabs/atkSpeed.prefab
  artifactKey: Guid(a1897096b0d32c54d9d86bb1604a9a1c) Importer(815301076,1909f56bfc062723c751e8b465ee728b)
Start importing Assets/Prefabs/atkSpeed.prefab using Guid(a1897096b0d32c54d9d86bb1604a9a1c) Importer(815301076,1909f56bfc062723c751e8b465ee728b)  -> (artifact id: '550c8a007ee16fcf203d1fbac3a81800') in 0.006931 seconds
  Import took 0.009222 seconds .

========================================================================
Received Import Request.
  Time since last request: 23.625167 seconds.
  path: Assets/Prefabs/attackDamage.prefab
  artifactKey: Guid(bf4e04ce2b4b86940a8e9065301eca12) Importer(815301076,1909f56bfc062723c751e8b465ee728b)
Start importing Assets/Prefabs/attackDamage.prefab using Guid(bf4e04ce2b4b86940a8e9065301eca12) Importer(815301076,1909f56bfc062723c751e8b465ee728b)  -> (artifact id: '36331a2b9aa87961ce5a47a655a5f79b') in 0.006081 seconds
  Import took 0.008324 seconds .

========================================================================
Received Import Request.
  Time since last request: 0.000140 seconds.
  path: Assets/Prefabs/Life_0.prefab
  artifactKey: Guid(a353fa5ae38fe624f80e4a774aa1d217) Importer(815301076,1909f56bfc062723c751e8b465ee728b)
Start importing Assets/Prefabs/Life_0.prefab using Guid(a353fa5ae38fe624f80e4a774aa1d217) Importer(815301076,1909f56bfc062723c751e8b465ee728b)  -> (artifact id: '2da52df679ac15a749059c301803e0c7') in 0.007479 seconds
  Import took 0.009669 seconds .

========================================================================
Received Import Request.
  Time since last request: 0.000131 seconds.
  path: Assets/Prefabs/MovementBoost.prefab
  artifactKey: Guid(e192c0a9e2d76c641a0a93dc58072cef) Importer(815301076,1909f56bfc062723c751e8b465ee728b)
Start importing Assets/Prefabs/MovementBoost.prefab using Guid(e192c0a9e2d76c641a0a93dc58072cef) Importer(815301076,1909f56bfc062723c751e8b465ee728b)  -> (artifact id: 'a43ff4424bf5d78fda1e18a7c71ca0ca') in 0.008884 seconds
  Import took 0.011535 seconds .

========================================================================
Received Prepare
Registering precompiled user dll's ...
Registered in 0.002395 seconds.
Begin MonoManager ReloadAssembly
Native extension for WindowsStandalone target not found
Native extension for WebGL target not found
Refreshing native plugins compatible for Editor in 0.28 ms, found 2 plugins.
Preloading 0 native plugins for Editor in 0.00 ms.
Mono: successfully reloaded assembly
- Completed reload, in  0.737 seconds
Platform modules already initialized, skipping
Refreshing native plugins compatible for Editor in 0.32 ms, found 2 plugins.
Preloading 0 native plugins for Editor in 0.00 ms.
Unloading 1434 Unused Serialized files (Serialized files now loaded: 0)
System memory in use before: 70.7 MB.
System memory in use after: 70.8 MB.

Unloading 13 unused Assets to reduce memory usage. Loaded Objects now: 2007.
Total: 1.446800 ms (FindLiveObjects: 0.130100 ms CreateObjectMapping: 0.040400 ms MarkObjects: 1.264700 ms  DeleteObjects: 0.010900 ms)

========================================================================
Received Import Request.
  Time since last request: 87.263332 seconds.
  path: Assets/Audio/180Speed_DunDunDunV6_From_FesliyanStudios.com.mp3
  artifactKey: Guid(c6ba368628405a34aaa2a22b35d8ce68) Importer(815301076,1909f56bfc062723c751e8b465ee728b)
Start importing Assets/Audio/180Speed_DunDunDunV6_From_FesliyanStudios.com.mp3 using Guid(c6ba368628405a34aaa2a22b35d8ce68) Importer(815301076,1909f56bfc062723c751e8b465ee728b)  -> (artifact id: '855aab3d394acef8057284edbdb66a9d') in 0.036934 seconds
  Import took 0.039048 seconds .

========================================================================
Received Prepare
Registering precompiled user dll's ...
Registered in 0.002318 seconds.
Begin MonoManager ReloadAssembly
Native extension for WindowsStandalone target not found
Native extension for WebGL target not found
Refreshing native plugins compatible for Editor in 0.28 ms, found 2 plugins.
Preloading 0 native plugins for Editor in 0.00 ms.
Mono: successfully reloaded assembly
- Completed reload, in  0.748 seconds
Platform modules already initialized, skipping
Refreshing native plugins compatible for Editor in 0.28 ms, found 2 plugins.
Preloading 0 native plugins for Editor in 0.00 ms.
Unloading 1434 Unused Serialized files (Serialized files now loaded: 0)
System memory in use before: 70.7 MB.
System memory in use after: 70.8 MB.

Unloading 13 unused Assets to reduce memory usage. Loaded Objects now: 2011.
Total: 1.550900 ms (FindLiveObjects: 0.129800 ms CreateObjectMapping: 0.040400 ms MarkObjects: 1.367500 ms  DeleteObjects: 0.012500 ms)

========================================================================
Received Prepare
Registering precompiled user dll's ...
Registered in 0.002271 seconds.
Begin MonoManager ReloadAssembly
Native extension for WindowsStandalone target not found
Native extension for WebGL target not found
Refreshing native plugins compatible for Editor in 0.34 ms, found 2 plugins.
Preloading 0 native plugins for Editor in 0.00 ms.
Mono: successfully reloaded assembly
- Completed reload, in  0.714 seconds
Platform modules already initialized, skipping
Refreshing native plugins compatible for Editor in 0.28 ms, found 2 plugins.
Preloading 0 native plugins for Editor in 0.00 ms.
Unloading 1434 Unused Serialized files (Serialized files now loaded: 0)
System memory in use before: 70.7 MB.
System memory in use after: 70.8 MB.

Unloading 13 unused Assets to reduce memory usage. Loaded Objects now: 2014.
Total: 1.423900 ms (FindLiveObjects: 0.126500 ms CreateObjectMapping: 0.036900 ms MarkObjects: 1.248300 ms  DeleteObjects: 0.011300 ms)

