Using pre-set license
Built from '2020.3/staging' branch; Version is '2020.3.11f1 (99c7afb366b3) revision 10078127'; Using compiler version '192528614'; Build Type 'Release'
OS: 'Windows 10 Home; OS build 22000.258; Version 2009; 64bit' Language: 'en' Physical Memory: 16299 MB
BatchMode: 1, IsHumanControllingUs: 0, StartBugReporterOnCrash: 0, Is64bit: 1, IsPro: 0

 COMMAND LINE ARGUMENTS:
C:\Program Files\Unity\Hub\Editor\2020.3.11f1\Editor\Unity.exe
-adb2
-batchMode
-noUpm
-name
AssetImportWorker0
-projectPath
C:/Users/faiza/GithubProjects/GAME_CW/Game
-logFile
Logs/AssetImportWorker0.log
-srvPort
57471
Successfully changed project path to: C:/Users/faiza/GithubProjects/GAME_CW/Game
C:/Users/faiza/GithubProjects/GAME_CW/Game
Using Asset Import Pipeline V2.
Refreshing native plugins compatible for Editor in 22.66 ms, found 2 plugins.
Preloading 0 native plugins for Editor in 0.00 ms.
Initialize engine version: 2020.3.11f1 (99c7afb366b3)
[Subsystems] Discovering subsystems at path C:/Program Files/Unity/Hub/Editor/2020.3.11f1/Editor/Data/Resources/UnitySubsystems
[Subsystems] Discovering subsystems at path C:/Users/faiza/GithubProjects/GAME_CW/Game/Assets
GfxDevice: creating device client; threaded=0
Direct3D:
    Version:  Direct3D 11.0 [level 11.1]
    Renderer: NVIDIA GeForce RTX 3070 (ID=0x2484)
    Vendor:   
    VRAM:     8043 MB
    Driver:   30.0.14.7212
Initialize mono
Mono path[0] = 'C:/Program Files/Unity/Hub/Editor/2020.3.11f1/Editor/Data/Managed'
Mono path[1] = 'C:/Program Files/Unity/Hub/Editor/2020.3.11f1/Editor/Data/MonoBleedingEdge/lib/mono/unityjit'
Mono config path = 'C:/Program Files/Unity/Hub/Editor/2020.3.11f1/Editor/Data/MonoBleedingEdge/etc'
Using monoOptions --debugger-agent=transport=dt_socket,embedding=1,server=y,suspend=n,address=127.0.0.1:56960
Begin MonoManager ReloadAssembly
Registering precompiled unity dll's ...
Register platform support module: C:/Program Files/Unity/Hub/Editor/2020.3.11f1/Editor/Data/PlaybackEngines/WebGLSupport/UnityEditor.WebGL.Extensions.dll
Register platform support module: C:/Program Files/Unity/Hub/Editor/2020.3.11f1/Editor/Data/PlaybackEngines/WindowsStandaloneSupport/UnityEditor.WindowsStandalone.Extensions.dll
Registered in 0.173864 seconds.
Native extension for WindowsStandalone target not found
Native extension for WebGL target not found
Refreshing native plugins compatible for Editor in 21.81 ms, found 2 plugins.
Preloading 0 native plugins for Editor in 0.00 ms.
Mono: successfully reloaded assembly
- Completed reload, in  3.163 seconds
Platform modules already initialized, skipping
Registering precompiled user dll's ...
Registered in 0.414623 seconds.
Begin MonoManager ReloadAssembly
Native extension for WindowsStandalone target not found
Native extension for WebGL target not found
Refreshing native plugins compatible for Editor in 0.32 ms, found 2 plugins.
Preloading 0 native plugins for Editor in 0.00 ms.
Mono: successfully reloaded assembly
- Completed reload, in  2.284 seconds
Platform modules already initialized, skipping
========================================================================
Worker process is ready to serve import requests
Launched and connected shader compiler UnityShaderCompiler.exe after 0.05 seconds
Refreshing native plugins compatible for Editor in 0.27 ms, found 2 plugins.
Preloading 0 native plugins for Editor in 0.00 ms.
Unloading 1405 Unused Serialized files (Serialized files now loaded: 0)
System memory in use before: 66.8 MB.
System memory in use after: 66.9 MB.

Unloading 18 unused Assets to reduce memory usage. Loaded Objects now: 1839.
Total: 1.380300 ms (FindLiveObjects: 0.120400 ms CreateObjectMapping: 0.037700 ms MarkObjects: 1.179100 ms  DeleteObjects: 0.042500 ms)

========================================================================
Received Import Request.
  path: Assets/Sprites/acid.PNG
  artifactKey: Guid(755fbebddf8a6764491a3cb4738a6ce1) Importer(815301076,1909f56bfc062723c751e8b465ee728b)
Start importing Assets/Sprites/acid.PNG using Guid(755fbebddf8a6764491a3cb4738a6ce1) Importer(815301076,1909f56bfc062723c751e8b465ee728b)  -> (artifact id: 'ae153edf1f1a860ad7553e92ad10aac8') in 0.070667 seconds
  Import took 0.077512 seconds .

========================================================================
Received Import Request.
  Time since last request: 688.503802 seconds.
  path: Assets/Sprites/Heart.png
  artifactKey: Guid(ca332d82b0d810d49ac1dedd55d1eef2) Importer(815301076,1909f56bfc062723c751e8b465ee728b)
Start importing Assets/Sprites/Heart.png using Guid(ca332d82b0d810d49ac1dedd55d1eef2) Importer(815301076,1909f56bfc062723c751e8b465ee728b)  -> (artifact id: '0442eb7c9fc364796ee3d0d6d3c97bb3') in 0.017105 seconds
  Import took 0.019780 seconds .

========================================================================
Received Import Request.
  Time since last request: 0.000130 seconds.
  path: Assets/Sprites/RandomBox.png
  artifactKey: Guid(205e06135e67a6143896fd06f09324ad) Importer(815301076,1909f56bfc062723c751e8b465ee728b)
Start importing Assets/Sprites/RandomBox.png using Guid(205e06135e67a6143896fd06f09324ad) Importer(815301076,1909f56bfc062723c751e8b465ee728b)  -> (artifact id: 'e531b0d9ebbba936f6841e771e92fd7d') in 0.012069 seconds
  Import took 0.014256 seconds .

========================================================================
Received Import Request.
  Time since last request: 0.000120 seconds.
  path: Assets/Sprites/Heart.png
  artifactKey: Guid(ca332d82b0d810d49ac1dedd55d1eef2) Importer(815301076,1909f56bfc062723c751e8b465ee728b)
Start importing Assets/Sprites/Heart.png using Guid(ca332d82b0d810d49ac1dedd55d1eef2) Importer(815301076,1909f56bfc062723c751e8b465ee728b)  -> (artifact id: '0442eb7c9fc364796ee3d0d6d3c97bb3') in 0.009289 seconds
  Import took 0.011041 seconds .

========================================================================
Received Import Request.
  Time since last request: 0.000123 seconds.
  path: Assets/Sprites/Spike.png
  artifactKey: Guid(e079113a0dfb1934da884363f3507019) Importer(815301076,1909f56bfc062723c751e8b465ee728b)
Start importing Assets/Sprites/Spike.png using Guid(e079113a0dfb1934da884363f3507019) Importer(815301076,1909f56bfc062723c751e8b465ee728b)  -> (artifact id: '828af1d8518d24a59e65dc55680035c5') in 0.011201 seconds
  Import took 0.013404 seconds .

========================================================================
Received Import Request.
  Time since last request: 0.000130 seconds.
  path: Assets/Sprites/Suriken.png
  artifactKey: Guid(78920094cfcf77b4ca0b49982b293994) Importer(815301076,1909f56bfc062723c751e8b465ee728b)
Start importing Assets/Sprites/Suriken.png using Guid(78920094cfcf77b4ca0b49982b293994) Importer(815301076,1909f56bfc062723c751e8b465ee728b)  -> (artifact id: 'ed40ce2cc10a027dae5f9471d7471f6c') in 0.013368 seconds
  Import took 0.015705 seconds .

========================================================================
Received Import Request.
  Time since last request: 0.000156 seconds.
  path: Assets/Sprites/Life.png
  artifactKey: Guid(8b15f7d8a519d81498ed58986ab84579) Importer(815301076,1909f56bfc062723c751e8b465ee728b)
Start importing Assets/Sprites/Life.png using Guid(8b15f7d8a519d81498ed58986ab84579) Importer(815301076,1909f56bfc062723c751e8b465ee728b)  -> (artifact id: '0e4534c71a1f91954383a9944ff6a74a') in 0.013513 seconds
  Import took 0.015468 seconds .

========================================================================
Received Import Request.
  Time since last request: 0.000140 seconds.
  path: Assets/Sprites/Spear.png
  artifactKey: Guid(2a33b13496f97544b9118f295aeb4d25) Importer(815301076,1909f56bfc062723c751e8b465ee728b)
Start importing Assets/Sprites/Spear.png using Guid(2a33b13496f97544b9118f295aeb4d25) Importer(815301076,1909f56bfc062723c751e8b465ee728b)  -> (artifact id: '50a930a0727119558516e9d81be30934') in 0.012646 seconds
  Import took 0.014709 seconds .

========================================================================
Received Import Request.
  Time since last request: 65.383089 seconds.
  path: Assets/Sprites/Spike.png
  artifactKey: Guid(e079113a0dfb1934da884363f3507019) Importer(815301076,1909f56bfc062723c751e8b465ee728b)
Start importing Assets/Sprites/Spike.png using Guid(e079113a0dfb1934da884363f3507019) Importer(815301076,1909f56bfc062723c751e8b465ee728b)  -> (artifact id: '42884f5a7fa1fbc71b35f14da5d03a66') in 0.009773 seconds
  Import took 0.012373 seconds .

========================================================================
Received Import Request.
  Time since last request: 0.014262 seconds.
  path: Assets/Sprites/Spike.png
  artifactKey: Guid(e079113a0dfb1934da884363f3507019) Importer(815301076,1909f56bfc062723c751e8b465ee728b)
Start importing Assets/Sprites/Spike.png using Guid(e079113a0dfb1934da884363f3507019) Importer(815301076,1909f56bfc062723c751e8b465ee728b)  -> (artifact id: '42884f5a7fa1fbc71b35f14da5d03a66') in 0.004299 seconds
  Import took 0.006125 seconds .

========================================================================
Received Prepare
Registering precompiled user dll's ...
Registered in 0.002248 seconds.
Begin MonoManager ReloadAssembly
Native extension for WindowsStandalone target not found
Native extension for WebGL target not found
Refreshing native plugins compatible for Editor in 0.27 ms, found 2 plugins.
Preloading 0 native plugins for Editor in 0.00 ms.
Mono: successfully reloaded assembly
- Completed reload, in  0.736 seconds
Platform modules already initialized, skipping
Refreshing native plugins compatible for Editor in 0.28 ms, found 2 plugins.
Preloading 0 native plugins for Editor in 0.00 ms.
Unloading 1420 Unused Serialized files (Serialized files now loaded: 0)
System memory in use before: 69.6 MB.
System memory in use after: 69.7 MB.

Unloading 13 unused Assets to reduce memory usage. Loaded Objects now: 1894.
Total: 1.441600 ms (FindLiveObjects: 0.140600 ms CreateObjectMapping: 0.046100 ms MarkObjects: 1.242900 ms  DeleteObjects: 0.011300 ms)

========================================================================
Received Prepare
Registering precompiled user dll's ...
Registered in 0.002122 seconds.
Begin MonoManager ReloadAssembly
Native extension for WindowsStandalone target not found
Native extension for WebGL target not found
Refreshing native plugins compatible for Editor in 0.27 ms, found 2 plugins.
Preloading 0 native plugins for Editor in 0.00 ms.
Mono: successfully reloaded assembly
- Completed reload, in  0.694 seconds
Platform modules already initialized, skipping
Refreshing native plugins compatible for Editor in 0.27 ms, found 2 plugins.
Preloading 0 native plugins for Editor in 0.00 ms.
Unloading 1420 Unused Serialized files (Serialized files now loaded: 0)
System memory in use before: 69.6 MB.
System memory in use after: 69.7 MB.

Unloading 13 unused Assets to reduce memory usage. Loaded Objects now: 1897.
Total: 1.347900 ms (FindLiveObjects: 0.119400 ms CreateObjectMapping: 0.038500 ms MarkObjects: 1.179100 ms  DeleteObjects: 0.010300 ms)

========================================================================
Received Import Request.
  Time since last request: 248.918984 seconds.
  path: Assets/Sprites/Spear.png
  artifactKey: Guid(2a33b13496f97544b9118f295aeb4d25) Importer(815301076,1909f56bfc062723c751e8b465ee728b)
Start importing Assets/Sprites/Spear.png using Guid(2a33b13496f97544b9118f295aeb4d25) Importer(815301076,1909f56bfc062723c751e8b465ee728b)  -> (artifact id: 'ed3152db065f931000a0222d6c8396b3') in 0.025658 seconds
  Import took 0.027460 seconds .

========================================================================
Received Import Request.
  Time since last request: 4.027207 seconds.
  path: Assets/Sprites/Spear.png
  artifactKey: Guid(2a33b13496f97544b9118f295aeb4d25) Importer(815301076,1909f56bfc062723c751e8b465ee728b)
Start importing Assets/Sprites/Spear.png using Guid(2a33b13496f97544b9118f295aeb4d25) Importer(815301076,1909f56bfc062723c751e8b465ee728b)  -> (artifact id: '221bda116adeb134d3addf866eaaba00') in 0.027425 seconds
  Import took 0.029333 seconds .

========================================================================
Received Import Request.
  Time since last request: 48.898116 seconds.
  path: Assets/Sprites/RandomBox.png
  artifactKey: Guid(205e06135e67a6143896fd06f09324ad) Importer(815301076,1909f56bfc062723c751e8b465ee728b)
Start importing Assets/Sprites/RandomBox.png using Guid(205e06135e67a6143896fd06f09324ad) Importer(815301076,1909f56bfc062723c751e8b465ee728b)  -> (artifact id: 'bb9c8a8432d51096f9ebe2d28e14376c') in 0.009550 seconds
  Import took 0.011713 seconds .

========================================================================
Received Import Request.
  Time since last request: 0.003712 seconds.
  path: Assets/Sprites/RandomBox.png
  artifactKey: Guid(205e06135e67a6143896fd06f09324ad) Importer(815301076,1909f56bfc062723c751e8b465ee728b)
Start importing Assets/Sprites/RandomBox.png using Guid(205e06135e67a6143896fd06f09324ad) Importer(815301076,1909f56bfc062723c751e8b465ee728b)  -> (artifact id: 'bb9c8a8432d51096f9ebe2d28e14376c') in 0.003928 seconds
  Import took 0.005905 seconds .

========================================================================
Received Import Request.
  Time since last request: 77.483559 seconds.
  path: Assets/Sprites/RandomBox.png
  artifactKey: Guid(205e06135e67a6143896fd06f09324ad) Importer(815301076,1909f56bfc062723c751e8b465ee728b)
Start importing Assets/Sprites/RandomBox.png using Guid(205e06135e67a6143896fd06f09324ad) Importer(815301076,1909f56bfc062723c751e8b465ee728b)  -> (artifact id: '208193b84ff52b162ab46696cd5fd244') in 0.028541 seconds
  Import took 0.031503 seconds .

========================================================================
Received Prepare
Registering precompiled user dll's ...
Registered in 0.002202 seconds.
Begin MonoManager ReloadAssembly
Native extension for WindowsStandalone target not found
Native extension for WebGL target not found
Refreshing native plugins compatible for Editor in 0.28 ms, found 2 plugins.
Preloading 0 native plugins for Editor in 0.00 ms.
Mono: successfully reloaded assembly
- Completed reload, in  0.690 seconds
Platform modules already initialized, skipping
Refreshing native plugins compatible for Editor in 0.27 ms, found 2 plugins.
Preloading 0 native plugins for Editor in 0.00 ms.
Unloading 1420 Unused Serialized files (Serialized files now loaded: 0)
System memory in use before: 69.6 MB.
System memory in use after: 69.7 MB.

Unloading 13 unused Assets to reduce memory usage. Loaded Objects now: 1917.
Total: 1.493400 ms (FindLiveObjects: 0.121700 ms CreateObjectMapping: 0.040300 ms MarkObjects: 1.319500 ms  DeleteObjects: 0.011200 ms)

========================================================================
Received Import Request.
  Time since last request: 235.560828 seconds.
  path: Assets/Sprites/Spike.png
  artifactKey: Guid(e079113a0dfb1934da884363f3507019) Importer(815301076,1909f56bfc062723c751e8b465ee728b)
Start importing Assets/Sprites/Spike.png using Guid(e079113a0dfb1934da884363f3507019) Importer(815301076,1909f56bfc062723c751e8b465ee728b)  -> (artifact id: 'c5d36bd8d8c3fdd50711f815f6906e0e') in 0.036695 seconds
  Import took 0.038925 seconds .

========================================================================
Received Import Request.
  Time since last request: 104.836928 seconds.
  path: Assets/Sprites/alien-flying-enemy/alien-enemy-flying.ase
  artifactKey: Guid(a13eeabe225a2984791b4d0107b8087c) Importer(815301076,1909f56bfc062723c751e8b465ee728b)
Start importing Assets/Sprites/alien-flying-enemy/alien-enemy-flying.ase using Guid(a13eeabe225a2984791b4d0107b8087c) Importer(815301076,1909f56bfc062723c751e8b465ee728b)  -> (artifact id: 'd283f1327298db73ee34745801c6ba90') in 0.010125 seconds
  Import took 0.012460 seconds .

========================================================================
Received Import Request.
  Time since last request: 13.403391 seconds.
  path: Assets/Sprites/alien-walking-enemy/alien-enemy-idle.png
  artifactKey: Guid(1538391c212369542a8400ac6892e352) Importer(815301076,1909f56bfc062723c751e8b465ee728b)
Start importing Assets/Sprites/alien-walking-enemy/alien-enemy-idle.png using Guid(1538391c212369542a8400ac6892e352) Importer(815301076,1909f56bfc062723c751e8b465ee728b)  -> (artifact id: 'ded3c53e65d525c34821485bc4c37c07') in 0.011163 seconds
  Import took 0.013454 seconds .

========================================================================
Received Import Request.
  Time since last request: 0.005714 seconds.
  path: Assets/Sprites/alien-walking-enemy/alien-enemy-idle.png
  artifactKey: Guid(1538391c212369542a8400ac6892e352) Importer(815301076,1909f56bfc062723c751e8b465ee728b)
Start importing Assets/Sprites/alien-walking-enemy/alien-enemy-idle.png using Guid(1538391c212369542a8400ac6892e352) Importer(815301076,1909f56bfc062723c751e8b465ee728b)  -> (artifact id: 'ded3c53e65d525c34821485bc4c37c07') in 0.004028 seconds
  Import took 0.005979 seconds .

========================================================================
Received Import Request.
  Time since last request: 6.900110 seconds.
  path: Assets/Sprites/alien-walking-enemy/alien-enemy-idle.png
  artifactKey: Guid(1538391c212369542a8400ac6892e352) Importer(815301076,1909f56bfc062723c751e8b465ee728b)
Start importing Assets/Sprites/alien-walking-enemy/alien-enemy-idle.png using Guid(1538391c212369542a8400ac6892e352) Importer(815301076,1909f56bfc062723c751e8b465ee728b)  -> (artifact id: 'ab3ed7608bc542bcc1fdfb241248bd7a') in 0.013198 seconds
  Import took 0.015152 seconds .

========================================================================
Received Import Request.
  Time since last request: 0.001082 seconds.
  path: Assets/Sprites/alien-walking-enemy/alien-enemy-idle.png
  artifactKey: Guid(1538391c212369542a8400ac6892e352) Importer(815301076,1909f56bfc062723c751e8b465ee728b)
Start importing Assets/Sprites/alien-walking-enemy/alien-enemy-idle.png using Guid(1538391c212369542a8400ac6892e352) Importer(815301076,1909f56bfc062723c751e8b465ee728b)  -> (artifact id: 'ab3ed7608bc542bcc1fdfb241248bd7a') in 0.012608 seconds
  Import took 0.014523 seconds .

========================================================================
Received Import Request.
  Time since last request: 8.541500 seconds.
  path: Assets/Sprites/alien-walking-enemy/alien-enemy-walk.png
  artifactKey: Guid(fbf2091a40c68cc4194587a44b101fd3) Importer(815301076,1909f56bfc062723c751e8b465ee728b)
Start importing Assets/Sprites/alien-walking-enemy/alien-enemy-walk.png using Guid(fbf2091a40c68cc4194587a44b101fd3) Importer(815301076,1909f56bfc062723c751e8b465ee728b)  -> (artifact id: '4ddd9bd2413f10d856d6fba6c8261e22') in 0.008583 seconds
  Import took 0.010509 seconds .

========================================================================
Received Import Request.
  Time since last request: 0.009851 seconds.
  path: Assets/Sprites/alien-walking-enemy/alien-enemy-walk.png
  artifactKey: Guid(fbf2091a40c68cc4194587a44b101fd3) Importer(815301076,1909f56bfc062723c751e8b465ee728b)
Start importing Assets/Sprites/alien-walking-enemy/alien-enemy-walk.png using Guid(fbf2091a40c68cc4194587a44b101fd3) Importer(815301076,1909f56bfc062723c751e8b465ee728b)  -> (artifact id: '4ddd9bd2413f10d856d6fba6c8261e22') in 0.003987 seconds
  Import took 0.005953 seconds .

========================================================================
Received Import Request.
  Time since last request: 6.120659 seconds.
  path: Assets/Sprites/alien-walking-enemy/alien-enemy-walk.png
  artifactKey: Guid(fbf2091a40c68cc4194587a44b101fd3) Importer(815301076,1909f56bfc062723c751e8b465ee728b)
Start importing Assets/Sprites/alien-walking-enemy/alien-enemy-walk.png using Guid(fbf2091a40c68cc4194587a44b101fd3) Importer(815301076,1909f56bfc062723c751e8b465ee728b)  -> (artifact id: 'bc8f738417bb626dc786f3bb6cd707b9') in 0.015622 seconds
  Import took 0.018381 seconds .

========================================================================
Received Import Request.
  Time since last request: 136.898979 seconds.
  path: Assets/Sprites/alien-walking-enemy
  artifactKey: Guid(941be5471c847ce44ac3d8adb2c30b90) Importer(815301076,1909f56bfc062723c751e8b465ee728b)
Start importing Assets/Sprites/alien-walking-enemy using Guid(941be5471c847ce44ac3d8adb2c30b90) Importer(815301076,1909f56bfc062723c751e8b465ee728b)  -> (artifact id: '04660d127e23eb83ec3c754021930af1') in 0.006318 seconds
  Import took 0.008271 seconds .

========================================================================
Received Prepare
Registering precompiled user dll's ...
Registered in 0.002185 seconds.
Begin MonoManager ReloadAssembly
Native extension for WindowsStandalone target not found
Native extension for WebGL target not found
Refreshing native plugins compatible for Editor in 0.28 ms, found 2 plugins.
Preloading 0 native plugins for Editor in 0.00 ms.
Mono: successfully reloaded assembly
- Completed reload, in  0.701 seconds
Platform modules already initialized, skipping
Refreshing native plugins compatible for Editor in 0.26 ms, found 2 plugins.
Preloading 0 native plugins for Editor in 0.00 ms.
Unloading 1421 Unused Serialized files (Serialized files now loaded: 0)
System memory in use before: 69.7 MB.
System memory in use after: 69.8 MB.

Unloading 13 unused Assets to reduce memory usage. Loaded Objects now: 1941.
Total: 1.431500 ms (FindLiveObjects: 0.125300 ms CreateObjectMapping: 0.039600 ms MarkObjects: 1.254500 ms  DeleteObjects: 0.011400 ms)

========================================================================
Received Import Request.
  Time since last request: 261.909166 seconds.
  path: Assets/Sprites/alien-walking-enemy/alien-enemy-idle_0.controller
  artifactKey: Guid(5776cb27a599bf34b86c1e1dbfdeec74) Importer(815301076,1909f56bfc062723c751e8b465ee728b)
Start importing Assets/Sprites/alien-walking-enemy/alien-enemy-idle_0.controller using Guid(5776cb27a599bf34b86c1e1dbfdeec74) Importer(815301076,1909f56bfc062723c751e8b465ee728b)  -> (artifact id: '6903d23c18e793af2590c41f6c9d3f22') in 0.014550 seconds
  Import took 0.016477 seconds .

========================================================================
Received Import Request.
  Time since last request: 2.332758 seconds.
  path: Assets/Sprites/alien-walking-enemy/killerAlienIdle.anim
  artifactKey: Guid(f83413fcc6f21cc49855e7bde89efcc3) Importer(815301076,1909f56bfc062723c751e8b465ee728b)
Start importing Assets/Sprites/alien-walking-enemy/killerAlienIdle.anim using Guid(f83413fcc6f21cc49855e7bde89efcc3) Importer(815301076,1909f56bfc062723c751e8b465ee728b)  -> (artifact id: '3adf5110afdfd5d1943b6dab6ad1bbb8') in 0.007332 seconds
  Import took 0.009746 seconds .

========================================================================
Received Import Request.
  Time since last request: 0.000543 seconds.
  path: Assets/Sprites/alien-walking-enemy/killerAlienIdle.anim
  artifactKey: Guid(f83413fcc6f21cc49855e7bde89efcc3) Importer(815301076,1909f56bfc062723c751e8b465ee728b)
Start importing Assets/Sprites/alien-walking-enemy/killerAlienIdle.anim using Guid(f83413fcc6f21cc49855e7bde89efcc3) Importer(815301076,1909f56bfc062723c751e8b465ee728b)  -> (artifact id: '3adf5110afdfd5d1943b6dab6ad1bbb8') in 0.002098 seconds
  Import took 0.003931 seconds .

========================================================================
Received Import Request.
  Time since last request: 44.858186 seconds.
  path: Assets/Sprites/alien-walking-enemy/alien-enemy-walk_0.controller
  artifactKey: Guid(5ba7a7edd135823429d602d4c8471a7b) Importer(815301076,1909f56bfc062723c751e8b465ee728b)
Start importing Assets/Sprites/alien-walking-enemy/alien-enemy-walk_0.controller using Guid(5ba7a7edd135823429d602d4c8471a7b) Importer(815301076,1909f56bfc062723c751e8b465ee728b)  -> (artifact id: '46992728f85954e9f5d2f399b93a4bd1') in 0.006331 seconds
  Import took 0.008537 seconds .

========================================================================
Received Import Request.
  Time since last request: 3.290918 seconds.
  path: Assets/Sprites/alien-walking-enemy/killerAlienCharge.anim
  artifactKey: Guid(476e16741403134438498df644f96c6b) Importer(815301076,1909f56bfc062723c751e8b465ee728b)
Start importing Assets/Sprites/alien-walking-enemy/killerAlienCharge.anim using Guid(476e16741403134438498df644f96c6b) Importer(815301076,1909f56bfc062723c751e8b465ee728b)  -> (artifact id: 'ebdfa1daef4fa2dc6d4aff1670c06037') in 0.006910 seconds
  Import took 0.008861 seconds .

========================================================================
Received Import Request.
  Time since last request: 0.000231 seconds.
  path: Assets/Sprites/alien-walking-enemy/killerAlienCharge.anim
  artifactKey: Guid(476e16741403134438498df644f96c6b) Importer(815301076,1909f56bfc062723c751e8b465ee728b)
Start importing Assets/Sprites/alien-walking-enemy/killerAlienCharge.anim using Guid(476e16741403134438498df644f96c6b) Importer(815301076,1909f56bfc062723c751e8b465ee728b)  -> (artifact id: 'ebdfa1daef4fa2dc6d4aff1670c06037') in 0.002368 seconds
  Import took 0.004094 seconds .

========================================================================
Received Import Request.
  Time since last request: 4.414916 seconds.
  path: Assets/Animation/alien-enemy-idle_0.controller
  artifactKey: Guid(5776cb27a599bf34b86c1e1dbfdeec74) Importer(815301076,1909f56bfc062723c751e8b465ee728b)
Start importing Assets/Animation/alien-enemy-idle_0.controller using Guid(5776cb27a599bf34b86c1e1dbfdeec74) Importer(815301076,1909f56bfc062723c751e8b465ee728b)  -> (artifact id: 'b3273936e7abbbd102165c9c59a504db') in 0.002507 seconds
  Import took 0.004441 seconds .

========================================================================
Received Import Request.
  Time since last request: 61.236714 seconds.
  path: Assets/Animation/killerAlienIdle.anim
  artifactKey: Guid(f83413fcc6f21cc49855e7bde89efcc3) Importer(815301076,1909f56bfc062723c751e8b465ee728b)
Start importing Assets/Animation/killerAlienIdle.anim using Guid(f83413fcc6f21cc49855e7bde89efcc3) Importer(815301076,1909f56bfc062723c751e8b465ee728b)  -> (artifact id: '778af0be063d8854641b7d23c7f1ffc9') in 0.002662 seconds
  Import took 0.005061 seconds .

========================================================================
Received Import Request.
  Time since last request: 0.010394 seconds.
  path: Assets/Animation/killerAlienIdle.anim
  artifactKey: Guid(f83413fcc6f21cc49855e7bde89efcc3) Importer(815301076,1909f56bfc062723c751e8b465ee728b)
Start importing Assets/Animation/killerAlienIdle.anim using Guid(f83413fcc6f21cc49855e7bde89efcc3) Importer(815301076,1909f56bfc062723c751e8b465ee728b)  -> (artifact id: '778af0be063d8854641b7d23c7f1ffc9') in 0.002232 seconds
  Import took 0.004118 seconds .

========================================================================
Received Import Request.
  Time since last request: 52.555498 seconds.
  path: Assets/Sprites/alien-walking-enemy/killerAlienIdle.anim
  artifactKey: Guid(30fba83087a4ef140a61e9efd20cdb93) Importer(815301076,1909f56bfc062723c751e8b465ee728b)
Start importing Assets/Sprites/alien-walking-enemy/killerAlienIdle.anim using Guid(30fba83087a4ef140a61e9efd20cdb93) Importer(815301076,1909f56bfc062723c751e8b465ee728b)  -> (artifact id: '97e2f13fde33be7c4a8ea6cae60a3167') in 0.002390 seconds
  Import took 0.004625 seconds .

========================================================================
Received Import Request.
  Time since last request: 0.009990 seconds.
  path: Assets/Sprites/alien-walking-enemy/killerAlienIdle.anim
  artifactKey: Guid(30fba83087a4ef140a61e9efd20cdb93) Importer(815301076,1909f56bfc062723c751e8b465ee728b)
Start importing Assets/Sprites/alien-walking-enemy/killerAlienIdle.anim using Guid(30fba83087a4ef140a61e9efd20cdb93) Importer(815301076,1909f56bfc062723c751e8b465ee728b)  -> (artifact id: '97e2f13fde33be7c4a8ea6cae60a3167') in 0.002165 seconds
  Import took 0.003967 seconds .

========================================================================
Received Import Request.
  Time since last request: 1.121180 seconds.
  path: Assets/Sprites/alien-walking-enemy/alien-enemy-idle_0.controller
  artifactKey: Guid(8f7854aa482667442a67d050795f2a51) Importer(815301076,1909f56bfc062723c751e8b465ee728b)
Start importing Assets/Sprites/alien-walking-enemy/alien-enemy-idle_0.controller using Guid(8f7854aa482667442a67d050795f2a51) Importer(815301076,1909f56bfc062723c751e8b465ee728b)  -> (artifact id: '941b167cc2977344805bda306d635e97') in 0.002275 seconds
  Import took 0.004567 seconds .

========================================================================
Received Import Request.
  Time since last request: 18.036423 seconds.
  path: Assets/Animation/alien-enemy-idle_0.controller
  artifactKey: Guid(8f7854aa482667442a67d050795f2a51) Importer(815301076,1909f56bfc062723c751e8b465ee728b)
Start importing Assets/Animation/alien-enemy-idle_0.controller using Guid(8f7854aa482667442a67d050795f2a51) Importer(815301076,1909f56bfc062723c751e8b465ee728b)  -> (artifact id: '15f175e64657462b030ab43e28d6db34') in 0.002504 seconds
  Import took 0.004884 seconds .

========================================================================
Received Import Request.
  Time since last request: 0.002403 seconds.
  path: Assets/Animation/alien-enemy-idle_0.controller
  artifactKey: Guid(8f7854aa482667442a67d050795f2a51) Importer(815301076,1909f56bfc062723c751e8b465ee728b)
Start importing Assets/Animation/alien-enemy-idle_0.controller using Guid(8f7854aa482667442a67d050795f2a51) Importer(815301076,1909f56bfc062723c751e8b465ee728b)  -> (artifact id: '15f175e64657462b030ab43e28d6db34') in 0.002461 seconds
  Import took 0.004412 seconds .

========================================================================
Received Import Request.
  Time since last request: 18.402771 seconds.
  path: Assets/Animation/killerAlienCharge.anim
  artifactKey: Guid(476e16741403134438498df644f96c6b) Importer(815301076,1909f56bfc062723c751e8b465ee728b)
Start importing Assets/Animation/killerAlienCharge.anim using Guid(476e16741403134438498df644f96c6b) Importer(815301076,1909f56bfc062723c751e8b465ee728b)  -> (artifact id: '7589756317084729036d33e4940e783e') in 0.002363 seconds
  Import took 0.004804 seconds .

========================================================================
Received Import Request.
  Time since last request: 0.003907 seconds.
  path: Assets/Animation/killerAlienCharge.anim
  artifactKey: Guid(476e16741403134438498df644f96c6b) Importer(815301076,1909f56bfc062723c751e8b465ee728b)
Start importing Assets/Animation/killerAlienCharge.anim using Guid(476e16741403134438498df644f96c6b) Importer(815301076,1909f56bfc062723c751e8b465ee728b)  -> (artifact id: '7589756317084729036d33e4940e783e') in 0.002229 seconds
  Import took 0.004094 seconds .

========================================================================
Received Import Request.
  Time since last request: 154.676648 seconds.
  path: ProjectSettings/TagManager.asset
  artifactKey: Guid(00000000000000003000000000000000) Importer(815301076,1909f56bfc062723c751e8b465ee728b)
Start importing ProjectSettings/TagManager.asset using Guid(00000000000000003000000000000000) Importer(815301076,1909f56bfc062723c751e8b465ee728b)  -> (artifact id: '5efa244b04b05669c66387295ba79758') in 0.008107 seconds
  Import took 0.010114 seconds .

========================================================================
Received Import Request.
  Time since last request: 0.003925 seconds.
  path: ProjectSettings/TagManager.asset
  artifactKey: Guid(00000000000000003000000000000000) Importer(815301076,1909f56bfc062723c751e8b465ee728b)
Start importing ProjectSettings/TagManager.asset using Guid(00000000000000003000000000000000) Importer(815301076,1909f56bfc062723c751e8b465ee728b)  -> (artifact id: '5efa244b04b05669c66387295ba79758') in 0.002246 seconds
  Import took 0.004125 seconds .

========================================================================
Received Import Request.
  Time since last request: 120.613264 seconds.
  path: Assets/Scripts/enemyDamage.cs
  artifactKey: Guid(39d46320687473f4e8563d72535cbaa3) Importer(815301076,1909f56bfc062723c751e8b465ee728b)
Start importing Assets/Scripts/enemyDamage.cs using Guid(39d46320687473f4e8563d72535cbaa3) Importer(815301076,1909f56bfc062723c751e8b465ee728b)  -> (artifact id: '876ea49e366f0fd1cd6c742c744fcc13') in 0.012703 seconds
  Import took 0.014728 seconds .

========================================================================
Received Import Request.
  Time since last request: 48.280541 seconds.
  path: Assets/Scripts/playerHealth.cs
  artifactKey: Guid(ebcc37588433a054984e58d82f2022af) Importer(815301076,1909f56bfc062723c751e8b465ee728b)
Start importing Assets/Scripts/playerHealth.cs using Guid(ebcc37588433a054984e58d82f2022af) Importer(815301076,1909f56bfc062723c751e8b465ee728b)  -> (artifact id: '16b89f85b5a90e8e3b2b5af2953a9a04') in 0.006086 seconds
  Import took 0.008093 seconds .

========================================================================
Received Import Request.
  Time since last request: 57.772603 seconds.
  path: Assets/Animation/Player.controller
  artifactKey: Guid(a5ced5472f154984c96fae22901b7cd1) Importer(815301076,1909f56bfc062723c751e8b465ee728b)
Start importing Assets/Animation/Player.controller using Guid(a5ced5472f154984c96fae22901b7cd1) Importer(815301076,1909f56bfc062723c751e8b465ee728b)  -> (artifact id: '0856672da89aa90a60bc599cfb813ac7') in 0.038594 seconds
  Import took 0.040953 seconds .

========================================================================
Received Import Request.
  Time since last request: 40.369431 seconds.
  path: Assets/Scripts/playerHealth.cs
  artifactKey: Guid(ebcc37588433a054984e58d82f2022af) Importer(815301076,1909f56bfc062723c751e8b465ee728b)
Start importing Assets/Scripts/playerHealth.cs using Guid(ebcc37588433a054984e58d82f2022af) Importer(815301076,1909f56bfc062723c751e8b465ee728b)  -> (artifact id: '6495268c8abe90c7d94c32bdf93aba68') in 0.001993 seconds
  Import took 0.003885 seconds .

========================================================================
Received Prepare
Registering precompiled user dll's ...
Registered in 0.002264 seconds.
Begin MonoManager ReloadAssembly
Native extension for WindowsStandalone target not found
Native extension for WebGL target not found
Refreshing native plugins compatible for Editor in 0.29 ms, found 2 plugins.
Preloading 0 native plugins for Editor in 0.00 ms.
Mono: successfully reloaded assembly
- Completed reload, in  0.702 seconds
Platform modules already initialized, skipping
Refreshing native plugins compatible for Editor in 0.27 ms, found 2 plugins.
Preloading 0 native plugins for Editor in 0.00 ms.
Unloading 1424 Unused Serialized files (Serialized files now loaded: 0)
System memory in use before: 69.9 MB.
System memory in use after: 70.0 MB.

Unloading 15 unused Assets to reduce memory usage. Loaded Objects now: 1947.
Total: 1.388700 ms (FindLiveObjects: 0.126100 ms CreateObjectMapping: 0.039200 ms MarkObjects: 1.211200 ms  DeleteObjects: 0.011400 ms)

========================================================================
Received Prepare
Registering precompiled user dll's ...
Registered in 0.002194 seconds.
Begin MonoManager ReloadAssembly
Native extension for WindowsStandalone target not found
Native extension for WebGL target not found
Refreshing native plugins compatible for Editor in 0.29 ms, found 2 plugins.
Preloading 0 native plugins for Editor in 0.00 ms.
Mono: successfully reloaded assembly
- Completed reload, in  0.714 seconds
Platform modules already initialized, skipping
Refreshing native plugins compatible for Editor in 0.27 ms, found 2 plugins.
Preloading 0 native plugins for Editor in 0.00 ms.
Unloading 1424 Unused Serialized files (Serialized files now loaded: 0)
System memory in use before: 69.9 MB.
System memory in use after: 70.0 MB.

Unloading 13 unused Assets to reduce memory usage. Loaded Objects now: 1950.
Total: 1.397700 ms (FindLiveObjects: 0.128100 ms CreateObjectMapping: 0.039000 ms MarkObjects: 1.216700 ms  DeleteObjects: 0.013200 ms)

========================================================================
Received Prepare
Registering precompiled user dll's ...
Registered in 0.002322 seconds.
Begin MonoManager ReloadAssembly
Native extension for WindowsStandalone target not found
Native extension for WebGL target not found
Refreshing native plugins compatible for Editor in 0.27 ms, found 2 plugins.
Preloading 0 native plugins for Editor in 0.00 ms.
Mono: successfully reloaded assembly
- Completed reload, in  0.713 seconds
Platform modules already initialized, skipping
Refreshing native plugins compatible for Editor in 0.27 ms, found 2 plugins.
Preloading 0 native plugins for Editor in 0.00 ms.
Unloading 1424 Unused Serialized files (Serialized files now loaded: 0)
System memory in use before: 69.9 MB.
System memory in use after: 70.0 MB.

Unloading 13 unused Assets to reduce memory usage. Loaded Objects now: 1953.
Total: 1.360800 ms (FindLiveObjects: 0.122900 ms CreateObjectMapping: 0.039400 ms MarkObjects: 1.187400 ms  DeleteObjects: 0.010400 ms)

========================================================================
Received Prepare
Registering precompiled user dll's ...
Registered in 0.002248 seconds.
Begin MonoManager ReloadAssembly
Native extension for WindowsStandalone target not found
Native extension for WebGL target not found
Refreshing native plugins compatible for Editor in 0.27 ms, found 2 plugins.
Preloading 0 native plugins for Editor in 0.00 ms.
Mono: successfully reloaded assembly
- Completed reload, in  0.686 seconds
Platform modules already initialized, skipping
Refreshing native plugins compatible for Editor in 0.27 ms, found 2 plugins.
Preloading 0 native plugins for Editor in 0.00 ms.
Unloading 1424 Unused Serialized files (Serialized files now loaded: 0)
System memory in use before: 69.9 MB.
System memory in use after: 70.0 MB.

Unloading 13 unused Assets to reduce memory usage. Loaded Objects now: 1956.
Total: 1.354300 ms (FindLiveObjects: 0.121700 ms CreateObjectMapping: 0.038600 ms MarkObjects: 1.182400 ms  DeleteObjects: 0.011000 ms)

========================================================================
Received Prepare
Registering precompiled user dll's ...
Registered in 0.002224 seconds.
Begin MonoManager ReloadAssembly
Native extension for WindowsStandalone target not found
Native extension for WebGL target not found
Refreshing native plugins compatible for Editor in 0.27 ms, found 2 plugins.
Preloading 0 native plugins for Editor in 0.00 ms.
Mono: successfully reloaded assembly
- Completed reload, in  0.692 seconds
Platform modules already initialized, skipping
Refreshing native plugins compatible for Editor in 0.26 ms, found 2 plugins.
Preloading 0 native plugins for Editor in 0.00 ms.
Unloading 1424 Unused Serialized files (Serialized files now loaded: 0)
System memory in use before: 69.9 MB.
System memory in use after: 70.0 MB.

Unloading 13 unused Assets to reduce memory usage. Loaded Objects now: 1959.
Total: 1.369500 ms (FindLiveObjects: 0.123600 ms CreateObjectMapping: 0.038800 ms MarkObjects: 1.193700 ms  DeleteObjects: 0.012600 ms)

========================================================================
Received Import Request.
  Time since last request: 361.360869 seconds.
  path: Assets/Scripts/enemyMovementController.cs
  artifactKey: Guid(c282930ade301154a92d7c61552ef584) Importer(815301076,1909f56bfc062723c751e8b465ee728b)
Start importing Assets/Scripts/enemyMovementController.cs using Guid(c282930ade301154a92d7c61552ef584) Importer(815301076,1909f56bfc062723c751e8b465ee728b)  -> (artifact id: 'e5e1762e512c817fbdfcda60fbf7b3a1') in 0.007836 seconds
  Import took 0.009840 seconds .

========================================================================
Received Import Request.
  Time since last request: 0.003363 seconds.
  path: Assets/Scripts/enemyMovementController.cs
  artifactKey: Guid(c282930ade301154a92d7c61552ef584) Importer(815301076,1909f56bfc062723c751e8b465ee728b)
Start importing Assets/Scripts/enemyMovementController.cs using Guid(c282930ade301154a92d7c61552ef584) Importer(815301076,1909f56bfc062723c751e8b465ee728b)  -> (artifact id: 'e5e1762e512c817fbdfcda60fbf7b3a1') in 0.001959 seconds
  Import took 0.003940 seconds .

========================================================================
Received Prepare
Registering precompiled user dll's ...
Registered in 0.002349 seconds.
Begin MonoManager ReloadAssembly
Native extension for WindowsStandalone target not found
Native extension for WebGL target not found
Refreshing native plugins compatible for Editor in 0.28 ms, found 2 plugins.
Preloading 0 native plugins for Editor in 0.00 ms.
Mono: successfully reloaded assembly
- Completed reload, in  0.689 seconds
Platform modules already initialized, skipping
Refreshing native plugins compatible for Editor in 0.26 ms, found 2 plugins.
Preloading 0 native plugins for Editor in 0.00 ms.
Unloading 1424 Unused Serialized files (Serialized files now loaded: 0)
System memory in use before: 69.9 MB.
System memory in use after: 70.0 MB.

Unloading 13 unused Assets to reduce memory usage. Loaded Objects now: 1962.
Total: 1.389100 ms (FindLiveObjects: 0.127800 ms CreateObjectMapping: 0.038300 ms MarkObjects: 1.210900 ms  DeleteObjects: 0.011200 ms)

========================================================================
Received Prepare
Registering precompiled user dll's ...
Registered in 0.002131 seconds.
Begin MonoManager ReloadAssembly
Native extension for WindowsStandalone target not found
Native extension for WebGL target not found
Refreshing native plugins compatible for Editor in 0.27 ms, found 2 plugins.
Preloading 0 native plugins for Editor in 0.00 ms.
Mono: successfully reloaded assembly
- Completed reload, in  0.710 seconds
Platform modules already initialized, skipping
Refreshing native plugins compatible for Editor in 0.29 ms, found 2 plugins.
Preloading 0 native plugins for Editor in 0.00 ms.
Unloading 1425 Unused Serialized files (Serialized files now loaded: 0)
System memory in use before: 70.0 MB.
System memory in use after: 70.1 MB.

Unloading 13 unused Assets to reduce memory usage. Loaded Objects now: 1966.
Total: 1.476200 ms (FindLiveObjects: 0.142800 ms CreateObjectMapping: 0.052000 ms MarkObjects: 1.267500 ms  DeleteObjects: 0.013200 ms)

========================================================================
Received Prepare
Registering precompiled user dll's ...
Registered in 0.002312 seconds.
Begin MonoManager ReloadAssembly
Native extension for WindowsStandalone target not found
Native extension for WebGL target not found
Refreshing native plugins compatible for Editor in 0.27 ms, found 2 plugins.
Preloading 0 native plugins for Editor in 0.00 ms.
Mono: successfully reloaded assembly
- Completed reload, in  0.700 seconds
Platform modules already initialized, skipping
Refreshing native plugins compatible for Editor in 0.30 ms, found 2 plugins.
Preloading 0 native plugins for Editor in 0.00 ms.
Unloading 1425 Unused Serialized files (Serialized files now loaded: 0)
System memory in use before: 70.0 MB.
System memory in use after: 70.1 MB.

Unloading 13 unused Assets to reduce memory usage. Loaded Objects now: 1969.
Total: 1.539100 ms (FindLiveObjects: 0.144100 ms CreateObjectMapping: 0.049600 ms MarkObjects: 1.330200 ms  DeleteObjects: 0.014300 ms)

========================================================================
Received Import Request.
  Time since last request: 405.612884 seconds.
  path: Assets
  artifactKey: Guid(00000000000000001000000000000000) Importer(815301076,1909f56bfc062723c751e8b465ee728b)
Start importing Assets using Guid(00000000000000001000000000000000) Importer(815301076,1909f56bfc062723c751e8b465ee728b)  -> (artifact id: '42d402b061de3733987d63b9cc3b64de') in 0.008067 seconds
  Import took 0.010154 seconds .

========================================================================
Received Import Request.
  Time since last request: 7.743485 seconds.
  path: Assets/Materials
  artifactKey: Guid(b38848909138862438e570a5f1325f35) Importer(815301076,1909f56bfc062723c751e8b465ee728b)
Start importing Assets/Materials using Guid(b38848909138862438e570a5f1325f35) Importer(815301076,1909f56bfc062723c751e8b465ee728b)  -> (artifact id: 'c7de170d7e61057acad4b2ac51111326') in 0.006070 seconds
  Import took 0.007951 seconds .

========================================================================
Received Import Request.
  Time since last request: 8.762720 seconds.
  path: Assets/Materials/New Material.mat
  artifactKey: Guid(ad903b00c6762ff4ba4d6cb903f50f43) Importer(815301076,1909f56bfc062723c751e8b465ee728b)
Start importing Assets/Materials/New Material.mat using Guid(ad903b00c6762ff4ba4d6cb903f50f43) Importer(815301076,1909f56bfc062723c751e8b465ee728b)  -> (artifact id: '6a6038c0a601bd53711d4ded8fc0017e') in 0.064496 seconds
  Import took 0.066471 seconds .

========================================================================
Received Import Request.
  Time since last request: 15.923660 seconds.
  path: Assets/TextMesh Pro/Sprites/EmojiOne.png
  artifactKey: Guid(dffef66376be4fa480fb02b19edbe903) Importer(815301076,1909f56bfc062723c751e8b465ee728b)
Start importing Assets/TextMesh Pro/Sprites/EmojiOne.png using Guid(dffef66376be4fa480fb02b19edbe903) Importer(815301076,1909f56bfc062723c751e8b465ee728b)  -> (artifact id: 'd78a27303d38c5bc73b55289faa0930d') in 0.022102 seconds
  Import took 0.025077 seconds .

========================================================================
Received Import Request.
  Time since last request: 0.000583 seconds.
  path: Assets/TextMesh Pro/Sprites/EmojiOne.png
  artifactKey: Guid(dffef66376be4fa480fb02b19edbe903) Importer(815301076,1909f56bfc062723c751e8b465ee728b)
Start importing Assets/TextMesh Pro/Sprites/EmojiOne.png using Guid(dffef66376be4fa480fb02b19edbe903) Importer(815301076,1909f56bfc062723c751e8b465ee728b)  -> (artifact id: 'd78a27303d38c5bc73b55289faa0930d') in 0.008639 seconds
  Import took 0.010618 seconds .

========================================================================
Received Import Request.
  Time since last request: 1.077583 seconds.
  path: Assets/Sprites/Explosion/spritesheet/explosion-animation.png
  artifactKey: Guid(d75d3280bff13ec4f887aae1232d95ca) Importer(815301076,1909f56bfc062723c751e8b465ee728b)
Start importing Assets/Sprites/Explosion/spritesheet/explosion-animation.png using Guid(d75d3280bff13ec4f887aae1232d95ca) Importer(815301076,1909f56bfc062723c751e8b465ee728b)  -> (artifact id: '928d0aa779e9bf85346908adc2b208ce') in 0.023177 seconds
  Import took 0.026099 seconds .

========================================================================
Received Import Request.
  Time since last request: 0.000109 seconds.
  path: Assets/Sprites/Explosion/PSD/explosion-animation.psd
  artifactKey: Guid(0eb56f2e77019b24397ade18bbe6f28d) Importer(815301076,1909f56bfc062723c751e8b465ee728b)
Start importing Assets/Sprites/Explosion/PSD/explosion-animation.psd using Guid(0eb56f2e77019b24397ade18bbe6f28d) Importer(815301076,1909f56bfc062723c751e8b465ee728b)  -> (artifact id: '13ebcee7c3d3190a76256bed49a6d3f7') in 0.016324 seconds
  Import took 0.018491 seconds .

========================================================================
Received Import Request.
  Time since last request: 0.000141 seconds.
  path: Assets/Sprites/Explosion/sprites/explosion-animation1.png
  artifactKey: Guid(f316ffc54562a334f9c3ffefbbdf3651) Importer(815301076,1909f56bfc062723c751e8b465ee728b)
Start importing Assets/Sprites/Explosion/sprites/explosion-animation1.png using Guid(f316ffc54562a334f9c3ffefbbdf3651) Importer(815301076,1909f56bfc062723c751e8b465ee728b)  -> (artifact id: 'e88dc86fdc8eafc05d307c46ca96ea8a') in 0.015553 seconds
  Import took 0.017724 seconds .

========================================================================
Received Import Request.
  Time since last request: 0.000120 seconds.
  path: Assets/Sprites/Explosion/sprites/explosion-animation2.png
  artifactKey: Guid(64140ea766392e7489beca5d96f1e16b) Importer(815301076,1909f56bfc062723c751e8b465ee728b)
Start importing Assets/Sprites/Explosion/sprites/explosion-animation2.png using Guid(64140ea766392e7489beca5d96f1e16b) Importer(815301076,1909f56bfc062723c751e8b465ee728b)  -> (artifact id: '7661c831d1afa1bcd64d5a1f28c4330c') in 0.016300 seconds
  Import took 0.018171 seconds .

========================================================================
Received Import Request.
  Time since last request: 0.000122 seconds.
  path: Assets/Sprites/Explosion/sprites/explosion-animation3.png
  artifactKey: Guid(b0a5a00944ac18c4199a47566ff00d8e) Importer(815301076,1909f56bfc062723c751e8b465ee728b)
Start importing Assets/Sprites/Explosion/sprites/explosion-animation3.png using Guid(b0a5a00944ac18c4199a47566ff00d8e) Importer(815301076,1909f56bfc062723c751e8b465ee728b)  -> (artifact id: '7aa1642e91b3ace2a0255390e031c980') in 0.015846 seconds
  Import took 0.017696 seconds .

========================================================================
Received Import Request.
  Time since last request: 0.000124 seconds.
  path: Assets/Sprites/Explosion/sprites/explosion-animation4.png
  artifactKey: Guid(2541a56e06badcf4dbf7dc04c7f0d256) Importer(815301076,1909f56bfc062723c751e8b465ee728b)
Start importing Assets/Sprites/Explosion/sprites/explosion-animation4.png using Guid(2541a56e06badcf4dbf7dc04c7f0d256) Importer(815301076,1909f56bfc062723c751e8b465ee728b)  -> (artifact id: 'a4d452acc0d625fc5c403340837e9044') in 0.017027 seconds
  Import took 0.018794 seconds .

========================================================================
Received Import Request.
  Time since last request: 0.244235 seconds.
  path: Assets/Sprites/Explosion/sprites/explosion-animation5.png
  artifactKey: Guid(3359fb8a6e0e51d4a900e6902b0e8f9f) Importer(815301076,1909f56bfc062723c751e8b465ee728b)
Start importing Assets/Sprites/Explosion/sprites/explosion-animation5.png using Guid(3359fb8a6e0e51d4a900e6902b0e8f9f) Importer(815301076,1909f56bfc062723c751e8b465ee728b)  -> (artifact id: '3500f1a3fb7e293fa41f2e694a794f0b') in 0.016152 seconds
  Import took 0.018241 seconds .

========================================================================
Received Import Request.
  Time since last request: 0.000115 seconds.
  path: Assets/Sprites/Explosion/sprites/explosion-animation8.png
  artifactKey: Guid(17d1741befc44c64e8200977b48cc0a9) Importer(815301076,1909f56bfc062723c751e8b465ee728b)
Start importing Assets/Sprites/Explosion/sprites/explosion-animation8.png using Guid(17d1741befc44c64e8200977b48cc0a9) Importer(815301076,1909f56bfc062723c751e8b465ee728b)  -> (artifact id: '2174b17d4de5ee283714688961d23a52') in 0.016510 seconds
  Import took 0.018263 seconds .

========================================================================
Received Import Request.
  Time since last request: 0.000113 seconds.
  path: Assets/Sprites/Explosion/sprites/explosion-animation9.png
  artifactKey: Guid(14f9ba81957dc0f49b138c4c0de10a9a) Importer(815301076,1909f56bfc062723c751e8b465ee728b)
Start importing Assets/Sprites/Explosion/sprites/explosion-animation9.png using Guid(14f9ba81957dc0f49b138c4c0de10a9a) Importer(815301076,1909f56bfc062723c751e8b465ee728b)  -> (artifact id: 'e9f7ec6562dd7bdcde08b67ed3c99ff8') in 0.015990 seconds
  Import took 0.018131 seconds .

========================================================================
Received Import Request.
  Time since last request: 0.000116 seconds.
  path: Assets/Sprites/Explosion/sprites/explosion-animation6.png
  artifactKey: Guid(0465fc05732fc3e49a6f078932163b45) Importer(815301076,1909f56bfc062723c751e8b465ee728b)
Start importing Assets/Sprites/Explosion/sprites/explosion-animation6.png using Guid(0465fc05732fc3e49a6f078932163b45) Importer(815301076,1909f56bfc062723c751e8b465ee728b)  -> (artifact id: '9f5c01493f2e77910d50c4c3d5559815') in 0.015534 seconds
  Import took 0.017707 seconds .

========================================================================
Received Import Request.
  Time since last request: 0.000129 seconds.
  path: Assets/TextMesh Pro/Fonts/LiberationSans.ttf
  artifactKey: Guid(e3265ab4bf004d28a9537516768c1c75) Importer(815301076,1909f56bfc062723c751e8b465ee728b)
Start importing Assets/TextMesh Pro/Fonts/LiberationSans.ttf using Guid(e3265ab4bf004d28a9537516768c1c75) Importer(815301076,1909f56bfc062723c751e8b465ee728b)  -> (artifact id: 'bdddd331c3f1b7826858a8d92db67e39') in 0.029110 seconds
  Import took 0.031054 seconds .

========================================================================
Received Import Request.
  Time since last request: 0.000124 seconds.
  path: Assets/Sprites/Explosion/sprites/explosion-animation7.png
  artifactKey: Guid(5bb6966b5a30bc64988b0cf2b0bdc32a) Importer(815301076,1909f56bfc062723c751e8b465ee728b)
Start importing Assets/Sprites/Explosion/sprites/explosion-animation7.png using Guid(5bb6966b5a30bc64988b0cf2b0bdc32a) Importer(815301076,1909f56bfc062723c751e8b465ee728b)  -> (artifact id: '0d43df9982a17b26c701533f32211c2b') in 0.022297 seconds
  Import took 0.024186 seconds .

========================================================================
Received Import Request.
  Time since last request: 5.454869 seconds.
  path: Assets/TextMesh Pro/Resources/Fonts & Materials/LiberationSans SDF.asset
  artifactKey: Guid(8f586378b4e144a9851e7b34d9b748ee) Importer(815301076,1909f56bfc062723c751e8b465ee728b)
Start importing Assets/TextMesh Pro/Resources/Fonts & Materials/LiberationSans SDF.asset using Guid(8f586378b4e144a9851e7b34d9b748ee) Importer(815301076,1909f56bfc062723c751e8b465ee728b)  -> (artifact id: 'f1280cc7be10b532b2897fc8654f95d3') in 0.052576 seconds
  Import took 0.054844 seconds .

========================================================================
Received Import Request.
  Time since last request: 0.000127 seconds.
  path: Assets/TextMesh Pro/Resources/Fonts & Materials/LiberationSans SDF - Fallback.asset
  artifactKey: Guid(2e498d1c8094910479dc3e1b768306a4) Importer(815301076,1909f56bfc062723c751e8b465ee728b)
Start importing Assets/TextMesh Pro/Resources/Fonts & Materials/LiberationSans SDF - Fallback.asset using Guid(2e498d1c8094910479dc3e1b768306a4) Importer(815301076,1909f56bfc062723c751e8b465ee728b)  -> (artifact id: 'f140038be4a1514aadd3e000f3770fbf') in 0.018851 seconds
  Import took 0.020790 seconds .

========================================================================
Received Import Request.
  Time since last request: 43.524532 seconds.
  path: Assets/Prefabs/energyBall.prefab
  artifactKey: Guid(d1aa0d28bb5b9ad409612056b2cd0ba0) Importer(815301076,1909f56bfc062723c751e8b465ee728b)
Start importing Assets/Prefabs/energyBall.prefab using Guid(d1aa0d28bb5b9ad409612056b2cd0ba0) Importer(815301076,1909f56bfc062723c751e8b465ee728b)  -> (artifact id: 'fc13f48e9408082d02a525eb43a382cc') in 0.020300 seconds
  Import took 0.022558 seconds .

========================================================================
Received Import Request.
  Time since last request: 278.428124 seconds.
  path: Assets/Materials/New Material.mat
  artifactKey: Guid(ad903b00c6762ff4ba4d6cb903f50f43) Importer(815301076,1909f56bfc062723c751e8b465ee728b)
Start importing Assets/Materials/New Material.mat using Guid(ad903b00c6762ff4ba4d6cb903f50f43) Importer(815301076,1909f56bfc062723c751e8b465ee728b)  -> (artifact id: 'c793fe5e2a955a029e6c6fb2c6037b48') in 0.016928 seconds
  Import took 0.019808 seconds .

AssetImportWorkerClient::OnTransportError - code=2 error=End of file
